Graph File: dataset/Reddit.mtx
Complete loading graphs !!
==PROF== Connected to process 257 (/MGG/build/unified_memory)
==PROF== Profiling "SAG_cuda_kernel_host_unified": 0%....50%....100% - 11 passes
Overall Graph, num_nodes: 232965, part_size, 4000, num_parts, 235356
grid: 7367, block: 128, shared_memory (KB): 73.632
Time (ms): 6996.85
===================================
grid: 7355, block: 128, shared_memory (KB): 73.632
Time (ms): 451.67
===================================
grid: 7362, block: 128, shared_memory (KB): 73.632
Time (ms): 448.46
===================================
grid: 7348, block: 128, shared_memory (KB): 73.632
Time (ms): 439.23
===================================
grid: 7345, block: 128, shared_memory (KB): 73.632
Time (ms): 453.62
===================================
grid: 7347, block: 128, shared_memory (KB): 73.632
Time (ms): 435.15
===================================
grid: 7359, block: 128, shared_memory (KB): 73.632
Time (ms): 436.73
===================================
grid: 7358, block: 128, shared_memory (KB): 73.632
Time (ms): 442.51
===================================
==PROF== Disconnected from process 257
[257] unified_memory@127.0.0.1
  void SAG_cuda_kernel_host_unified<int, float, int>(float*, float const*, int const*, int const*, int const*, int, int, int, int, int, int, int), 2021-Jun-28 02:27:58, Context 1, Stream 7
    Section: GPU Speed Of Light
    ---------------------------------------------------------------------- --------------- ------------------------------
    DRAM Frequency                                                           cycle/nsecond                           1.21
    SM Frequency                                                             cycle/nsecond                           1.09
    Elapsed Cycles                                                                   cycle                      500438657
    Memory [%]                                                                           %                           4.40
    SOL DRAM                                                                             %                           4.40
    Duration                                                                       msecond                         454.24
    SOL L1/TEX Cache                                                                     %                           1.82
    SOL L2 Cache                                                                         %                           4.46
    SM Active Cycles                                                                 cycle                   476454215.70
    SM [%]                                                                               %                           1.86
    ---------------------------------------------------------------------- --------------- ------------------------------
    WRN   This kernel exhibits low compute throughput and memory bandwidth utilization relative to the peak performance 
          of this device. Achieved compute throughput and/or memory bandwidth below 60.0% of peak typically indicate    
          latency issues. Look at Scheduler Statistics and Warp State Statistics for potential reasons.                 

    Section: Launch Statistics
    ---------------------------------------------------------------------- --------------- ------------------------------
    Block Size                                                                                                        128
    Function Cache Configuration                                                                  cudaFuncCachePreferNone
    Grid Size                                                                                                        7367
    Registers Per Thread                                                   register/thread                             24
    Shared Memory Configuration Size                                                 Kbyte                         167.94
    Driver Shared Memory Per Block                                             Kbyte/block                           1.02
    Dynamic Shared Memory Per Block                                            Kbyte/block                          73.63
    Static Shared Memory Per Block                                              byte/block                              0
    Threads                                                                         thread                         942976
    Waves Per SM                                                                                                    34.11
    ---------------------------------------------------------------------- --------------- ------------------------------

    Section: Occupancy
    ---------------------------------------------------------------------- --------------- ------------------------------
    Block Limit SM                                                                   block                             32
    Block Limit Registers                                                            block                             21
    Block Limit Shared Mem                                                           block                              2
    Block Limit Warps                                                                block                             16
    Theoretical Active Warps per SM                                                   warp                              8
    Theoretical Occupancy                                                                %                          12.50
    Achieved Occupancy                                                                   %                           5.29
    Achieved Active Warps Per SM                                                      warp                           3.39
    ---------------------------------------------------------------------- --------------- ------------------------------
    WRN   This kernel's theoretical occupancy is limited by the required amount of shared memory.                       

Graph File: dataset/enwiki-2013.mtx
Complete loading graphs !!
==PROF== Connected to process 284 (/MGG/build/unified_memory)
==PROF== Profiling "SAG_cuda_kernel_host_unified": 0%....50%....100% - 11 passes
Overall Graph, num_nodes: 4203323, part_size, 4000, num_parts, 4207174
grid: 131551, block: 128, shared_memory (KB): 65.600
Time (ms): 3702.66
===================================
grid: 131464, block: 128, shared_memory (KB): 65.600
Time (ms): 226.88
===================================
grid: 131446, block: 128, shared_memory (KB): 65.600
Time (ms): 227.10
===================================
grid: 131475, block: 128, shared_memory (KB): 65.600
Time (ms): 235.87
===================================
grid: 131428, block: 128, shared_memory (KB): 65.600
Time (ms): 235.64
===================================
grid: 131503, block: 128, shared_memory (KB): 65.600
Time (ms): 250.41
===================================
grid: 131460, block: 128, shared_memory (KB): 65.600
Time (ms): 220.67
===================================
grid: 131469, block: 128, shared_memory (KB): 65.600
Time (ms): 211.60
===================================
==PROF== Disconnected from process 284
[284] unified_memory@127.0.0.1
  void SAG_cuda_kernel_host_unified<int, float, int>(float*, float const*, int const*, int const*, int const*, int, int, int, int, int, int, int), 2021-Jun-28 02:29:26, Context 1, Stream 7
    Section: GPU Speed Of Light
    ---------------------------------------------------------------------- --------------- ------------------------------
    DRAM Frequency                                                           cycle/nsecond                           1.22
    SM Frequency                                                             cycle/nsecond                           1.10
    Elapsed Cycles                                                                   cycle                      144925299
    Memory [%]                                                                           %                           3.11
    SOL DRAM                                                                             %                           2.73
    Duration                                                                       msecond                         131.36
    SOL L1/TEX Cache                                                                     %                           3.26
    SOL L2 Cache                                                                         %                           3.22
    SM Active Cycles                                                                 cycle                   137473286.37
    SM [%]                                                                               %                           4.12
    ---------------------------------------------------------------------- --------------- ------------------------------
    WRN   This kernel exhibits low compute throughput and memory bandwidth utilization relative to the peak performance 
          of this device. Achieved compute throughput and/or memory bandwidth below 60.0% of peak typically indicate    
          latency issues. Look at Scheduler Statistics and Warp State Statistics for potential reasons.                 

    Section: Launch Statistics
    ---------------------------------------------------------------------- --------------- ------------------------------
    Block Size                                                                                                        128
    Function Cache Configuration                                                                  cudaFuncCachePreferNone
    Grid Size                                                                                                      131551
    Registers Per Thread                                                   register/thread                             24
    Shared Memory Configuration Size                                                 Kbyte                         135.17
    Driver Shared Memory Per Block                                             Kbyte/block                           1.02
    Dynamic Shared Memory Per Block                                            Kbyte/block                          65.60
    Static Shared Memory Per Block                                              byte/block                              0
    Threads                                                                         thread                       16838528
    Waves Per SM                                                                                                   609.03
    ---------------------------------------------------------------------- --------------- ------------------------------

    Section: Occupancy
    ---------------------------------------------------------------------- --------------- ------------------------------
    Block Limit SM                                                                   block                             32
    Block Limit Registers                                                            block                             21
    Block Limit Shared Mem                                                           block                              2
    Block Limit Warps                                                                block                             16
    Theoretical Active Warps per SM                                                   warp                              8
    Theoretical Occupancy                                                                %                          12.50
    Achieved Occupancy                                                                   %                           6.46
    Achieved Active Warps Per SM                                                      warp                           4.14
    ---------------------------------------------------------------------- --------------- ------------------------------
    WRN   This kernel's theoretical occupancy is limited by the required amount of shared memory.                       

Graph File: dataset/ogbn-products.mtx
Complete loading graphs !!
==PROF== Connected to process 311 (/MGG/build/unified_memory)
==PROF== Profiling "SAG_cuda_kernel_host_unified": 0%....50%....100% - 11 passes
Overall Graph, num_nodes: 2449029, part_size, 4000, num_parts, 2400684
grid: 76139, block: 128, shared_memory (KB): 65.600
Time (ms): 4276.30
===================================
grid: 74847, block: 128, shared_memory (KB): 65.600
Time (ms): 147.28
===================================
grid: 74877, block: 128, shared_memory (KB): 65.600
Time (ms): 169.36
===================================
grid: 74861, block: 128, shared_memory (KB): 65.600
Time (ms): 150.07
===================================
grid: 74841, block: 128, shared_memory (KB): 65.600
Time (ms): 165.38
===================================
grid: 74855, block: 128, shared_memory (KB): 65.600
Time (ms): 153.95
===================================
grid: 74870, block: 128, shared_memory (KB): 65.600
Time (ms): 159.37
===================================
grid: 74883, block: 128, shared_memory (KB): 65.600
Time (ms): 165.81
===================================
==PROF== Disconnected from process 311
[311] unified_memory@127.0.0.1
  void SAG_cuda_kernel_host_unified<int, float, int>(float*, float const*, int const*, int const*, int const*, int, int, int, int, int, int, int), 2021-Jun-28 02:30:24, Context 1, Stream 7
    Section: GPU Speed Of Light
    ---------------------------------------------------------------------- --------------- ------------------------------
    DRAM Frequency                                                           cycle/nsecond                           1.22
    SM Frequency                                                             cycle/nsecond                           1.10
    Elapsed Cycles                                                                   cycle                      218338346
    Memory [%]                                                                           %                           5.42
    SOL DRAM                                                                             %                           5.42
    Duration                                                                       msecond                         197.73
    SOL L1/TEX Cache                                                                     %                           2.39
    SOL L2 Cache                                                                         %                           5.43
    SM Active Cycles                                                                 cycle                   213112899.10
    SM [%]                                                                               %                           3.11
    ---------------------------------------------------------------------- --------------- ------------------------------
    WRN   This kernel exhibits low compute throughput and memory bandwidth utilization relative to the peak performance 
          of this device. Achieved compute throughput and/or memory bandwidth below 60.0% of peak typically indicate    
          latency issues. Look at Scheduler Statistics and Warp State Statistics for potential reasons.                 

    Section: Launch Statistics
    ---------------------------------------------------------------------- --------------- ------------------------------
    Block Size                                                                                                        128
    Function Cache Configuration                                                                  cudaFuncCachePreferNone
    Grid Size                                                                                                       76139
    Registers Per Thread                                                   register/thread                             24
    Shared Memory Configuration Size                                                 Kbyte                         135.17
    Driver Shared Memory Per Block                                             Kbyte/block                           1.02
    Dynamic Shared Memory Per Block                                            Kbyte/block                          65.60
    Static Shared Memory Per Block                                              byte/block                              0
    Threads                                                                         thread                        9745792
    Waves Per SM                                                                                                   352.50
    ---------------------------------------------------------------------- --------------- ------------------------------

    Section: Occupancy
    ---------------------------------------------------------------------- --------------- ------------------------------
    Block Limit SM                                                                   block                             32
    Block Limit Registers                                                            block                             21
    Block Limit Shared Mem                                                           block                              2
    Block Limit Warps                                                                block                             16
    Theoretical Active Warps per SM                                                   warp                              8
    Theoretical Occupancy                                                                %                          12.50
    Achieved Occupancy                                                                   %                           6.03
    Achieved Active Warps Per SM                                                      warp                           3.86
    ---------------------------------------------------------------------- --------------- ------------------------------
    WRN   This kernel's theoretical occupancy is limited by the required amount of shared memory.                       

Graph File: dataset/ogbn-proteins.mtx
Complete loading graphs !!
==PROF== Connected to process 338 (/MGG/build/unified_memory)
==PROF== Profiling "SAG_cuda_kernel_host_unified": 0%....50%....100% - 11 passes
Overall Graph, num_nodes: 132534, part_size, 4000, num_parts, 132713
grid: 4148, block: 128, shared_memory (KB): 64.128
Time (ms): 1947.48
===================================
grid: 4145, block: 128, shared_memory (KB): 64.128
Time (ms): 5.20
===================================
grid: 4143, block: 128, shared_memory (KB): 64.128
Time (ms): 5.60
===================================
grid: 4150, block: 128, shared_memory (KB): 64.128
Time (ms): 8.39
===================================
grid: 4145, block: 128, shared_memory (KB): 64.128
Time (ms): 8.89
===================================
grid: 4148, block: 128, shared_memory (KB): 64.128
Time (ms): 10.82
===================================
grid: 4158, block: 128, shared_memory (KB): 64.128
Time (ms): 9.70
===================================
grid: 4145, block: 128, shared_memory (KB): 64.128
Time (ms): 8.17
===================================
==PROF== Disconnected from process 338
[338] unified_memory@127.0.0.1
  void SAG_cuda_kernel_host_unified<int, float, int>(float*, float const*, int const*, int const*, int const*, int, int, int, int, int, int, int), 2021-Jun-28 02:30:58, Context 1, Stream 7
    Section: GPU Speed Of Light
    ---------------------------------------------------------------------- --------------- ------------------------------
    DRAM Frequency                                                           cycle/nsecond                           1.21
    SM Frequency                                                             cycle/nsecond                           1.09
    Elapsed Cycles                                                                   cycle                        9009855
    Memory [%]                                                                           %                           4.96
    SOL DRAM                                                                             %                           0.40
    Duration                                                                       msecond                           8.19
    SOL L1/TEX Cache                                                                     %                           5.13
    SOL L2 Cache                                                                         %                           1.60
    SM Active Cycles                                                                 cycle                     8670816.25
    SM [%]                                                                               %                           9.85
    ---------------------------------------------------------------------- --------------- ------------------------------
    WRN   This kernel exhibits low compute throughput and memory bandwidth utilization relative to the peak performance 
          of this device. Achieved compute throughput and/or memory bandwidth below 60.0% of peak typically indicate    
          latency issues. Look at Scheduler Statistics and Warp State Statistics for potential reasons.                 

    Section: Launch Statistics
    ---------------------------------------------------------------------- --------------- ------------------------------
    Block Size                                                                                                        128
    Function Cache Configuration                                                                  cudaFuncCachePreferNone
    Grid Size                                                                                                        4148
    Registers Per Thread                                                   register/thread                             24
    Shared Memory Configuration Size                                                 Kbyte                         135.17
    Driver Shared Memory Per Block                                             Kbyte/block                           1.02
    Dynamic Shared Memory Per Block                                            Kbyte/block                          64.13
    Static Shared Memory Per Block                                              byte/block                              0
    Threads                                                                         thread                         530944
    Waves Per SM                                                                                                    19.20
    ---------------------------------------------------------------------- --------------- ------------------------------

    Section: Occupancy
    ---------------------------------------------------------------------- --------------- ------------------------------
    Block Limit SM                                                                   block                             32
    Block Limit Registers                                                            block                             21
    Block Limit Shared Mem                                                           block                              2
    Block Limit Warps                                                                block                             16
    Theoretical Active Warps per SM                                                   warp                              8
    Theoretical Occupancy                                                                %                          12.50
    Achieved Occupancy                                                                   %                           7.24
    Achieved Active Warps Per SM                                                      warp                           4.64
    ---------------------------------------------------------------------- --------------- ------------------------------
    WRN   This kernel's theoretical occupancy is limited by the required amount of shared memory.                       

Graph File: dataset/com-Orkut.mtx
Complete loading graphs !!
==PROF== Connected to process 365 (/MGG/build/unified_memory)
==PROF== Profiling "SAG_cuda_kernel_host_unified": 0%....50%....100% - 11 passes
Overall Graph, num_nodes: 3072441, part_size, 4000, num_parts, 2988847
grid: 94925, block: 128, shared_memory (KB): 66.048
Time (ms): 2780.17
===================================
grid: 93826, block: 128, shared_memory (KB): 66.048
Time (ms): 143.68
===================================
grid: 93596, block: 128, shared_memory (KB): 66.048
Time (ms): 187.53
===================================
grid: 95114, block: 128, shared_memory (KB): 66.048
Time (ms): 118.66
===================================
grid: 94553, block: 128, shared_memory (KB): 66.048
Time (ms): 115.21
===================================
grid: 92284, block: 128, shared_memory (KB): 66.048
Time (ms): 92.54
===================================
grid: 91583, block: 128, shared_memory (KB): 66.048
Time (ms): 73.92
===================================
grid: 91333, block: 128, shared_memory (KB): 66.048
Time (ms): 76.98
===================================
==PROF== Disconnected from process 365
[365] unified_memory@127.0.0.1
  void SAG_cuda_kernel_host_unified<int, float, int>(float*, float const*, int const*, int const*, int const*, int, int, int, int, int, int, int), 2021-Jun-28 02:31:50, Context 1, Stream 7
    Section: GPU Speed Of Light
    ---------------------------------------------------------------------- --------------- ------------------------------
    DRAM Frequency                                                           cycle/nsecond                           1.21
    SM Frequency                                                             cycle/nsecond                           1.09
    Elapsed Cycles                                                                   cycle                       54779152
    Memory [%]                                                                           %                           4.40
    SOL DRAM                                                                             %                           4.40
    Duration                                                                       msecond                          49.68
    SOL L1/TEX Cache                                                                     %                           3.87
    SOL L2 Cache                                                                         %                           4.39
    SM Active Cycles                                                                 cycle                    49861649.72
    SM [%]                                                                               %                           4.81
    ---------------------------------------------------------------------- --------------- ------------------------------
    WRN   This kernel exhibits low compute throughput and memory bandwidth utilization relative to the peak performance 
          of this device. Achieved compute throughput and/or memory bandwidth below 60.0% of peak typically indicate    
          latency issues. Look at Scheduler Statistics and Warp State Statistics for potential reasons.                 

    Section: Launch Statistics
    ---------------------------------------------------------------------- --------------- ------------------------------
    Block Size                                                                                                        128
    Function Cache Configuration                                                                  cudaFuncCachePreferNone
    Grid Size                                                                                                       94925
    Registers Per Thread                                                   register/thread                             24
    Shared Memory Configuration Size                                                 Kbyte                         135.17
    Driver Shared Memory Per Block                                             Kbyte/block                           1.02
    Dynamic Shared Memory Per Block                                            Kbyte/block                          66.05
    Static Shared Memory Per Block                                              byte/block                              0
    Threads                                                                         thread                       12150400
    Waves Per SM                                                                                                   439.47
    ---------------------------------------------------------------------- --------------- ------------------------------

    Section: Occupancy
    ---------------------------------------------------------------------- --------------- ------------------------------
    Block Limit SM                                                                   block                             32
    Block Limit Registers                                                            block                             21
    Block Limit Shared Mem                                                           block                              2
    Block Limit Warps                                                                block                             16
    Theoretical Active Warps per SM                                                   warp                              8
    Theoretical Occupancy                                                                %                          12.50
    Achieved Occupancy                                                                   %                           6.95
    Achieved Active Warps Per SM                                                      warp                           4.45
    ---------------------------------------------------------------------- --------------- ------------------------------
    WRN   This kernel's theoretical occupancy is limited by the required amount of shared memory.                       

