Graph File: dataset/amazon0505.mtx
Graph File: dataset/amazon0505.mtx
Graph File: dataset/amazon0505.mtx
Graph File: dataset/amazon0505.mtx
Complete loading graphs !!
Complete loading graphs !!
Complete loading graphs !!
Complete loading graphs !!
numNodes: 410236, nodesPerPE: 102559
numNodes: 410236, nodesPerPE: 102559
numNodes: 410236, nodesPerPE: 102559
numNodes: 410236, nodesPerPE: 102559
SAG_cuda_kernel_ref: grid: 25640, block: 128
PE-3, Total (ms): 0.089
PE-1, Total (ms): 0.086
PE-2, Total (ms): 0.085
PE-0, Total (ms): 0.813
MPI time (ms) 0.824
out [0] 0.000,0.000,0.000,0.000,0.000,
out [1] 0.000,0.000,0.000,0.000,0.000,
out [2] 0.000,0.000,0.000,0.000,0.000,
out [3] 0.000,0.000,0.000,0.000,0.000,
out [4] 0.000,0.000,0.000,0.000,0.000,
out [5] 0.000,0.000,0.000,0.000,0.000,
out [6] 0.000,0.000,0.000,0.000,0.000,
out [7] 0.000,0.000,0.000,0.000,0.000,
out [8] 0.000,0.000,0.000,0.000,0.000,
out [9] 0.000,0.000,0.000,0.000,0.000,
==============================
ref [0] 10.000,10.000,10.000,10.000,10.000,
ref [1] 10.000,10.000,10.000,10.000,10.000,
ref [2] 10.000,10.000,10.000,10.000,10.000,
ref [3] 10.000,10.000,10.000,10.000,10.000,
ref [4] 288.000,288.000,288.000,288.000,288.000,
ref [5] 264.000,264.000,264.000,264.000,264.000,
ref [6] 380.000,380.000,380.000,380.000,380.000,
ref [7] 246.000,246.000,246.000,246.000,246.000,
ref [8] 35.000,35.000,35.000,35.000,35.000,
ref [9] 141.000,141.000,141.000,141.000,141.000,
ref: 10.000 -- out: 0.000
Validation on PE-{0}, status: False
===================================
