Graph File: dataset/pubmed.mtx
Graph File: dataset/pubmed.mtx
Complete loading graphs !!
Complete loading graphs !!
numNodes: 19717, nodesPerPE: 9859
numNodes: 19717, nodesPerPE: 9859
SAG_cuda_kernel_ref: grid: 2465, block: 128
dyn_shared_mem: 64
dyn_shared_mem: 64
PE-0, Total (ms): 0.217
PE-1, Total (ms): 0.260
MPI time (ms) 0.327
out [0] 3.000,3.000,3.000,3.000,3.000,
out [1] 1.000,1.000,1.000,1.000,1.000,
out [2] 1.000,1.000,1.000,1.000,1.000,
out [3] 1.000,1.000,1.000,1.000,1.000,
out [4] 1.000,1.000,1.000,1.000,1.000,
out [5] 12.000,12.000,12.000,12.000,12.000,
out [6] 3.000,3.000,3.000,3.000,3.000,
out [7] 1.000,1.000,1.000,1.000,1.000,
out [8] 1.000,1.000,1.000,1.000,1.000,
out [9] 1.000,1.000,1.000,1.000,1.000,
==============================
ref [0] 3.000,3.000,3.000,3.000,3.000,
ref [1] 1.000,1.000,1.000,1.000,1.000,
ref [2] 1.000,1.000,1.000,1.000,1.000,
ref [3] 1.000,1.000,1.000,1.000,1.000,
ref [4] 1.000,1.000,1.000,1.000,1.000,
ref [5] 12.000,12.000,12.000,12.000,12.000,
ref [6] 3.000,3.000,3.000,3.000,3.000,
ref [7] 1.000,1.000,1.000,1.000,1.000,
ref [8] 1.000,1.000,1.000,1.000,1.000,
ref [9] 1.000,1.000,1.000,1.000,1.000,
Validation on PE-{1}, status: True
===================================
Graph File: dataset/OVCAR-8H.mtx
Graph File: dataset/OVCAR-8H.mtx
Complete loading graphs !!
Complete loading graphs !!
numNodes: 1890931, nodesPerPE: 945466
numNodes: 1890931, nodesPerPE: 945466
SAG_cuda_kernel_ref: grid: 236367, block: 128
dyn_shared_mem: 64
dyn_shared_mem: 64
PE-1, Total (ms): 1.077
PE-0, Total (ms): 1.193
MPI time (ms) 1.169
out [0] 1.000,1.000,1.000,1.000,1.000,
out [1] 1.000,1.000,1.000,1.000,1.000,
out [2] 1.000,1.000,1.000,1.000,1.000,
out [3] 1.000,1.000,1.000,1.000,1.000,
out [4] 1.000,1.000,1.000,1.000,1.000,
out [5] 1.000,1.000,1.000,1.000,1.000,
out [6] 1.000,1.000,1.000,1.000,1.000,
out [7] 1.000,1.000,1.000,1.000,1.000,
out [8] 1.000,1.000,1.000,1.000,1.000,
out [9] 1.000,1.000,1.000,1.000,1.000,
==============================
ref [0] 1.000,1.000,1.000,1.000,1.000,
ref [1] 1.000,1.000,1.000,1.000,1.000,
ref [2] 1.000,1.000,1.000,1.000,1.000,
ref [3] 1.000,1.000,1.000,1.000,1.000,
ref [4] 1.000,1.000,1.000,1.000,1.000,
ref [5] 1.000,1.000,1.000,1.000,1.000,
ref [6] 1.000,1.000,1.000,1.000,1.000,
ref [7] 1.000,1.000,1.000,1.000,1.000,
ref [8] 1.000,1.000,1.000,1.000,1.000,
ref [9] 1.000,1.000,1.000,1.000,1.000,
Validation on PE-{1}, status: True
===================================
