Graph File: dataset/citeseer.mtx
Graph File: dataset/citeseer.mtx
Complete loading graphs !!
Graph File: dataset/citeseer.mtx
Complete loading graphs !!
Complete loading graphs !!
numNodes: 3327, nodesPerPE: 1109
numNodes: 3327, nodesPerPE: 1109
numNodes: 3327, nodesPerPE: 1109
SAG_cuda_kernel_ref: grid: 278, block: 128
PE-0, Total (ms): 0.115
PE-2, Total (ms): 0.110
PE-1, Total (ms): 0.198
out [0] 2.000,2.000,2.000,2.000,2.000,
out [1] 1.000,1.000,1.000,1.000,1.000,
out [2] 2.000,2.000,2.000,2.000,2.000,
out [3] 15.000,15.000,15.000,15.000,15.000,
out [4] 1.000,1.000,1.000,1.000,1.000,
out [5] 1.000,1.000,1.000,1.000,1.000,
out [6] 4.000,4.000,4.000,4.000,4.000,
out [7] 3.000,3.000,3.000,3.000,3.000,
out [8] 16.000,16.000,16.000,16.000,16.000,
out [9] 1.000,1.000,1.000,1.000,1.000,
==============================
ref [0] 2.000,2.000,2.000,2.000,2.000,
MPI time (ms) 0.194
ref [1] 1.000,1.000,1.000,1.000,1.000,
ref [2] 2.000,2.000,2.000,2.000,2.000,
ref [3] 15.000,15.000,15.000,15.000,15.000,
ref [4] 1.000,1.000,1.000,1.000,1.000,
ref [5] 1.000,1.000,1.000,1.000,1.000,
ref [6] 4.000,4.000,4.000,4.000,4.000,
ref [7] 3.000,3.000,3.000,3.000,3.000,
ref [8] 16.000,16.000,16.000,16.000,16.000,
ref [9] 1.000,1.000,1.000,1.000,1.000,
Validation on PE-{1}, status: True
===================================
