Graph File: dataset/bin/Reddit_beg_pos.bin
Expected edge count: 114615892
Graph File: dataset/bin/Reddit_beg_pos.bin
Expected edge count: 114615892
Graph File: dataset/bin/Reddit_beg_pos.bin
Expected edge count: 114615892
Graph File: dataset/bin/Reddit_beg_pos.bin
Expected edge count: 114615892
114615892 114615892
114615892 114615892
114615892 114615892
114615892 114615892
Graph load (success): 232965 verts, 114615892 edges 1.26292 second(s)
Graph load (success): 232965 verts, 114615892 edges 1.27413 second(s)
Graph load (success): 232965 verts, 114615892 edges 1.27535 second(s)
Graph load (success): 232965 verts, 114615892 edges 1.2723 second(s)
numNodes: 232965, nodesPerPE: 58242
numNodes: 232965, nodesPerPE: 58242
numNodes: 232965, nodesPerPE: 58242
numNodes: 232965, nodesPerPE: 58242
PE-1, Total (ms): 91.989
PE-3, Total (ms): 92.370
PE-0, Total (ms): 105.280
PE-2, Total (ms): 115.849
MPI time (ms) 115.859
===================================
Graph File: dataset/bin/enwiki-2013_beg_pos.bin
Graph File: dataset/bin/enwiki-2013_beg_pos.bin
Graph File: dataset/bin/enwiki-2013_beg_pos.bin
Graph File: dataset/bin/enwiki-2013_beg_pos.bin
Expected edge count: 202623226
Expected edge count: 202623226
Expected edge count: 202623226
Expected edge count: 202623226
