Graph File: dataset/Reddit.mtx
Complete loading graphs !!
==PROF== Connected to process 31 (/MGG/build/unified_memory)
==PROF== Profiling "SAG_cuda_kernel_host_unified": 0%....50%....100% - 11 passes
Overall Graph, num_nodes: 232965, part_size, 4000, num_parts, 235356
grid: 29431, block: 128, shared_memory (KB): 73.632
Time (ms): 20924.14
===================================
grid: 29409, block: 128, shared_memory (KB): 73.632
Time (ms): 1473.97
===================================
==PROF== Disconnected from process 31
[31] unified_memory@127.0.0.1
  void SAG_cuda_kernel_host_unified<int, float, int>(float*, float const*, int const*, int const*, int const*, int, int, int, int, int, int, int), 2021-Jun-28 02:18:40, Context 1, Stream 7
    Section: GPU Speed Of Light
    ---------------------------------------------------------------------- --------------- ------------------------------
    DRAM Frequency                                                           cycle/nsecond                           1.21
    SM Frequency                                                             cycle/nsecond                           1.09
    Elapsed Cycles                                                                   cycle                     1895945612
    Memory [%]                                                                           %                           4.55
    SOL DRAM                                                                             %                           4.55
    Duration                                                                        second                           1.72
    SOL L1/TEX Cache                                                                     %                           1.82
    SOL L2 Cache                                                                         %                           4.60
    SM Active Cycles                                                                 cycle                  1858385266.31
    SM [%]                                                                               %                           1.91
    ---------------------------------------------------------------------- --------------- ------------------------------
    WRN   This kernel exhibits low compute throughput and memory bandwidth utilization relative to the peak performance 
          of this device. Achieved compute throughput and/or memory bandwidth below 60.0% of peak typically indicate    
          latency issues. Look at Scheduler Statistics and Warp State Statistics for potential reasons.                 

    Section: Launch Statistics
    ---------------------------------------------------------------------- --------------- ------------------------------
    Block Size                                                                                                        128
    Function Cache Configuration                                                                  cudaFuncCachePreferNone
    Grid Size                                                                                                       29431
    Registers Per Thread                                                   register/thread                             24
    Shared Memory Configuration Size                                                 Kbyte                         167.94
    Driver Shared Memory Per Block                                             Kbyte/block                           1.02
    Dynamic Shared Memory Per Block                                            Kbyte/block                          73.63
    Static Shared Memory Per Block                                              byte/block                              0
    Threads                                                                         thread                        3767168
    Waves Per SM                                                                                                   136.25
    ---------------------------------------------------------------------- --------------- ------------------------------

    Section: Occupancy
    ---------------------------------------------------------------------- --------------- ------------------------------
    Block Limit SM                                                                   block                             32
    Block Limit Registers                                                            block                             21
    Block Limit Shared Mem                                                           block                              2
    Block Limit Warps                                                                block                             16
    Theoretical Active Warps per SM                                                   warp                              8
    Theoretical Occupancy                                                                %                          12.50
    Achieved Occupancy                                                                   %                           5.30
    Achieved Active Warps Per SM                                                      warp                           3.39
    ---------------------------------------------------------------------- --------------- ------------------------------
    WRN   This kernel's theoretical occupancy is limited by the required amount of shared memory.                       

Graph File: dataset/enwiki-2013.mtx
Complete loading graphs !!
==PROF== Connected to process 52 (/MGG/build/unified_memory)
==PROF== Profiling "SAG_cuda_kernel_host_unified": 0%....50%....100% - 11 passes
Overall Graph, num_nodes: 4203323, part_size, 4000, num_parts, 4207174
grid: 525935, block: 128, shared_memory (KB): 65.600
Time (ms): 6563.38
===================================
grid: 525859, block: 128, shared_memory (KB): 65.600
Time (ms): 404.57
===================================
==PROF== Disconnected from process 52
[52] unified_memory@127.0.0.1
  void SAG_cuda_kernel_host_unified<int, float, int>(float*, float const*, int const*, int const*, int const*, int, int, int, int, int, int, int), 2021-Jun-28 02:20:05, Context 1, Stream 7
    Section: GPU Speed Of Light
    ---------------------------------------------------------------------- --------------- ------------------------------
    DRAM Frequency                                                           cycle/nsecond                           1.22
    SM Frequency                                                             cycle/nsecond                           1.10
    Elapsed Cycles                                                                   cycle                      430986070
    Memory [%]                                                                           %                           3.37
    SOL DRAM                                                                             %                           2.86
    Duration                                                                       msecond                         390.77
    SOL L1/TEX Cache                                                                     %                           3.42
    SOL L2 Cache                                                                         %                           3.40
    SM Active Cycles                                                                 cycle                   422544472.96
    SM [%]                                                                               %                           4.47
    ---------------------------------------------------------------------- --------------- ------------------------------
    WRN   This kernel exhibits low compute throughput and memory bandwidth utilization relative to the peak performance 
          of this device. Achieved compute throughput and/or memory bandwidth below 60.0% of peak typically indicate    
          latency issues. Look at Scheduler Statistics and Warp State Statistics for potential reasons.                 

    Section: Launch Statistics
    ---------------------------------------------------------------------- --------------- ------------------------------
    Block Size                                                                                                        128
    Function Cache Configuration                                                                  cudaFuncCachePreferNone
    Grid Size                                                                                                      525935
    Registers Per Thread                                                   register/thread                             24
    Shared Memory Configuration Size                                                 Kbyte                         135.17
    Driver Shared Memory Per Block                                             Kbyte/block                           1.02
    Dynamic Shared Memory Per Block                                            Kbyte/block                          65.60
    Static Shared Memory Per Block                                              byte/block                              0
    Threads                                                                         thread                       67319680
    Waves Per SM                                                                                                  2434.88
    ---------------------------------------------------------------------- --------------- ------------------------------

    Section: Occupancy
    ---------------------------------------------------------------------- --------------- ------------------------------
    Block Limit SM                                                                   block                             32
    Block Limit Registers                                                            block                             21
    Block Limit Shared Mem                                                           block                              2
    Block Limit Warps                                                                block                             16
    Theoretical Active Warps per SM                                                   warp                              8
    Theoretical Occupancy                                                                %                          12.50
    Achieved Occupancy                                                                   %                           6.65
    Achieved Active Warps Per SM                                                      warp                           4.25
    ---------------------------------------------------------------------- --------------- ------------------------------
    WRN   This kernel's theoretical occupancy is limited by the required amount of shared memory.                       

Graph File: dataset/ogbn-products.mtx
Complete loading graphs !!
==PROF== Connected to process 73 (/MGG/build/unified_memory)
==PROF== Profiling "SAG_cuda_kernel_host_unified": 0%....50%....100% - 11 passes
Overall Graph, num_nodes: 2449029, part_size, 4000, num_parts, 2400684
grid: 300723, block: 128, shared_memory (KB): 65.600
Time (ms): 6392.48
===================================
grid: 299448, block: 128, shared_memory (KB): 65.600
Time (ms): 308.49
===================================
==PROF== Disconnected from process 73
[73] unified_memory@127.0.0.1
  void SAG_cuda_kernel_host_unified<int, float, int>(float*, float const*, int const*, int const*, int const*, int, int, int, int, int, int, int), 2021-Jun-28 02:21:02, Context 1, Stream 7
    Section: GPU Speed Of Light
    ---------------------------------------------------------------------- --------------- ------------------------------
    DRAM Frequency                                                           cycle/nsecond                           1.22
    SM Frequency                                                             cycle/nsecond                           1.10
    Elapsed Cycles                                                                   cycle                      432449459
    Memory [%]                                                                           %                           5.23
    SOL DRAM                                                                             %                           5.23
    Duration                                                                       msecond                         392.22
    SOL L1/TEX Cache                                                                     %                           2.32
    SOL L2 Cache                                                                         %                           5.30
    SM Active Cycles                                                                 cycle                   423814987.31
    SM [%]                                                                               %                           3.03
    ---------------------------------------------------------------------- --------------- ------------------------------
    WRN   This kernel exhibits low compute throughput and memory bandwidth utilization relative to the peak performance 
          of this device. Achieved compute throughput and/or memory bandwidth below 60.0% of peak typically indicate    
          latency issues. Look at Scheduler Statistics and Warp State Statistics for potential reasons.                 

    Section: Launch Statistics
    ---------------------------------------------------------------------- --------------- ------------------------------
    Block Size                                                                                                        128
    Function Cache Configuration                                                                  cudaFuncCachePreferNone
    Grid Size                                                                                                      300723
    Registers Per Thread                                                   register/thread                             24
    Shared Memory Configuration Size                                                 Kbyte                         135.17
    Driver Shared Memory Per Block                                             Kbyte/block                           1.02
    Dynamic Shared Memory Per Block                                            Kbyte/block                          65.60
    Static Shared Memory Per Block                                              byte/block                              0
    Threads                                                                         thread                       38492544
    Waves Per SM                                                                                                  1392.24
    ---------------------------------------------------------------------- --------------- ------------------------------

    Section: Occupancy
    ---------------------------------------------------------------------- --------------- ------------------------------
    Block Limit SM                                                                   block                             32
    Block Limit Registers                                                            block                             21
    Block Limit Shared Mem                                                           block                              2
    Block Limit Warps                                                                block                             16
    Theoretical Active Warps per SM                                                   warp                              8
    Theoretical Occupancy                                                                %                          12.50
    Achieved Occupancy                                                                   %                           5.85
    Achieved Active Warps Per SM                                                      warp                           3.74
    ---------------------------------------------------------------------- --------------- ------------------------------
    WRN   This kernel's theoretical occupancy is limited by the required amount of shared memory.                       

Graph File: dataset/ogbn-proteins.mtx
Complete loading graphs !!
==PROF== Connected to process 94 (/MGG/build/unified_memory)
==PROF== Profiling "SAG_cuda_kernel_host_unified": 0%....50%....100% - 11 passes
Overall Graph, num_nodes: 132534, part_size, 4000, num_parts, 132713
grid: 16584, block: 128, shared_memory (KB): 64.128
Time (ms): 2108.82
===================================
grid: 16595, block: 128, shared_memory (KB): 64.128
Time (ms): 31.51
===================================
==PROF== Disconnected from process 94
[94] unified_memory@127.0.0.1
  void SAG_cuda_kernel_host_unified<int, float, int>(float*, float const*, int const*, int const*, int const*, int, int, int, int, int, int, int), 2021-Jun-28 02:21:35, Context 1, Stream 7
    Section: GPU Speed Of Light
    ---------------------------------------------------------------------- --------------- ------------------------------
    DRAM Frequency                                                           cycle/nsecond                           1.21
    SM Frequency                                                             cycle/nsecond                           1.09
    Elapsed Cycles                                                                   cycle                       24688330
    Memory [%]                                                                           %                           5.16
    SOL DRAM                                                                             %                           0.41
    Duration                                                                       msecond                          22.43
    SOL L1/TEX Cache                                                                     %                           5.32
    SOL L2 Cache                                                                         %                           1.62
    SM Active Cycles                                                                 cycle                    23828479.20
    SM [%]                                                                               %                          10.25
    ---------------------------------------------------------------------- --------------- ------------------------------
    WRN   This kernel exhibits low compute throughput and memory bandwidth utilization relative to the peak performance 
          of this device. Achieved compute throughput and/or memory bandwidth below 60.0% of peak typically indicate    
          latency issues. Look at Scheduler Statistics and Warp State Statistics for potential reasons.                 

    Section: Launch Statistics
    ---------------------------------------------------------------------- --------------- ------------------------------
    Block Size                                                                                                        128
    Function Cache Configuration                                                                  cudaFuncCachePreferNone
    Grid Size                                                                                                       16584
    Registers Per Thread                                                   register/thread                             24
    Shared Memory Configuration Size                                                 Kbyte                         135.17
    Driver Shared Memory Per Block                                             Kbyte/block                           1.02
    Dynamic Shared Memory Per Block                                            Kbyte/block                          64.13
    Static Shared Memory Per Block                                              byte/block                              0
    Threads                                                                         thread                        2122752
    Waves Per SM                                                                                                    76.78
    ---------------------------------------------------------------------- --------------- ------------------------------

    Section: Occupancy
    ---------------------------------------------------------------------- --------------- ------------------------------
    Block Limit SM                                                                   block                             32
    Block Limit Registers                                                            block                             21
    Block Limit Shared Mem                                                           block                              2
    Block Limit Warps                                                                block                             16
    Theoretical Active Warps per SM                                                   warp                              8
    Theoretical Occupancy                                                                %                          12.50
    Achieved Occupancy                                                                   %                           7.42
    Achieved Active Warps Per SM                                                      warp                           4.75
    ---------------------------------------------------------------------- --------------- ------------------------------
    WRN   This kernel's theoretical occupancy is limited by the required amount of shared memory.                       

Graph File: dataset/com-Orkut.mtx
Complete loading graphs !!
==PROF== Connected to process 115 (/MGG/build/unified_memory)
==PROF== Profiling "SAG_cuda_kernel_host_unified": 0%....50%....100% - 11 passes
Overall Graph, num_nodes: 3072441, part_size, 4000, num_parts, 2988847
grid: 377459, block: 128, shared_memory (KB): 66.048
Time (ms): 4053.69
===================================
grid: 369754, block: 128, shared_memory (KB): 66.048
Time (ms): 170.59
===================================
==PROF== Disconnected from process 115
[115] unified_memory@127.0.0.1
  void SAG_cuda_kernel_host_unified<int, float, int>(float*, float const*, int const*, int const*, int const*, int, int, int, int, int, int, int), 2021-Jun-28 02:22:26, Context 1, Stream 7
    Section: GPU Speed Of Light
    ---------------------------------------------------------------------- --------------- ------------------------------
    DRAM Frequency                                                           cycle/nsecond                           1.21
    SM Frequency                                                             cycle/nsecond                           1.10
    Elapsed Cycles                                                                   cycle                      181641482
    Memory [%]                                                                           %                           4.58
    SOL DRAM                                                                             %                           4.58
    Duration                                                                       msecond                         164.86
    SOL L1/TEX Cache                                                                     %                           3.71
    SOL L2 Cache                                                                         %                           4.62
    SM Active Cycles                                                                 cycle                   180110618.64
    SM [%]                                                                               %                           5.02
    ---------------------------------------------------------------------- --------------- ------------------------------
    WRN   This kernel exhibits low compute throughput and memory bandwidth utilization relative to the peak performance 
          of this device. Achieved compute throughput and/or memory bandwidth below 60.0% of peak typically indicate    
          latency issues. Look at Scheduler Statistics and Warp State Statistics for potential reasons.                 

    Section: Launch Statistics
    ---------------------------------------------------------------------- --------------- ------------------------------
    Block Size                                                                                                        128
    Function Cache Configuration                                                                  cudaFuncCachePreferNone
    Grid Size                                                                                                      377459
    Registers Per Thread                                                   register/thread                             24
    Shared Memory Configuration Size                                                 Kbyte                         135.17
    Driver Shared Memory Per Block                                             Kbyte/block                           1.02
    Dynamic Shared Memory Per Block                                            Kbyte/block                          66.05
    Static Shared Memory Per Block                                              byte/block                              0
    Threads                                                                         thread                       48314752
    Waves Per SM                                                                                                  1747.50
    ---------------------------------------------------------------------- --------------- ------------------------------

    Section: Occupancy
    ---------------------------------------------------------------------- --------------- ------------------------------
    Block Limit SM                                                                   block                             32
    Block Limit Registers                                                            block                             21
    Block Limit Shared Mem                                                           block                              2
    Block Limit Warps                                                                block                             16
    Theoretical Active Warps per SM                                                   warp                              8
    Theoretical Occupancy                                                                %                          12.50
    Achieved Occupancy                                                                   %                           6.72
    Achieved Active Warps Per SM                                                      warp                           4.30
    ---------------------------------------------------------------------- --------------- ------------------------------
    WRN   This kernel's theoretical occupancy is limited by the required amount of shared memory.                       

