Graph File: dataset/amazon0505.mtx
Complete loading graphs !!
==PROF== Connected to process 74 (/MGG/build/unified_memory)
==PROF== Profiling "SAG_cuda_kernel_host_unified": 0%....50%....100% - 11 passes
Overall Graph, num_nodes: 410236, part_size, 4000, num_parts, 410236
grid: 25640, block: 128, shared_memory (KB): 65.536
Time (ms): 1950.33
===================================
grid: 25640, block: 128, shared_memory (KB): 65.536
Time (ms): 18.89
===================================
grid: 25640, block: 128, shared_memory (KB): 65.536
Time (ms): 16.38
===================================
grid: 25640, block: 128, shared_memory (KB): 65.536
Time (ms): 16.67
===================================
==PROF== Disconnected from process 74
[74] unified_memory@127.0.0.1
  void SAG_cuda_kernel_host_unified<int, float, int>(float*, float const*, int const*, int const*, int const*, int, int, int, int, int, int, int), 2021-Jun-28 02:14:58, Context 1, Stream 7
    Section: GPU Speed Of Light
    ---------------------------------------------------------------------- --------------- ------------------------------
    DRAM Frequency                                                           cycle/nsecond                           1.21
    SM Frequency                                                             cycle/nsecond                           1.10
    Elapsed Cycles                                                                   cycle                        6500698
    Memory [%]                                                                           %                           4.09
    SOL DRAM                                                                             %                           4.09
    Duration                                                                       msecond                           5.90
    SOL L1/TEX Cache                                                                     %                           3.07
    SOL L2 Cache                                                                         %                           4.75
    SM Active Cycles                                                                 cycle                     6342290.26
    SM [%]                                                                               %                           4.37
    ---------------------------------------------------------------------- --------------- ------------------------------
    WRN   This kernel exhibits low compute throughput and memory bandwidth utilization relative to the peak performance 
          of this device. Achieved compute throughput and/or memory bandwidth below 60.0% of peak typically indicate    
          latency issues. Look at Scheduler Statistics and Warp State Statistics for potential reasons.                 

    Section: Launch Statistics
    ---------------------------------------------------------------------- --------------- ------------------------------
    Block Size                                                                                                        128
    Function Cache Configuration                                                                  cudaFuncCachePreferNone
    Grid Size                                                                                                       25640
    Registers Per Thread                                                   register/thread                             24
    Shared Memory Configuration Size                                                 Kbyte                         135.17
    Driver Shared Memory Per Block                                             Kbyte/block                           1.02
    Dynamic Shared Memory Per Block                                            Kbyte/block                          65.54
    Static Shared Memory Per Block                                              byte/block                              0
    Threads                                                                         thread                        3281920
    Waves Per SM                                                                                                   118.70
    ---------------------------------------------------------------------- --------------- ------------------------------

    Section: Occupancy
    ---------------------------------------------------------------------- --------------- ------------------------------
    Block Limit SM                                                                   block                             32
    Block Limit Registers                                                            block                             21
    Block Limit Shared Mem                                                           block                              2
    Block Limit Warps                                                                block                             16
    Theoretical Active Warps per SM                                                   warp                              8
    Theoretical Occupancy                                                                %                          12.50
    Achieved Occupancy                                                                   %                           7.58
    Achieved Active Warps Per SM                                                      warp                           4.85
    ---------------------------------------------------------------------- --------------- ------------------------------
    WRN   This kernel's theoretical occupancy is limited by the required amount of shared memory.                       

Graph File: dataset/artist.mtx
Complete loading graphs !!
==PROF== Connected to process 97 (/MGG/build/unified_memory)
==PROF== Profiling "SAG_cuda_kernel_host_unified": 0%....50%....100% - 11 passes
Overall Graph, num_nodes: 50515, part_size, 4000, num_parts, 50515
grid: 3158, block: 128, shared_memory (KB): 65.600
Time (ms): 1880.53
===================================
grid: 3158, block: 128, shared_memory (KB): 65.600
Time (ms): 5.38
===================================
grid: 3158, block: 128, shared_memory (KB): 65.600
Time (ms): 5.29
===================================
grid: 3157, block: 128, shared_memory (KB): 65.600
Time (ms): 5.00
===================================
==PROF== Disconnected from process 97
[97] unified_memory@127.0.0.1
  void SAG_cuda_kernel_host_unified<int, float, int>(float*, float const*, int const*, int const*, int const*, int, int, int, int, int, int, int), 2021-Jun-28 02:15:04, Context 1, Stream 7
    Section: GPU Speed Of Light
    ---------------------------------------------------------------------- --------------- ------------------------------
    DRAM Frequency                                                           cycle/nsecond                           1.20
    SM Frequency                                                             cycle/nsecond                           1.08
    Elapsed Cycles                                                                   cycle                        2562532
    Memory [%]                                                                           %                           2.16
    SOL DRAM                                                                             %                           0.70
    Duration                                                                       msecond                           2.36
    SOL L1/TEX Cache                                                                     %                           3.18
    SOL L2 Cache                                                                         %                           1.75
    SM Active Cycles                                                                 cycle                     1733093.05
    SM [%]                                                                               %                           2.88
    ---------------------------------------------------------------------- --------------- ------------------------------
    WRN   This kernel exhibits low compute throughput and memory bandwidth utilization relative to the peak performance 
          of this device. Achieved compute throughput and/or memory bandwidth below 60.0% of peak typically indicate    
          latency issues. Look at Scheduler Statistics and Warp State Statistics for potential reasons.                 

    Section: Launch Statistics
    ---------------------------------------------------------------------- --------------- ------------------------------
    Block Size                                                                                                        128
    Function Cache Configuration                                                                  cudaFuncCachePreferNone
    Grid Size                                                                                                        3158
    Registers Per Thread                                                   register/thread                             24
    Shared Memory Configuration Size                                                 Kbyte                         135.17
    Driver Shared Memory Per Block                                             Kbyte/block                           1.02
    Dynamic Shared Memory Per Block                                            Kbyte/block                          65.60
    Static Shared Memory Per Block                                              byte/block                              0
    Threads                                                                         thread                         404224
    Waves Per SM                                                                                                    14.62
    ---------------------------------------------------------------------- --------------- ------------------------------

    Section: Occupancy
    ---------------------------------------------------------------------- --------------- ------------------------------
    Block Limit SM                                                                   block                             32
    Block Limit Registers                                                            block                             21
    Block Limit Shared Mem                                                           block                              2
    Block Limit Warps                                                                block                             16
    Theoretical Active Warps per SM                                                   warp                              8
    Theoretical Occupancy                                                                %                          12.50
    Achieved Occupancy                                                                   %                           5.15
    Achieved Active Warps Per SM                                                      warp                           3.30
    ---------------------------------------------------------------------- --------------- ------------------------------
    WRN   This kernel's theoretical occupancy is limited by the required amount of shared memory.                       

