Graph File: dataset/amazon0505.mtx
Complete loading graphs !!
==PROF== Connected to process 123 (/MGG/build/unified_memory)
==PROF== Profiling "SAG_cuda_kernel_host_unified": 0%....50%....100% - 11 passes
Overall Graph, num_nodes: 410236, part_size, 4000, num_parts, 410236
grid: 12820, block: 128, shared_memory (KB): 65.536
Time (ms): 1913.49
===================================
grid: 12820, block: 128, shared_memory (KB): 65.536
Time (ms): 16.65
===================================
grid: 12820, block: 128, shared_memory (KB): 65.536
Time (ms): 17.15
===================================
grid: 12820, block: 128, shared_memory (KB): 65.536
Time (ms): 16.36
===================================
grid: 12820, block: 128, shared_memory (KB): 65.536
Time (ms): 16.00
===================================
grid: 12820, block: 128, shared_memory (KB): 65.536
Time (ms): 16.36
===================================
grid: 12820, block: 128, shared_memory (KB): 65.536
Time (ms): 15.14
===================================
grid: 12819, block: 128, shared_memory (KB): 65.536
Time (ms): 16.32
===================================
==PROF== Disconnected from process 123
[123] unified_memory@127.0.0.1
  void SAG_cuda_kernel_host_unified<int, float, int>(float*, float const*, int const*, int const*, int const*, int, int, int, int, int, int, int), 2021-Jun-28 02:15:11, Context 1, Stream 7
    Section: GPU Speed Of Light
    ---------------------------------------------------------------------- --------------- ------------------------------
    DRAM Frequency                                                           cycle/nsecond                           1.22
    SM Frequency                                                             cycle/nsecond                           1.10
    Elapsed Cycles                                                                   cycle                        4839294
    Memory [%]                                                                           %                           2.81
    SOL DRAM                                                                             %                           2.81
    Duration                                                                       msecond                           4.36
    SOL L1/TEX Cache                                                                     %                           2.97
    SOL L2 Cache                                                                         %                           3.37
    SM Active Cycles                                                                 cycle                     3714590.38
    SM [%]                                                                               %                           3.32
    ---------------------------------------------------------------------- --------------- ------------------------------
    WRN   This kernel exhibits low compute throughput and memory bandwidth utilization relative to the peak performance 
          of this device. Achieved compute throughput and/or memory bandwidth below 60.0% of peak typically indicate    
          latency issues. Look at Scheduler Statistics and Warp State Statistics for potential reasons.                 

    Section: Launch Statistics
    ---------------------------------------------------------------------- --------------- ------------------------------
    Block Size                                                                                                        128
    Function Cache Configuration                                                                  cudaFuncCachePreferNone
    Grid Size                                                                                                       12820
    Registers Per Thread                                                   register/thread                             24
    Shared Memory Configuration Size                                                 Kbyte                         135.17
    Driver Shared Memory Per Block                                             Kbyte/block                           1.02
    Dynamic Shared Memory Per Block                                            Kbyte/block                          65.54
    Static Shared Memory Per Block                                              byte/block                              0
    Threads                                                                         thread                        1640960
    Waves Per SM                                                                                                    59.35
    ---------------------------------------------------------------------- --------------- ------------------------------

    Section: Occupancy
    ---------------------------------------------------------------------- --------------- ------------------------------
    Block Limit SM                                                                   block                             32
    Block Limit Registers                                                            block                             21
    Block Limit Shared Mem                                                           block                              2
    Block Limit Warps                                                                block                             16
    Theoretical Active Warps per SM                                                   warp                              8
    Theoretical Occupancy                                                                %                          12.50
    Achieved Occupancy                                                                   %                           7.14
    Achieved Active Warps Per SM                                                      warp                           4.57
    ---------------------------------------------------------------------- --------------- ------------------------------
    WRN   This kernel's theoretical occupancy is limited by the required amount of shared memory.                       

Graph File: dataset/artist.mtx
Complete loading graphs !!
==PROF== Connected to process 150 (/MGG/build/unified_memory)
==PROF== Profiling "SAG_cuda_kernel_host_unified": 0%....50%....100% - 11 passes
Overall Graph, num_nodes: 50515, part_size, 4000, num_parts, 50515
grid: 1579, block: 128, shared_memory (KB): 65.600
Time (ms): 1876.73
===================================
grid: 1579, block: 128, shared_memory (KB): 65.600
Time (ms): 4.49
===================================
grid: 1579, block: 128, shared_memory (KB): 65.600
Time (ms): 4.51
===================================
grid: 1579, block: 128, shared_memory (KB): 65.600
Time (ms): 4.59
===================================
grid: 1579, block: 128, shared_memory (KB): 65.600
Time (ms): 3.94
===================================
grid: 1579, block: 128, shared_memory (KB): 65.600
Time (ms): 4.13
===================================
grid: 1579, block: 128, shared_memory (KB): 65.600
Time (ms): 4.55
===================================
grid: 1578, block: 128, shared_memory (KB): 65.600
Time (ms): 4.44
===================================
==PROF== Disconnected from process 150
[150] unified_memory@127.0.0.1
  void SAG_cuda_kernel_host_unified<int, float, int>(float*, float const*, int const*, int const*, int const*, int, int, int, int, int, int, int), 2021-Jun-28 02:15:18, Context 1, Stream 7
    Section: GPU Speed Of Light
    ---------------------------------------------------------------------- --------------- ------------------------------
    DRAM Frequency                                                           cycle/nsecond                           1.24
    SM Frequency                                                             cycle/nsecond                           1.11
    Elapsed Cycles                                                                   cycle                        1808635
    Memory [%]                                                                           %                           1.52
    SOL DRAM                                                                             %                           0.72
    Duration                                                                       msecond                           1.61
    SOL L1/TEX Cache                                                                     %                           2.82
    SOL L2 Cache                                                                         %                           1.33
    SM Active Cycles                                                                 cycle                      967218.08
    SM [%]                                                                               %                           2.03
    ---------------------------------------------------------------------- --------------- ------------------------------
    WRN   This kernel exhibits low compute throughput and memory bandwidth utilization relative to the peak performance 
          of this device. Achieved compute throughput and/or memory bandwidth below 60.0% of peak typically indicate    
          latency issues. Look at Scheduler Statistics and Warp State Statistics for potential reasons.                 

    Section: Launch Statistics
    ---------------------------------------------------------------------- --------------- ------------------------------
    Block Size                                                                                                        128
    Function Cache Configuration                                                                  cudaFuncCachePreferNone
    Grid Size                                                                                                        1579
    Registers Per Thread                                                   register/thread                             24
    Shared Memory Configuration Size                                                 Kbyte                         135.17
    Driver Shared Memory Per Block                                             Kbyte/block                           1.02
    Dynamic Shared Memory Per Block                                            Kbyte/block                          65.60
    Static Shared Memory Per Block                                              byte/block                              0
    Threads                                                                         thread                         202112
    Waves Per SM                                                                                                     7.31
    ---------------------------------------------------------------------- --------------- ------------------------------

    Section: Occupancy
    ---------------------------------------------------------------------- --------------- ------------------------------
    Block Limit SM                                                                   block                             32
    Block Limit Registers                                                            block                             21
    Block Limit Shared Mem                                                           block                              2
    Block Limit Warps                                                                block                             16
    Theoretical Active Warps per SM                                                   warp                              8
    Theoretical Occupancy                                                                %                          12.50
    Achieved Occupancy                                                                   %                           5.02
    Achieved Active Warps Per SM                                                      warp                           3.21
    ---------------------------------------------------------------------- --------------- ------------------------------
    WRN   This kernel's theoretical occupancy is limited by the required amount of shared memory.                       

