Graph File: dataset/Reddit.mtx
Graph File: dataset/Reddit.mtx
Graph File: dataset/Reddit.mtx
Graph File: dataset/Reddit.mtx
Graph File: dataset/Reddit.mtx
Graph File: dataset/Reddit.mtx
Graph File: dataset/Reddit.mtx
Graph File: dataset/Reddit.mtx
Complete loading graphs !!
Complete loading graphs !!
Complete loading graphs !!
Complete loading graphs !!
Complete loading graphs !!
Complete loading graphs !!
Complete loading graphs !!
Complete loading graphs !!
PE: 4, local_edges: 1833360, remote_edges: 12674502
PE: 6, local_edges: 1692318, remote_edges: 12230545
PE: 5, local_edges: 1772006, remote_edges: 12486903
PE: 7, local_edges: 1638666, remote_edges: 12047043
PE: 0, local_edges: 1947636, remote_edges: 12985839
PE: 3, local_edges: 1768826, remote_edges: 12465571
PE: 2, local_edges: 1862502, remote_edges: 12745815
PE: 1, local_edges: 1825986, remote_edges: 12638374
PE-0, Total (ms): 11.042
PE-3, Total (ms): 11.198
PE-7, Total (ms): 11.011
PE-2, Total (ms): 12.201
PE-6, Total (ms): 12.326
PE-1, Total (ms): 12.461
PE-4, Total (ms): 12.522
PE-5, Total (ms): 13.848
MPI time (ms) 13.800
===================================
Graph File: dataset/enwiki-2013.mtx
Graph File: dataset/enwiki-2013.mtx
Graph File: dataset/enwiki-2013.mtx
Graph File: dataset/enwiki-2013.mtx
Graph File: dataset/enwiki-2013.mtx
Graph File: dataset/enwiki-2013.mtx
Graph File: dataset/enwiki-2013.mtx
Graph File: dataset/enwiki-2013.mtx
Complete loading graphs !!
Complete loading graphs !!
Complete loading graphs !!
Complete loading graphs !!
Complete loading graphs !!
Complete loading graphs !!
Complete loading graphs !!
Complete loading graphs !!
PE: 6, local_edges: 11305866, remote_edges: 10980742
PE: 4, local_edges: 8814200, remote_edges: 9333351
PE: 7, local_edges: 13521396, remote_edges: 10614511
PE: 1, local_edges: 13061890, remote_edges: 11867546
PE: 2, local_edges: 12446316, remote_edges: 10453728
PE: 5, local_edges: 17278052, remote_edges: 10152869
PE: 3, local_edges: 15359000, remote_edges: 12856091
PE: 0, local_edges: 20589454, remote_edges: 13988214
PE-4, Total (ms): 34.919
PE-2, Total (ms): 40.513
PE-0, Total (ms): 42.600
PE-1, Total (ms): 54.830
PE-5, Total (ms): 61.041
PE-7, Total (ms): 62.927
PE-6, Total (ms): 67.946
PE-3, Total (ms): 177.628
MPI time (ms) 177.578
===================================
Graph File: dataset/ogbn-products.mtx
Graph File: dataset/ogbn-products.mtx
Graph File: dataset/ogbn-products.mtx
Graph File: dataset/ogbn-products.mtx
Graph File: dataset/ogbn-products.mtx
Graph File: dataset/ogbn-products.mtx
Graph File: dataset/ogbn-products.mtx
Graph File: dataset/ogbn-products.mtx
Complete loading graphs !!
Complete loading graphs !!
Complete loading graphs !!
Complete loading graphs !!
Complete loading graphs !!
Complete loading graphs !!
Complete loading graphs !!
Complete loading graphs !!
PE: 6, local_edges: 1210650, remote_edges: 10808763
PE: 4, local_edges: 1196888, remote_edges: 10758168
PE: 1, local_edges: 1182562, remote_edges: 10712349
PE: 3, local_edges: 1195556, remote_edges: 10749551
PE: 7, local_edges: 1187310, remote_edges: 10726129
PE: 2, local_edges: 1203110, remote_edges: 10786567
PE: 5, local_edges: 1191960, remote_edges: 10732886
PE: 0, local_edges: 14994410, remote_edges: 25081421
PE-2, Total (ms): 8.968
PE-5, Total (ms): 9.137
PE-4, Total (ms): 9.279
PE-3, Total (ms): 10.305
PE-1, Total (ms): 10.299
PE-7, Total (ms): 10.282
PE-6, Total (ms): 10.377
PE-0, Total (ms): 21.510
MPI time (ms) 21.469
===================================
Graph File: dataset/ogbn-proteins.mtx
Graph File: dataset/ogbn-proteins.mtx
Graph File: dataset/ogbn-proteins.mtx
Graph File: dataset/ogbn-proteins.mtx
Graph File: dataset/ogbn-proteins.mtx
Graph File: dataset/ogbn-proteins.mtx
Graph File: dataset/ogbn-proteins.mtx
Graph File: dataset/ogbn-proteins.mtx
Complete loading graphs !!
Complete loading graphs !!
Complete loading graphs !!
Complete loading graphs !!
Complete loading graphs !!
Complete loading graphs !!
Complete loading graphs !!
Complete loading graphs !!
PE: 0, local_edges: 9491116, remote_edges: 2257128
PE: 1, local_edges: 2379448, remote_edges: 2446297
PE: 2, local_edges: 5671266, remote_edges: 1721074
PE: 4, local_edges: 6246888, remote_edges: 4899222
PE: 7, local_edges: 3657532, remote_edges: 6545041
PE: 3, local_edges: 5397098, remote_edges: 4070370
PE: 5, local_edges: 9169412, remote_edges: 3568768
PE: 6, local_edges: 4699252, remote_edges: 6902592
PE-2, Total (ms): 2.666
PE-1, Total (ms): 3.637
PE-0, Total (ms): 4.171
PE-4, Total (ms): 4.933
PE-7, Total (ms): 4.975
PE-3, Total (ms): 5.096
PE-5, Total (ms): 5.597
MPI time (ms) 5.988
PE-6, Total (ms): 6.062
===================================
Graph File: dataset/com-Orkut.mtx
Graph File: dataset/com-Orkut.mtx
Graph File: dataset/com-Orkut.mtx
Graph File: dataset/com-Orkut.mtx
Graph File: dataset/com-Orkut.mtx
Graph File: dataset/com-Orkut.mtx
Graph File: dataset/com-Orkut.mtx
Graph File: dataset/com-Orkut.mtx
Complete loading graphs !!
Complete loading graphs !!
Complete loading graphs !!
Complete loading graphs !!
Complete loading graphs !!
Complete loading graphs !!
Complete loading graphs !!
Complete loading graphs !!
PE: 3, local_edges: 2415532, remote_edges: 10183433
PE: 0, local_edges: 10677831, remote_edges: 4400263
PE: 6, local_edges: 747213, remote_edges: 5040422
PE: 4, local_edges: 1623961, remote_edges: 7681504
PE: 1, local_edges: 1977318, remote_edges: 7241984
PE: 5, local_edges: 510097, remote_edges: 6144785
PE: 2, local_edges: 4772399, remote_edges: 10120081
PE: 7, local_edges: 40733505, remote_edges: 2914755
PE-6, Total (ms): 5.448
PE-5, Total (ms): 6.073
PE-4, Total (ms): 7.259
PE-1, Total (ms): 8.088
PE-0, Total (ms): 8.282
PE-3, Total (ms): 8.960
PE-2, Total (ms): 9.247
PE-7, Total (ms): 3169.555
MPI time (ms) 3169.851
===================================
