Graph File: dataset/Reddit.mtx
Graph File: dataset/Reddit.mtx
Graph File: dataset/Reddit.mtx
Graph File: dataset/Reddit.mtx
Complete loading graphs !!
Complete loading graphs !!
Complete loading graphs !!
Complete loading graphs !!
PE: 3, local_edges: 6664666, remote_edges: 20943906
PE: 0, local_edges: 7543526, remote_edges: 21854309
PE: 2, local_edges: 7215676, remote_edges: 21551095
PE: 1, local_edges: 7261854, remote_edges: 21580860
PE-3, Total (ms): 16.943
PE-1, Total (ms): 17.262
PE-0, Total (ms): 18.737
PE-2, Total (ms): 19.734
MPI time (ms) 19.671
===================================
Graph File: dataset/enwiki-2013.mtx
Graph File: dataset/enwiki-2013.mtx
Graph File: dataset/enwiki-2013.mtx
Graph File: dataset/enwiki-2013.mtx
Complete loading graphs !!
Complete loading graphs !!
Complete loading graphs !!
Complete loading graphs !!
PE: 2, local_edges: 28580292, remote_edges: 16998184
PE: 3, local_edges: 27712908, remote_edges: 18709657
PE: 1, local_edges: 31003304, remote_edges: 20112089
PE: 0, local_edges: 38781028, remote_edges: 20725764
PE-0, Total (ms): 70.544
PE-2, Total (ms): 70.900
PE-3, Total (ms): 75.334
PE-1, Total (ms): 179.953
MPI time (ms) 179.961
===================================
Graph File: dataset/ogbn-products.mtx
Graph File: dataset/ogbn-products.mtx
Graph File: dataset/ogbn-products.mtx
Graph File: dataset/ogbn-products.mtx
Complete loading graphs !!
Complete loading graphs !!
Complete loading graphs !!
Complete loading graphs !!
PE: 3, local_edges: 4797248, remote_edges: 19135604
PE: 2, local_edges: 4777370, remote_edges: 19102532
PE: 1, local_edges: 4794068, remote_edges: 19140716
PE: 0, local_edges: 23321842, remote_edges: 28648900
PE-2, Total (ms): 16.926
PE-1, Total (ms): 18.156
PE-3, Total (ms): 18.320
PE-0, Total (ms): 29.395
MPI time (ms) 29.414
===================================
Graph File: dataset/ogbn-proteins.mtx
Graph File: dataset/ogbn-proteins.mtx
Graph File: dataset/ogbn-proteins.mtx
Graph File: dataset/ogbn-proteins.mtx
Complete loading graphs !!
Complete loading graphs !!
Complete loading graphs !!
Complete loading graphs !!
PE: 0, local_edges: 13965494, remote_edges: 2608495
PE: 1, local_edges: 11404888, remote_edges: 5454920
PE: 3, local_edges: 15862190, remote_edges: 5942227
PE: 2, local_edges: 16304984, remote_edges: 7579306
PE-0, Total (ms): 6.390
PE-1, Total (ms): 7.300
PE-3, Total (ms): 7.781
MPI time (ms) 9.492
PE-2, Total (ms): 9.500
===================================
Graph File: dataset/com-Orkut.mtx
Graph File: dataset/com-Orkut.mtx
Graph File: dataset/com-Orkut.mtx
Graph File: dataset/com-Orkut.mtx
Complete loading graphs !!
Complete loading graphs !!
Complete loading graphs !!
Complete loading graphs !!
PE: 2, local_edges: 5635450, remote_edges: 10324898
PE: 0, local_edges: 18720924, remote_edges: 5576465
PE: 1, local_edges: 16003805, remote_edges: 11487600
PE: 3, local_edges: 44190913, remote_edges: 5245028
PE-2, Total (ms): 11.941
PE-0, Total (ms): 13.348
PE-1, Total (ms): 14.859
MPI time (ms) 3235.889
PE-3, Total (ms): 3235.952
===================================
