Graph File: dataset/Reddit.mtx
Graph File: dataset/Reddit.mtx
Complete loading graphs !!
Complete loading graphs !!
PE: 1, local_edges: 27737006, remote_edges: 28640093
PE: 0, local_edges: 29598700, remote_edges: 28640093
PE-1, Total (ms): 27.701
PE-0, Total (ms): 27.868
MPI time (ms) 27.845
===================================
Graph File: dataset/enwiki-2013.mtx
Graph File: dataset/enwiki-2013.mtx
Complete loading graphs !!
Complete loading graphs !!
PE: 1, local_edges: 66838878, remote_edges: 25162163
PE: 0, local_edges: 85460022, remote_edges: 25162163
PE-1, Total (ms): 92.377
PE-0, Total (ms): 166.250
MPI time (ms) 166.213
===================================
Graph File: dataset/ogbn-products.mtx
Graph File: dataset/ogbn-products.mtx
Complete loading graphs !!
Complete loading graphs !!
PE: 1, local_edges: 19151630, remote_edges: 28661138
PE: 0, local_edges: 47244374, remote_edges: 28661138
PE-1, Total (ms): 34.126
PE-0, Total (ms): 43.413
MPI time (ms) 43.419
===================================
Graph File: dataset/ogbn-proteins.mtx
Graph File: dataset/ogbn-proteins.mtx
Complete loading graphs !!
Complete loading graphs !!
PE: 0, local_edges: 27941898, remote_edges: 5491396
PE: 1, local_edges: 40197814, remote_edges: 5491396
PE-0, Total (ms): 11.381
PE-1, Total (ms): 13.477
MPI time (ms) 13.492
===================================
Graph File: dataset/com-Orkut.mtx
Graph File: dataset/com-Orkut.mtx
Complete loading graphs !!
Complete loading graphs !!
PE: 0, local_edges: 43054226, remote_edges: 8734555
PE: 1, local_edges: 56662506, remote_edges: 8733796
PE-0, Total (ms): 24.315
PE-1, Total (ms): 3215.808
MPI time (ms) 3216.197
===================================
