Graph File: dataset/bin/Reddit_beg_pos.bin
Expected edge count: 114615892
Graph File: dataset/bin/Reddit_beg_pos.bin
Expected edge count: 114615892
Graph File: dataset/bin/Reddit_beg_pos.bin
Expected edge count: 114615892
Graph File: dataset/bin/Reddit_beg_pos.bin
Expected edge count: 114615892
Graph File: dataset/bin/Reddit_beg_pos.bin
Expected edge count: 114615892
Graph File: dataset/bin/Reddit_beg_pos.bin
Expected edge count: 114615892
Graph File: dataset/bin/Reddit_beg_pos.bin
Graph File: dataset/bin/Reddit_beg_pos.bin
Expected edge count: 114615892
Expected edge count: 114615892
114615892 114615892
114615892 114615892
114615892 114615892
114615892 114615892
114615892 114615892
114615892 114615892
114615892 114615892
114615892 114615892
Graph load (success): 232965 verts, 114615892 edges 1.37225 second(s)
Graph load (success): 232965 verts, 114615892 edges 1.37683 second(s)
Graph load (success): 232965 verts, 114615892 edges 1.3777 second(s)
Graph load (success): 232965 verts, 114615892 edges 1.36652 second(s)
Graph load (success): 232965 verts, 114615892 edges 1.47943 second(s)
Complete loading graphs !!
Graph load (success): 232965 verts, 114615892 edges 1.53182 second(s)
Complete loading graphs !!
Complete loading graphs !!
Complete loading graphs !!
Graph load (success): 232965 verts, 114615892 edges 1.54602 second(s)
Graph load (success): 232965 verts, 114615892 edges 1.55475 second(s)
Complete loading graphs !!
Complete loading graphs !!
Complete loading graphs !!
Complete loading graphs !!
Preproc (ms): 455.094
PE-4, Total (ms): 10.602
PE-2, Total (ms): 10.604
PE-3, Total (ms): 10.604
PE-1, Total (ms): 10.604
PE-5, Total (ms): 10.604
PE-7, Total (ms): 10.604
PE-6, Total (ms): 10.604
PE-0, Total (ms): 10.578
MPI time (ms) 10.604
===================================
