Graph File: dataset/bin/Reddit_beg_pos.bin
Expected edge count: 114615892
Graph File: dataset/bin/Reddit_beg_pos.bin
Graph File: dataset/bin/Reddit_beg_pos.bin
Expected edge count: 114615892
Expected edge count: 114615892
Graph File: dataset/bin/Reddit_beg_pos.bin
Expected edge count: 114615892
114615892 114615892
114615892 114615892
114615892 114615892
114615892 114615892
Graph load (success): 232965 verts, 114615892 edges 1.26618 second(s)
Graph load (success): 232965 verts, 114615892 edges 1.2938 second(s)
Graph load (success): 232965 verts, 114615892 edges 1.347 second(s)
Graph load (success): 232965 verts, 114615892 edges 1.35011 second(s)
Complete loading graphs !!
Complete loading graphs !!
Complete loading graphs !!
Complete loading graphs !!
Preproc (ms): 898.142
PE-1, Total (ms): 35.040
PE-2, Total (ms): 35.039
PE-3, Total (ms): 34.976
PE-0, Total (ms): 35.035
MPI time (ms) 35.038
===================================
