Graph File: dataset/bin/Reddit_beg_pos.bin
Graph File: dataset/bin/Reddit_beg_pos.bin
Expected edge count: 114615892
Expected edge count: 114615892
Graph File: dataset/bin/Reddit_beg_pos.bin
Expected edge count: 114615892
Graph File: dataset/bin/Reddit_beg_pos.bin
Expected edge count: 114615892
114615892 114615892
114615892 114615892
114615892 114615892
114615892 114615892
Graph load (success): 232965 verts, 114615892 edges 1.23685 second(s)
Graph load (success): 232965 verts, 114615892 edges 1.28394 second(s)
Graph load (success): 232965 verts, 114615892 edges 1.35236 second(s)
Graph load (success): 232965 verts, 114615892 edges 1.35035 second(s)
Complete loading graphs !!
Complete loading graphs !!
Complete loading graphs !!
Complete loading graphs !!
Preproc (ms): 902.014
PE-3, Total (ms): 23.607
PE-1, Total (ms): 23.603
PE-2, Total (ms): 23.602
PE-0, Total (ms): 23.602
MPI time (ms) 23.605
===================================
