Graph File: dataset/bin/ppi_beg_pos.bin
Expected edge count: 818716
818716 818716
Graph load (success): 56944 verts, 818716 edges 0.0122402 second(s)
Complete loading graphs !!
Graph File: dataset/bin/ppi_beg_pos.bin
Expected edge count: 818716
818716 818716
Graph load (success): 56944 verts, 818716 edges 0.0109909 second(s)
Complete loading graphs !!
Graph File: dataset/bin/ppi_beg_pos.bin
Expected edge count: 818716
818716 818716
Graph File: dataset/bin/ppi_beg_pos.bin
Expected edge count: 818716
Graph File: dataset/bin/ppi_beg_pos.bin
Expected edge count: 818716
818716 818716
Graph File: dataset/bin/ppi_beg_pos.bin
Graph load (success): 56944 verts, 818716 edges 0.0119271 second(s)
Expected edge count: 818716
Complete loading graphs !!
818716 818716
Graph File: dataset/bin/ppi_beg_pos.bin
Expected edge count: 818716
818716 818716
Graph load (success): 56944 verts, 818716 edges 0.010905 second(s)
Complete loading graphs !!
Graph File: dataset/bin/ppi_beg_pos.bin
Expected edge count: 818716
818716 818716
Graph load (success): 56944 verts, 818716 edges 0.0124719 second(s)
Complete loading graphs !!
Graph load (success): 56944 verts, 818716 edges 0.011167 second(s)
818716 818716
Complete loading graphs !!
Graph load (success): 56944 verts, 818716 edges 0.0121739 second(s)
Complete loading graphs !!
Graph load (success): 56944 verts, 818716 edges 0.0114219 second(s)
Complete loading graphs !!
