Graph File: dataset/bin/Reddit_beg_pos.bin
Expected edge count: 114615892
Graph File: dataset/bin/Reddit_beg_pos.bin
Expected edge count: 114615892
Graph File: dataset/bin/Reddit_beg_pos.bin
Expected edge count: 114615892
Graph File: dataset/bin/Reddit_beg_pos.bin
Expected edge count: 114615892
114615892 114615892
114615892 114615892
114615892 114615892
114615892 114615892
Graph load (success): 232965 verts, 114615892 edges 1.26232 second(s)
Graph load (success): 232965 verts, 114615892 edges 1.30186 second(s)
Graph load (success): 232965 verts, 114615892 edges 1.35001 second(s)
Graph load (success): 232965 verts, 114615892 edges 1.35017 second(s)
Complete loading graphs !!
Complete loading graphs !!
Complete loading graphs !!
Complete loading graphs !!
Preproc (ms): 904.860
PE-1, Total (ms): 35.051
PE-2, Total (ms): 35.053
PE-3, Total (ms): 35.053
PE-0, Total (ms): 35.053
MPI time (ms) 35.051
===================================
