Graph File: dataset/bin/Reddit_beg_pos.bin
Expected edge count: 114615892
Graph File: dataset/bin/Reddit_beg_pos.bin
Expected edge count: 114615892
Graph File: dataset/bin/Reddit_beg_pos.bin
Expected edge count: 114615892
Graph File: dataset/bin/Reddit_beg_pos.bin
Expected edge count: 114615892
114615892 114615892
114615892 114615892
114615892 114615892
114615892 114615892
Graph load (success): 232965 verts, 114615892 edges 1.25584 second(s)
Graph load (success): 232965 verts, 114615892 edges 1.30003 second(s)
Graph load (success): 232965 verts, 114615892 edges 1.29859 second(s)
Graph load (success): 232965 verts, 114615892 edges 1.30175 second(s)
Complete loading graphs !!
Complete loading graphs !!
Complete loading graphs !!
Complete loading graphs !!
Preproc (ms): 917.914
PE-1, Total (ms): 30.103
PE-2, Total (ms): 30.103
PE-3, Total (ms): 30.106
PE-0, Total (ms): 30.103
MPI time (ms) 30.103
===================================
