Graph File: dataset/bin/Reddit_beg_pos.bin
Expected edge count: 114615892
Graph File: dataset/bin/Reddit_beg_pos.bin
Expected edge count: 114615892
Graph File: dataset/bin/Reddit_beg_pos.bin
Expected edge count: 114615892
Graph File: dataset/bin/Reddit_beg_pos.bin
Expected edge count: 114615892
Graph File: dataset/bin/Reddit_beg_pos.bin
Expected edge count: 114615892
Graph File: dataset/bin/Reddit_beg_pos.bin
Expected edge count: 114615892
Graph File: dataset/bin/Reddit_beg_pos.bin
Expected edge count: 114615892
Graph File: dataset/bin/Reddit_beg_pos.bin
Expected edge count: 114615892
114615892 114615892
114615892 114615892
114615892 114615892
114615892 114615892
114615892 114615892
114615892 114615892
114615892 114615892
114615892 114615892
Graph load (success): 232965 verts, 114615892 edges 1.42787 second(s)
Graph load (success): 232965 verts, 114615892 edges 1.4235 second(s)
Graph load (success): 232965 verts, 114615892 edges 1.4359 second(s)
Graph load (success): 232965 verts, 114615892 edges 1.44125 second(s)
Graph load (success): 232965 verts, 114615892 edges 1.4982 second(s)
Graph load (success): 232965 verts, 114615892 edges 1.52453 second(s)
Graph load (success): 232965 verts, 114615892 edges 1.54561 second(s)
Graph load (success): 232965 verts, 114615892 edges 1.56033 second(s)
Complete loading graphs !!
Complete loading graphs !!
Complete loading graphs !!
Complete loading graphs !!
Complete loading graphs !!
Complete loading graphs !!
Complete loading graphs !!
Complete loading graphs !!
Preproc (ms): 466.104
PE-3, Total (ms): 10.045
PE-7, Total (ms): 10.044
PE-4, Total (ms): 10.045
PE-2, Total (ms): 10.043
PE-6, Total (ms): 10.045
PE-5, Total (ms): 10.045
PE-1, Total (ms): 10.045
PE-0, Total (ms): 10.044
MPI time (ms) 10.044
===================================
