Graph File: dataset/bin/Reddit_beg_pos.bin
Expected edge count: 114615892
Graph File: dataset/bin/Reddit_beg_pos.bin
Expected edge count: 114615892
Graph File: dataset/bin/Reddit_beg_pos.bin
Expected edge count: 114615892
Graph File: dataset/bin/Reddit_beg_pos.bin
Expected edge count: 114615892
114615892 114615892
114615892 114615892
114615892 114615892
114615892 114615892
Graph load (success): 232965 verts, 114615892 edges 1.24934 second(s)
Graph load (success): 232965 verts, 114615892 edges 1.24918 second(s)
Graph load (success): 232965 verts, 114615892 edges 1.34899 second(s)
Graph load (success): 232965 verts, 114615892 edges 1.34951 second(s)
Complete loading graphs !!
Complete loading graphs !!
Complete loading graphs !!
Complete loading graphs !!
Preproc (ms): 912.092
PE-3, Total (ms): 19.985
PE-1, Total (ms): 19.984
PE-2, Total (ms): 19.984
PE-0, Total (ms): 19.982
MPI time (ms) 19.983
===================================
