Graph File: dataset/bin/Reddit_beg_pos.bin
Graph File: dataset/bin/Reddit_beg_pos.bin
Expected edge count: 114615892
Expected edge count: 114615892
Graph File: dataset/bin/Reddit_beg_pos.bin
Expected edge count: 114615892
Graph File: dataset/bin/Reddit_beg_pos.bin
Expected edge count: 114615892
114615892 114615892
114615892 114615892
114615892 114615892
114615892 114615892
Graph load (success): 232965 verts, 114615892 edges 1.26523 second(s)
Graph load (success): 232965 verts, 114615892 edges 1.29886 second(s)
Graph load (success): 232965 verts, 114615892 edges 1.34652 second(s)
Graph load (success): 232965 verts, 114615892 edges 1.34975 second(s)
Complete loading graphs !!
Complete loading graphs !!
Complete loading graphs !!
Complete loading graphs !!
Preproc (ms): 907.699
PE-1, Total (ms): 35.120
PE-2, Total (ms): 35.120
PE-3, Total (ms): 35.120
PE-0, Total (ms): 35.120
MPI time (ms) 35.119
===================================
