Graph File: dataset/bin/Reddit_beg_pos.bin
Expected edge count: 114615892
Graph File: dataset/bin/Reddit_beg_pos.bin
Graph File: dataset/bin/Reddit_beg_pos.bin
Expected edge count: 114615892
Expected edge count: 114615892
Graph File: dataset/bin/Reddit_beg_pos.bin
Expected edge count: 114615892
114615892 114615892
114615892 114615892
114615892 114615892
114615892 114615892
Graph load (success): 232965 verts, 114615892 edges 1.27265 second(s)
Graph load (success): 232965 verts, 114615892 edges 1.39279 second(s)
Complete loading graphs !!
Graph load (success): 232965 verts, 114615892 edges 1.48498 second(s)
Graph load (success): 232965 verts, 114615892 edges 1.48941 second(s)
Complete loading graphs !!
Complete loading graphs !!
Complete loading graphs !!
Preproc (ms): 939.503
PE-1, Total (ms): 28.709
PE-3, Total (ms): 28.875
PE-0, Total (ms): 33.834
PE-2, Total (ms): 36.212
MPI time (ms) 36.210
===================================
