Graph File: dataset/bin/Reddit_beg_pos.bin
Expected edge count: 114615892
Graph File: dataset/bin/Reddit_beg_pos.bin
Expected edge count: 114615892
Graph File: dataset/bin/Reddit_beg_pos.bin
Expected edge count: 114615892
Graph File: dataset/bin/Reddit_beg_pos.bin
Expected edge count: 114615892
114615892 114615892
114615892 114615892
114615892 114615892
114615892 114615892
Graph load (success): 232965 verts, 114615892 edges 1.26926 second(s)
Graph load (success): 232965 verts, 114615892 edges 1.30496 second(s)
Graph load (success): 232965 verts, 114615892 edges 1.34404 second(s)
Graph load (success): 232965 verts, 114615892 edges 1.35297 second(s)
Complete loading graphs !!
Complete loading graphs !!
Complete loading graphs !!
Complete loading graphs !!
Preproc (ms): 911.453
PE-2, Total (ms): 35.107
PE-3, Total (ms): 35.109
PE-1, Total (ms): 35.108
PE-0, Total (ms): 35.109
MPI time (ms) 35.107
===================================
