Graph File: dataset/bin/Reddit_beg_pos.bin
Expected edge count: 114615892
Graph File: dataset/bin/Reddit_beg_pos.bin
Expected edge count: 114615892
Graph File: dataset/bin/Reddit_beg_pos.bin
Expected edge count: 114615892
Graph File: dataset/bin/Reddit_beg_pos.bin
Expected edge count: 114615892
Graph File: dataset/bin/Reddit_beg_pos.bin
Expected edge count: 114615892
Graph File: dataset/bin/Reddit_beg_pos.bin
Graph File: dataset/bin/Reddit_beg_pos.bin
Expected edge count: 114615892
Expected edge count: 114615892
Graph File: dataset/bin/Reddit_beg_pos.bin
Expected edge count: 114615892
114615892 114615892
114615892 114615892
114615892 114615892
114615892 114615892
114615892 114615892
114615892 114615892
114615892 114615892
114615892 114615892
Graph load (success): 232965 verts, 114615892 edges 1.38213 second(s)
Graph load (success): 232965 verts, 114615892 edges 1.39665 second(s)
Graph load (success): 232965 verts, 114615892 edges 1.37692 second(s)
Graph load (success): 232965 verts, 114615892 edges 1.37749 second(s)
Graph load (success): 232965 verts, 114615892 edges 1.48075 second(s)
Graph load (success): 232965 verts, 114615892 edges 1.51989 second(s)
Graph load (success): 232965 verts, 114615892 edges 1.53589 second(s)
Graph load (success): 232965 verts, 114615892 edges 1.52922 second(s)
Complete loading graphs !!
Complete loading graphs !!
Complete loading graphs !!
Complete loading graphs !!
Complete loading graphs !!
Complete loading graphs !!
Complete loading graphs !!
Complete loading graphs !!
Preproc (ms): 457.639
PE-3, Total (ms): 9.597
PE-2, Total (ms): 9.597
PE-6, Total (ms): 9.598
PE-1, Total (ms): 9.598
PE-4, Total (ms): 9.598
PE-5, Total (ms): 9.597
PE-7, Total (ms): 9.598
PE-0, Total (ms): 9.598
MPI time (ms) 9.598
===================================
