Graph File: dataset/bin/Reddit_beg_pos.bin
Expected edge count: 114615892
Graph File: dataset/bin/Reddit_beg_pos.bin
Expected edge count: 114615892
Graph File: dataset/bin/Reddit_beg_pos.bin
Expected edge count: 114615892
Graph File: dataset/bin/Reddit_beg_pos.bin
Expected edge count: 114615892
114615892 114615892
114615892 114615892
114615892 114615892
114615892 114615892
Graph load (success): 232965 verts, 114615892 edges 1.26557 second(s)
Graph load (success): 232965 verts, 114615892 edges 1.31399 second(s)
Graph load (success): 232965 verts, 114615892 edges 1.35421 second(s)
Graph load (success): 232965 verts, 114615892 edges 1.35271 second(s)
Complete loading graphs !!
Complete loading graphs !!
Complete loading graphs !!
Complete loading graphs !!
Preproc (ms): 908.901
PE-1, Total (ms): 23.542
PE-2, Total (ms): 23.542
PE-3, Total (ms): 23.543
PE-0, Total (ms): 23.542
MPI time (ms) 23.541
===================================
