Graph File: dataset/Reddit.mtx
Graph File: dataset/Reddit.mtx
Graph File: dataset/Reddit.mtx
Graph File: dataset/Reddit.mtx
Complete loading graphs !!
Complete loading graphs !!
Complete loading graphs !!
Complete loading graphs !!
PE-3-local, num_nodes: 58239, part_size, 2, num_parts, 3346853
PE-2-local, num_nodes: 58242, part_size, 2, num_parts, 3622403
PE-1-local, num_nodes: 58242, part_size, 2, num_parts, 3645333
PE-0-local, num_nodes: 58242, part_size, 2, num_parts, 3786221
PE-3-remote, num_nodes: 58239, part_size, 2, num_parts, 10486464
PE-2-remote, num_nodes: 58242, part_size, 2, num_parts, 10790194
PE-1-remote, num_nodes: 58242, part_size, 2, num_parts, 10805050
PE-0-remote, num_nodes: 58242, part_size, 2, num_parts, 10941707
PreProcess time (s) 2.022
grid: 85483, block: 256, shared_memory (KB): 1.088
grid: 84415, block: 256, shared_memory (KB): 1.088
grid: 84299, block: 256, shared_memory (KB): 1.088
grid: 81926, block: 256, shared_memory (KB): 1.088
PE-3, Total (ms): 10.959, Dense (ms): 0.000
PE-2, Total (ms): 11.439, Dense (ms): 0.000
PE-1, Total (ms): 11.619, Dense (ms): 0.000
PE-0, Total (ms): 11.942, Dense (ms): 0.000
MPI time (ms) 11.954
===================================
