Graph File: dataset/bin/Reddit_beg_pos.bin
Expected edge count: 114615892
Graph File: dataset/bin/Reddit_beg_pos.bin
Expected edge count: 114615892
Graph File: dataset/bin/Reddit_beg_pos.bin
Expected edge count: 114615892
Graph File: dataset/bin/Reddit_beg_pos.bin
Expected edge count: 114615892
114615892 114615892
114615892 114615892
114615892 114615892
114615892 114615892
Graph load (success): 232965 verts, 114615892 edges 1.27067 second(s)
Graph load (success): 232965 verts, 114615892 edges 1.37994 second(s)
Complete loading graphs !!
Graph load (success): 232965 verts, 114615892 edges 1.48392 second(s)
Graph load (success): 232965 verts, 114615892 edges 1.48125 second(s)
Complete loading graphs !!
Complete loading graphs !!
Complete loading graphs !!
Preproc (ms): 920.459
PE-1, Total (ms): 27.806
PE-3, Total (ms): 29.156
PE-0, Total (ms): 33.776
PE-2, Total (ms): 36.222
MPI time (ms) 36.221
===================================
