Graph File: dataset/Reddit.mtx
Graph File: dataset/Reddit.mtx
Graph File: dataset/Reddit.mtx
Graph File: dataset/Reddit.mtx
Complete loading graphs !!
Complete loading graphs !!
Complete loading graphs !!
Complete loading graphs !!
PE-3-local, num_nodes: 58239, part_size, 16, num_parts, 444967
PE-3-remote, num_nodes: 58239, part_size, 16, num_parts, 1337096
PE-2-local, num_nodes: 58242, part_size, 16, num_parts, 479496
PE-2-remote, num_nodes: 58242, part_size, 16, num_parts, 1374884
PE-1-local, num_nodes: 58242, part_size, 16, num_parts, 482399
PE-0-local, num_nodes: 58242, part_size, 16, num_parts, 499829
PE-1-remote, num_nodes: 58242, part_size, 16, num_parts, 1376744
PE-0-remote, num_nodes: 58242, part_size, 16, num_parts, 1393828
PreProcess time (s) 1.676
grid: 344186, block: 64, shared_memory (KB): 0.384
grid: 343721, block: 64, shared_memory (KB): 0.384
grid: 348457, block: 64, shared_memory (KB): 0.384
grid: 334274, block: 64, shared_memory (KB): 0.384
PE-3, Total (ms): 7.034, Dense (ms): 0.000
PE-2, Total (ms): 7.415, Dense (ms): 0.000
PE-1, Total (ms): 7.520, Dense (ms): 0.000
PE-0, Total (ms): 7.699, Dense (ms): 0.000
MPI time (ms) 7.712
===================================
