Graph File: dataset/bin/Reddit_beg_pos.bin
Expected edge count: 114615892
Graph File: dataset/bin/Reddit_beg_pos.bin
Expected edge count: 114615892
Graph File: dataset/bin/Reddit_beg_pos.bin
Expected edge count: 114615892
Graph File: dataset/bin/Reddit_beg_pos.bin
Expected edge count: 114615892
114615892 114615892
114615892 114615892
114615892 114615892
114615892 114615892
Graph load (success): 232965 verts, 114615892 edges 1.28029 second(s)
Graph load (success): 232965 verts, 114615892 edges 1.28642 second(s)
Complete loading graphs !!
Complete loading graphs !!
Graph load (success): 232965 verts, 114615892 edges 1.5076 second(s)
Graph load (success): 232965 verts, 114615892 edges 1.51365 second(s)
Complete loading graphs !!
Complete loading graphs !!
Preproc (ms): 931.548
PE-1, Total (ms): 29.349
PE-3, Total (ms): 29.552
PE-0, Total (ms): 34.764
PE-2, Total (ms): 37.228
MPI time (ms) 37.228
===================================
