Graph File: dataset/bin/Reddit_beg_pos.bin
Expected edge count: 114615892
Graph File: dataset/bin/Reddit_beg_pos.bin
Expected edge count: 114615892
Graph File: dataset/bin/Reddit_beg_pos.bin
Expected edge count: 114615892
Graph File: dataset/bin/Reddit_beg_pos.bin
Expected edge count: 114615892
Graph File: dataset/bin/Reddit_beg_pos.bin
Expected edge count: 114615892
Graph File: dataset/bin/Reddit_beg_pos.bin
Expected edge count: 114615892
Graph File: dataset/bin/Reddit_beg_pos.bin
Expected edge count: 114615892
Graph File: dataset/bin/Reddit_beg_pos.bin
Expected edge count: 114615892
114615892 114615892
114615892 114615892
114615892 114615892
114615892 114615892
114615892 114615892
114615892 114615892
114615892 114615892
114615892 114615892
Graph load (success): 232965 verts, 114615892 edges 1.31161 second(s)
Graph load (success): 232965 verts, 114615892 edges 1.32018 second(s)
Graph load (success): 232965 verts, 114615892 edges 1.3545 second(s)
Graph load (success): 232965 verts, 114615892 edges 1.34662 second(s)
Graph load (success): 232965 verts, 114615892 edges 1.36466 second(s)
Graph load (success): 232965 verts, 114615892 edges 1.31834 second(s)
Graph load (success): 232965 verts, 114615892 edges 1.35704 second(s)
Graph load (success): 232965 verts, 114615892 edges 1.36783 second(s)
Complete loading graphs !!
Complete loading graphs !!
Complete loading graphs !!
Complete loading graphs !!
Complete loading graphs !!
Complete loading graphs !!
Complete loading graphs !!
Complete loading graphs !!
Preproc (ms): 438.239
PE-2, Total (ms): 61.319
PE-6, Total (ms): 61.317
PE-5, Total (ms): 61.319
PE-7, Total (ms): 61.311
PE-4, Total (ms): 61.320
PE-3, Total (ms): 61.314
PE-1, Total (ms): 61.318
PE-0, Total (ms): 61.315
MPI time (ms) 61.317
===================================
