Graph File: dataset/bin/Reddit_beg_pos.bin
Expected edge count: 114615892
Graph File: dataset/bin/Reddit_beg_pos.bin
Graph File: dataset/bin/Reddit_beg_pos.bin
Expected edge count: 114615892
Expected edge count: 114615892
Graph File: dataset/bin/Reddit_beg_pos.bin
Expected edge count: 114615892
114615892 114615892
114615892 114615892
114615892 114615892
114615892 114615892
Graph load (success): 232965 verts, 114615892 edges 1.29145 second(s)
Graph load (success): 232965 verts, 114615892 edges 1.30353 second(s)
Complete loading graphs !!
Complete loading graphs !!
Graph load (success): 232965 verts, 114615892 edges 1.46137 second(s)
Graph load (success): 232965 verts, 114615892 edges 1.46796 second(s)
Complete loading graphs !!
Complete loading graphs !!
Preproc (ms): 912.031
PE-1, Total (ms): 27.373
PE-3, Total (ms): 28.597
PE-0, Total (ms): 33.434
PE-2, Total (ms): 35.927
MPI time (ms) 35.926
===================================
Graph File: dataset/bin/ogbn-products_beg_pos.bin
Graph File: dataset/bin/ogbn-products_beg_pos.bin
Graph File: dataset/bin/ogbn-products_beg_pos.bin
Expected edge count: 123718280
Graph File: dataset/bin/ogbn-products_beg_pos.bin
Expected edge count: 123718280
Expected edge count: 123718280
Expected edge count: 123718280
123718280 123718280
123718280 123718280
123718280 123718280
123718280 123718280
Graph load (success): 2449029 verts, 123718280 edges 1.39295 second(s)
Graph load (success): 2449029 verts, 123718280 edges 1.47595 second(s)
Complete loading graphs !!
Graph load (success): 2449029 verts, 123718280 edges 1.55965 second(s)
Graph load (success): 2449029 verts, 123718280 edges 1.56433 second(s)
Complete loading graphs !!
Complete loading graphs !!
Complete loading graphs !!
Preproc (ms): 1701.614
PE-2, Total (ms): 19.135
PE-3, Total (ms): 20.844
PE-1, Total (ms): 21.422
PE-0, Total (ms): 36.165
MPI time (ms) 36.168
===================================
Graph File: dataset/bin/ogbn-proteins_beg_pos.bin
Expected edge count: 79122504
Graph File: dataset/bin/ogbn-proteins_beg_pos.bin
Expected edge count: 79122504
Graph File: dataset/bin/ogbn-proteins_beg_pos.bin
Expected edge count: 79122504
Graph File: dataset/bin/ogbn-proteins_beg_pos.bin
Expected edge count: 79122504
79122504 79122504
79122504 79122504
79122504 79122504
79122504 79122504
Graph load (success): 132534 verts, 79122504 edges 0.891492 second(s)
Graph load (success): 132534 verts, 79122504 edges 0.900407 second(s)
Complete loading graphs !!
Graph load (success): 132534 verts, 79122504 edges 1.00125 second(s)
Complete loading graphs !!
Graph load (success): 132534 verts, 79122504 edges 1.0007 second(s)
Complete loading graphs !!
Complete loading graphs !!
Preproc (ms): 490.327
PE-3, Total (ms): 10.963
PE-0, Total (ms): 12.233
PE-2, Total (ms): 12.256
PE-1, Total (ms): 13.482
MPI time (ms) 13.486
===================================
Graph File: dataset/bin/com-Orkut_beg_pos.bin
Graph File: dataset/bin/com-Orkut_beg_pos.bin
Graph File: dataset/bin/com-Orkut_beg_pos.bin
Graph File: dataset/bin/com-Orkut_beg_pos.bin
Expected edge count: 117185083
Expected edge count: 117185083
Expected edge count: 117185083
Expected edge count: 117185083
117185083 117185083
117185083 117185083
117185083 117185083
117185083 117185083
Graph load (success): 3072441 verts, 117185083 edges 1.31651 second(s)
Graph load (success): 3072441 verts, 117185083 edges 1.32238 second(s)
Complete loading graphs !!
Complete loading graphs !!
Graph load (success): 3072441 verts, 117185083 edges 1.48057 second(s)
Graph load (success): 3072441 verts, 117185083 edges 1.47897 second(s)
Complete loading graphs !!
Complete loading graphs !!
Preproc (ms): 723.597
PE-0, Total (ms): 7.723
PE-3, Total (ms): 17.358
PE-1, Total (ms): 18.195
PE-2, Total (ms): 19.865
MPI time (ms) 19.869
===================================
