Graph File: dataset/Reddit.mtx
Graph File: dataset/Reddit.mtx
Graph File: dataset/Reddit.mtx
Graph File: dataset/Reddit.mtx
Complete loading graphs !!
Complete loading graphs !!
Complete loading graphs !!
Complete loading graphs !!
PE-3-local, num_nodes: 58239, part_size, 16, num_parts, 444967
PE-3-remote, num_nodes: 58239, part_size, 16, num_parts, 1337096
PE-2-local, num_nodes: 58242, part_size, 16, num_parts, 479496
PE-0-local, num_nodes: 58242, part_size, 16, num_parts, 499829
PE-1-local, num_nodes: 58242, part_size, 16, num_parts, 482399
PE-2-remote, num_nodes: 58242, part_size, 16, num_parts, 1374884
PE-0-remote, num_nodes: 58242, part_size, 16, num_parts, 1393828
PE-1-remote, num_nodes: 58242, part_size, 16, num_parts, 1376744
PreProcess time (s) 1.634
grid: 2686, block: 256, shared_memory (KB): 1.536
grid: 2723, block: 256, shared_memory (KB): 1.536
grid: 2689, block: 256, shared_memory (KB): 1.536
grid: 2612, block: 256, shared_memory (KB): 1.536
PE-2, Total (ms): 8.479, Dense (ms): 0.000
PE-0, Total (ms): 8.534, Dense (ms): 0.000
PE-3, Total (ms): 8.748, Dense (ms): 0.000
PE-1, Total (ms): 8.983, Dense (ms): 0.000
MPI time (ms) 8.994
===================================
