Graph File: dataset/bin/Reddit_beg_pos.bin
Expected edge count: 114615892
Graph File: dataset/bin/Reddit_beg_pos.bin
Expected edge count: 114615892
Graph File: dataset/bin/Reddit_beg_pos.bin
Expected edge count: 114615892
Graph File: dataset/bin/Reddit_beg_pos.bin
Expected edge count: 114615892
Graph File: dataset/bin/Reddit_beg_pos.bin
Expected edge count: 114615892
Graph File: dataset/bin/Reddit_beg_pos.bin
Expected edge count: 114615892
Graph File: dataset/bin/Reddit_beg_pos.bin
Expected edge count: 114615892
Graph File: dataset/bin/Reddit_beg_pos.bin
Expected edge count: 114615892
114615892 114615892
114615892 114615892
114615892 114615892
114615892 114615892
114615892 114615892
114615892 114615892
114615892 114615892
114615892 114615892
Graph load (success): 232965 verts, 114615892 edges 1.38721 second(s)
Graph load (success): 232965 verts, 114615892 edges 1.39549 second(s)
Graph load (success): 232965 verts, 114615892 edges 1.39574 second(s)
Graph load (success): 232965 verts, 114615892 edges 1.36773 second(s)
Graph load (success): 232965 verts, 114615892 edges 1.52531 second(s)
Graph load (success): 232965 verts, 114615892 edges 1.53938 second(s)
Complete loading graphs !!
Graph load (success): 232965 verts, 114615892 edges 1.53513 second(s)
Complete loading graphs !!
Graph load (success): 232965 verts, 114615892 edges 1.56005 second(s)
Complete loading graphs !!
Complete loading graphs !!
Complete loading graphs !!
Complete loading graphs !!
Complete loading graphs !!
Complete loading graphs !!
Preproc (ms): 447.610
PE-1, Total (ms): 11.175
PE-7, Total (ms): 11.208
PE-3, Total (ms): 11.207
PE-4, Total (ms): 11.207
PE-6, Total (ms): 11.208
PE-5, Total (ms): 11.205
PE-2, Total (ms): 11.207
PE-0, Total (ms): 11.207
MPI time (ms) 11.207
===================================
