Graph File: dataset/Reddit.mtx
Graph File: dataset/Reddit.mtx
Graph File: dataset/Reddit.mtx
Graph File: dataset/Reddit.mtx
Graph File: dataset/Reddit.mtx
Graph File: dataset/Reddit.mtx
Graph File: dataset/Reddit.mtx
Graph File: dataset/Reddit.mtx
Complete loading graphs !!
Complete loading graphs !!
Complete loading graphs !!
Complete loading graphs !!
Complete loading graphs !!
Complete loading graphs !!
Complete loading graphs !!
Complete loading graphs !!
==PROF== Connected to process 1155 (/MGG/build/MGG)
==PROF== Connected to process 1156 (/MGG/build/MGG)
==PROF== Connected to process 1157 (/MGG/build/MGG)
==PROF== Connected to process 1158 (/MGG/build/MGG)
==PROF== Connected to process 1151 (/MGG/build/MGG)
==PROF== Connected to process 1152 (/MGG/build/MGG)
==PROF== Connected to process 1153 (/MGG/build/MGG)
==PROF== Connected to process 1154 (/MGG/build/MGG)
PE-7-local, num_nodes: 29118, part_size, 16, num_parts, 116798
PE-3-local, num_nodes: 29121, part_size, 16, num_parts, 124972
PE-6-local, num_nodes: 29121, part_size, 16, num_parts, 120122
PE-4-local, num_nodes: 29121, part_size, 16, num_parts, 128979
PE-7-remote, num_nodes: 29118, part_size, 16, num_parts, 767057
PE-1-local, num_nodes: 29121, part_size, 16, num_parts, 128409
PE-2-local, num_nodes: 29121, part_size, 16, num_parts, 130846
PE-5-local, num_nodes: 29121, part_size, 16, num_parts, 125093
PE-3-remote, num_nodes: 29121, part_size, 16, num_parts, 793118
PE-6-remote, num_nodes: 29121, part_size, 16, num_parts, 778470
PE-4-remote, num_nodes: 29121, part_size, 16, num_parts, 806137
PE-0-local, num_nodes: 29121, part_size, 16, num_parts, 136079
PE-1-remote, num_nodes: 29121, part_size, 16, num_parts, 803939
PE-2-remote, num_nodes: 29121, part_size, 16, num_parts, 810566
PE-5-remote, num_nodes: 29121, part_size, 16, num_parts, 794379
PE-0-remote, num_nodes: 29121, part_size, 16, num_parts, 825541
PreProcess time (s) 0.574
grid: 778470, block: 32, shared_memory (KB): 4.880
grid: 793118, block: 32, shared_memory (KB): 4.880
grid: 767057, block: 32, shared_memory (KB): 4.880
grid: 810566, block: 32, shared_memory (KB): 4.880
grid: 806137, block: 32, shared_memory (KB): 4.880
grid: 794379, block: 32, shared_memory (KB): 4.880
grid: 803939, block: 32, shared_memory (KB): 4.880
grid: 825541, block: 32, shared_memory (KB): 4.880
==PROF== Profiling "SAG_cuda_kernel_fused_interleaved": 0%....50%....100% - 10 passes
PE-0, Total (ms): 2114.133, Dense (ms): 0.000
PE-1, Total (ms): 275.553, Dense (ms): 0.000
PE-3, Total (ms): 196.952, Dense (ms): 0.000
PE-6, Total (ms): 133.387, Dense (ms): 0.000
PE-4, Total (ms): 193.423, Dense (ms): 0.000
PE-7, Total (ms): 326.125, Dense (ms): 0.000
PE-5, Total (ms): 502.068, Dense (ms): 0.000
MPI time (ms) 2381.251
PE-2, Total (ms): 34.463, Dense (ms): 0.000
===================================
==PROF== Disconnected from process 1154
==PROF== Disconnected from process 1155
==PROF== Disconnected from process 1152
==PROF== Disconnected from process 1156
==PROF== Disconnected from process 1151
==PROF== Disconnected from process 1158
==PROF== Disconnected from process 1157
==PROF== Disconnected from process 1153
[1151] MGG@127.0.0.1
  void SAG_cuda_kernel_fused_interleaved<int, float, int>(float*, float const*, int const*, int const*, int const*, int const*, int, int const*, int const*, int const*, int const*, int, int, int, int, int, int, int, int), 2021-Jun-28 04:38:26, Context 1, Stream 7
    Section: GPU Speed Of Light
    ---------------------------------------------------------------------- --------------- ------------------------------
    DRAM Frequency                                                           cycle/nsecond                           1.21
    SM Frequency                                                             cycle/nsecond                           1.09
    Elapsed Cycles                                                                   cycle                       35155568
    Memory [%]                                                                           %                          10.09
    SOL DRAM                                                                             %                           3.37
    Duration                                                                       msecond                          32.11
    SOL L1/TEX Cache                                                                     %                          10.10
    SOL L2 Cache                                                                         %                           8.45
    SM Active Cycles                                                                 cycle                    34924161.36
    SM [%]                                                                               %                          12.96
    ---------------------------------------------------------------------- --------------- ------------------------------
    WRN   This kernel exhibits low compute throughput and memory bandwidth utilization relative to the peak performance 
          of this device. Achieved compute throughput and/or memory bandwidth below 60.0% of peak typically indicate    
          latency issues. Look at Scheduler Statistics and Warp State Statistics for potential reasons.                 

    Section: Launch Statistics
    ---------------------------------------------------------------------- --------------- ------------------------------
    Block Size                                                                                                         32
    Function Cache Configuration                                                                  cudaFuncCachePreferNone
    Grid Size                                                                                                      825541
    Registers Per Thread                                                   register/thread                             62
    Shared Memory Configuration Size                                                 Kbyte                         167.94
    Driver Shared Memory Per Block                                             Kbyte/block                           1.02
    Dynamic Shared Memory Per Block                                            Kbyte/block                           4.88
    Static Shared Memory Per Block                                              byte/block                              0
    Threads                                                                         thread                       26417312
    Waves Per SM                                                                                                   283.11
    ---------------------------------------------------------------------- --------------- ------------------------------

    Section: Occupancy
    ---------------------------------------------------------------------- --------------- ------------------------------
    Block Limit SM                                                                   block                             32
    Block Limit Registers                                                            block                             32
    Block Limit Shared Mem                                                           block                             27
    Block Limit Warps                                                                block                             64
    Theoretical Active Warps per SM                                                   warp                             27
    Theoretical Occupancy                                                                %                          42.19
    Achieved Occupancy                                                                   %                          41.77
    Achieved Active Warps Per SM                                                      warp                          26.73
    ---------------------------------------------------------------------- --------------- ------------------------------
    WRN   This kernel's theoretical occupancy is limited by the required amount of shared memory.                       

Graph File: dataset/enwiki-2013.mtx
Graph File: dataset/enwiki-2013.mtx
Graph File: dataset/enwiki-2013.mtx
Graph File: dataset/enwiki-2013.mtx
Graph File: dataset/enwiki-2013.mtx
Graph File: dataset/enwiki-2013.mtx
Graph File: dataset/enwiki-2013.mtx
Graph File: dataset/enwiki-2013.mtx
Complete loading graphs !!
Complete loading graphs !!
Complete loading graphs !!
Complete loading graphs !!
Complete loading graphs !!
Complete loading graphs !!
Complete loading graphs !!
Complete loading graphs !!
==PROF== Connected to process 1227 (/MGG/build/MGG)
==PROF== Connected to process 1228 (/MGG/build/MGG)
==PROF== Connected to process 1229 (/MGG/build/MGG)
==PROF== Connected to process 1230 (/MGG/build/MGG)
==PROF== Connected to process 1231 (/MGG/build/MGG)
==PROF== Connected to process 1232 (/MGG/build/MGG)
==PROF== Connected to process 1233 (/MGG/build/MGG)
==PROF== Connected to process 1226 (/MGG/build/MGG)
PE-4-local, num_nodes: 525416, part_size, 16, num_parts, 860179
PE-4-remote, num_nodes: 525416, part_size, 16, num_parts, 878267
PE-2-local, num_nodes: 525416, part_size, 16, num_parts, 1080023
PE-6-local, num_nodes: 525416, part_size, 16, num_parts, 998688
PE-7-local, num_nodes: 525411, part_size, 16, num_parts, 1131085
PE-2-remote, num_nodes: 525416, part_size, 16, num_parts, 945651
PE-6-remote, num_nodes: 525416, part_size, 16, num_parts, 973072
PE-7-remote, num_nodes: 525411, part_size, 16, num_parts, 958391
PE-1-local, num_nodes: 525416, part_size, 16, num_parts, 1114729
PE-1-remote, num_nodes: 525416, part_size, 16, num_parts, 1026578
PE-3-local, num_nodes: 525416, part_size, 16, num_parts, 1258634
PE-5-local, num_nodes: 525416, part_size, 16, num_parts, 1359943
PE-3-remote, num_nodes: 525416, part_size, 16, num_parts, 1093206
PE-5-remote, num_nodes: 525416, part_size, 16, num_parts, 923790
PE-0-local, num_nodes: 525416, part_size, 16, num_parts, 1563012
PE-0-remote, num_nodes: 525416, part_size, 16, num_parts, 1159827
PreProcess time (s) 1.192
grid: 1258634, block: 32, shared_memory (KB): 0.864
grid: 998688, block: 32, shared_memory (KB): 0.864
grid: 1080023, block: 32, shared_memory (KB): 0.864
grid: 1131085, block: 32, shared_memory (KB): 0.864
grid: 1359943, block: 32, shared_memory (KB): 0.864
grid: 1114729, block: 32, shared_memory (KB): 0.864
grid: 878267, block: 32, shared_memory (KB): 0.864
grid: 1563012, block: 32, shared_memory (KB): 0.864
==PROF== Profiling "SAG_cuda_kernel_fused_interleaved": 0%....50%....100% - 10 passes
PE-0, Total (ms): 2015.898, Dense (ms): 0.000
PE-2, Total (ms): 126.524, Dense (ms): 0.000
PE-4, Total (ms): 162.546, Dense (ms): 0.000
PE-7, Total (ms): 368.519, Dense (ms): 0.000
PE-5, Total (ms): 356.133, Dense (ms): 0.000
PE-6, Total (ms): 51.468, Dense (ms): 0.000
PE-1, Total (ms): 297.012, Dense (ms): 0.000
PE-3, Total (ms): 328.745, Dense (ms): 0.000
MPI time (ms) 2513.534
===================================
==PROF== Disconnected from process 1232
==PROF== Disconnected from process 1226
==PROF== Disconnected from process 1233
==PROF== Disconnected from process 1229
==PROF== Disconnected from process 1230
==PROF== Disconnected from process 1227
==PROF== Disconnected from process 1228
==PROF== Disconnected from process 1231
[1226] MGG@127.0.0.1
  void SAG_cuda_kernel_fused_interleaved<int, float, int>(float*, float const*, int const*, int const*, int const*, int const*, int, int const*, int const*, int const*, int const*, int, int, int, int, int, int, int, int), 2021-Jun-28 04:40:03, Context 1, Stream 7
    Section: GPU Speed Of Light
    ---------------------------------------------------------------------- --------------- ------------------------------
    DRAM Frequency                                                           cycle/nsecond                           1.21
    SM Frequency                                                             cycle/nsecond                           1.09
    Elapsed Cycles                                                                   cycle                       51179738
    Memory [%]                                                                           %                          12.89
    SOL DRAM                                                                             %                           2.40
    Duration                                                                       msecond                          46.59
    SOL L1/TEX Cache                                                                     %                          12.89
    SOL L2 Cache                                                                         %                           6.76
    SM Active Cycles                                                                 cycle                    50887274.26
    SM [%]                                                                               %                          22.70
    ---------------------------------------------------------------------- --------------- ------------------------------
    WRN   This kernel exhibits low compute throughput and memory bandwidth utilization relative to the peak performance 
          of this device. Achieved compute throughput and/or memory bandwidth below 60.0% of peak typically indicate    
          latency issues. Look at Scheduler Statistics and Warp State Statistics for potential reasons.                 

    Section: Launch Statistics
    ---------------------------------------------------------------------- --------------- ------------------------------
    Block Size                                                                                                         32
    Function Cache Configuration                                                                  cudaFuncCachePreferNone
    Grid Size                                                                                                     1563012
    Registers Per Thread                                                   register/thread                             62
    Shared Memory Configuration Size                                                 Kbyte                          65.54
    Driver Shared Memory Per Block                                             Kbyte/block                           1.02
    Dynamic Shared Memory Per Block                                             byte/block                            864
    Static Shared Memory Per Block                                              byte/block                              0
    Threads                                                                         thread                       50016384
    Waves Per SM                                                                                                   452.26
    ---------------------------------------------------------------------- --------------- ------------------------------

    Section: Occupancy
    ---------------------------------------------------------------------- --------------- ------------------------------
    Block Limit SM                                                                   block                             32
    Block Limit Registers                                                            block                             32
    Block Limit Shared Mem                                                           block                             87
    Block Limit Warps                                                                block                             64
    Theoretical Active Warps per SM                                                   warp                             32
    Theoretical Occupancy                                                                %                             50
    Achieved Occupancy                                                                   %                          46.67
    Achieved Active Warps Per SM                                                      warp                          29.87
    ---------------------------------------------------------------------- --------------- ------------------------------
    WRN   This kernel's theoretical occupancy is limited by the number of required registers. This kernel's theoretical 
          occupancy is limited by the number of blocks that can fit on the SM.                                          

Graph File: dataset/ogbn-products.mtx
Graph File: dataset/ogbn-products.mtx
Graph File: dataset/ogbn-products.mtx
Graph File: dataset/ogbn-products.mtx
Graph File: dataset/ogbn-products.mtx
Graph File: dataset/ogbn-products.mtx
Graph File: dataset/ogbn-products.mtx
Graph File: dataset/ogbn-products.mtx
Complete loading graphs !!
Complete loading graphs !!
Complete loading graphs !!
Complete loading graphs !!
Complete loading graphs !!
Complete loading graphs !!
Complete loading graphs !!
Complete loading graphs !!
==PROF== Connected to process 1301 (/MGG/build/MGG)
==PROF== Connected to process 1302 (/MGG/build/MGG)
==PROF== Connected to process 1303 (/MGG/build/MGG)
==PROF== Connected to process 1304 (/MGG/build/MGG)
==PROF== Connected to process 1305 (/MGG/build/MGG)
==PROF== Connected to process 1306 (/MGG/build/MGG)
==PROF== Connected to process 1307 (/MGG/build/MGG)
==PROF== Connected to process 1308 (/MGG/build/MGG)
PE-7-local, num_nodes: 306126, part_size, 16, num_parts, 239616
PE-6-local, num_nodes: 306129, part_size, 16, num_parts, 241050
PE-7-remote, num_nodes: 306126, part_size, 16, num_parts, 829541
PE-4-local, num_nodes: 306129, part_size, 16, num_parts, 240198
PE-2-local, num_nodes: 306129, part_size, 16, num_parts, 240068
PE-1-local, num_nodes: 306129, part_size, 16, num_parts, 238959
PE-3-local, num_nodes: 306129, part_size, 16, num_parts, 239721
PE-5-local, num_nodes: 306129, part_size, 16, num_parts, 239453
PE-6-remote, num_nodes: 306129, part_size, 16, num_parts, 834209
PE-4-remote, num_nodes: 306129, part_size, 16, num_parts, 831390
PE-2-remote, num_nodes: 306129, part_size, 16, num_parts, 833184
PE-1-remote, num_nodes: 306129, part_size, 16, num_parts, 828147
PE-3-remote, num_nodes: 306129, part_size, 16, num_parts, 830522
PE-5-remote, num_nodes: 306129, part_size, 16, num_parts, 829621
PE-0-local, num_nodes: 306129, part_size, 16, num_parts, 1084525
PE-0-remote, num_nodes: 306129, part_size, 16, num_parts, 1717333
PreProcess time (s) 1.383
grid: 831390, block: 32, shared_memory (KB): 0.864
grid: 834209, block: 32, shared_memory (KB): 0.864
grid: 829541, block: 32, shared_memory (KB): 0.864
grid: 833184, block: 32, shared_memory (KB): 0.864
grid: 1717333, block: 32, shared_memory (KB): 0.864
grid: 828147, block: 32, shared_memory (KB): 0.864
grid: 830522, block: 32, shared_memory (KB): 0.864
grid: 829621, block: 32, shared_memory (KB): 0.864
==PROF== Profiling "SAG_cuda_kernel_fused_interleaved": 0%....50%....100% - 10 passes
PE-0, Total (ms): 2110.880, Dense (ms): 0.000
PE-1, Total (ms): 215.355, Dense (ms): 0.000
PE-7, Total (ms): 278.424, Dense (ms): 0.000
PE-5, Total (ms): 223.591, Dense (ms): 0.000
PE-6, Total (ms): 13.446, Dense (ms): 0.000
PE-4, Total (ms): 73.485, Dense (ms): 0.000
PE-2, Total (ms): 285.350, Dense (ms): 0.000
PE-3, Total (ms): 224.377, Dense (ms): 0.000
MPI time (ms) 2511.068
===================================
==PROF== Disconnected from process 1307
==PROF== Disconnected from process 1301
==PROF== Disconnected from process 1308
==PROF== Disconnected from process 1306
==PROF== Disconnected from process 1304
==PROF== Disconnected from process 1302
==PROF== Disconnected from process 1303
==PROF== Disconnected from process 1305
[1301] MGG@127.0.0.1
  void SAG_cuda_kernel_fused_interleaved<int, float, int>(float*, float const*, int const*, int const*, int const*, int const*, int, int const*, int const*, int const*, int const*, int, int, int, int, int, int, int, int), 2021-Jun-28 04:41:14, Context 1, Stream 7
    Section: GPU Speed Of Light
    ---------------------------------------------------------------------- --------------- ------------------------------
    DRAM Frequency                                                           cycle/nsecond                           1.21
    SM Frequency                                                             cycle/nsecond                           1.09
    Elapsed Cycles                                                                   cycle                       54329598
    Memory [%]                                                                           %                          11.47
    SOL DRAM                                                                             %                           6.21
    Duration                                                                       msecond                          49.45
    SOL L1/TEX Cache                                                                     %                          11.54
    SOL L2 Cache                                                                         %                          10.27
    SM Active Cycles                                                                 cycle                    53703094.08
    SM [%]                                                                               %                          20.74
    ---------------------------------------------------------------------- --------------- ------------------------------
    WRN   This kernel exhibits low compute throughput and memory bandwidth utilization relative to the peak performance 
          of this device. Achieved compute throughput and/or memory bandwidth below 60.0% of peak typically indicate    
          latency issues. Look at Scheduler Statistics and Warp State Statistics for potential reasons.                 

    Section: Launch Statistics
    ---------------------------------------------------------------------- --------------- ------------------------------
    Block Size                                                                                                         32
    Function Cache Configuration                                                                  cudaFuncCachePreferNone
    Grid Size                                                                                                     1717333
    Registers Per Thread                                                   register/thread                             62
    Shared Memory Configuration Size                                                 Kbyte                          65.54
    Driver Shared Memory Per Block                                             Kbyte/block                           1.02
    Dynamic Shared Memory Per Block                                             byte/block                            864
    Static Shared Memory Per Block                                              byte/block                              0
    Threads                                                                         thread                       54954656
    Waves Per SM                                                                                                   496.91
    ---------------------------------------------------------------------- --------------- ------------------------------

    Section: Occupancy
    ---------------------------------------------------------------------- --------------- ------------------------------
    Block Limit SM                                                                   block                             32
    Block Limit Registers                                                            block                             32
    Block Limit Shared Mem                                                           block                             87
    Block Limit Warps                                                                block                             64
    Theoretical Active Warps per SM                                                   warp                             32
    Theoretical Occupancy                                                                %                             50
    Achieved Occupancy                                                                   %                          47.32
    Achieved Active Warps Per SM                                                      warp                          30.28
    ---------------------------------------------------------------------- --------------- ------------------------------
    WRN   This kernel's theoretical occupancy is limited by the number of blocks that can fit on the SM. This kernel's  
          theoretical occupancy is limited by the number of required registers.                                         

Graph File: dataset/ogbn-proteins.mtx
Graph File: dataset/ogbn-proteins.mtx
Graph File: dataset/ogbn-proteins.mtx
Graph File: dataset/ogbn-proteins.mtx
Graph File: dataset/ogbn-proteins.mtx
Graph File: dataset/ogbn-proteins.mtx
Graph File: dataset/ogbn-proteins.mtx
Graph File: dataset/ogbn-proteins.mtx
Complete loading graphs !!
Complete loading graphs !!
Complete loading graphs !!
Complete loading graphs !!
Complete loading graphs !!
Complete loading graphs !!
Complete loading graphs !!
Complete loading graphs !!
==PROF== Connected to process 1376 (/MGG/build/MGG)
==PROF== Connected to process 1377 (/MGG/build/MGG)
==PROF== Connected to process 1378 (/MGG/build/MGG)
==PROF== Connected to process 1379 (/MGG/build/MGG)
==PROF== Connected to process 1380 (/MGG/build/MGG)
==PROF== Connected to process 1381 (/MGG/build/MGG)
==PROF== Connected to process 1382 (/MGG/build/MGG)
==PROF== Connected to process 1383 (/MGG/build/MGG)
PE-1-local, num_nodes: 16567, part_size, 16, num_parts, 157083
PE-1-remote, num_nodes: 16567, part_size, 16, num_parts, 159888
PE-2-local, num_nodes: 16567, part_size, 16, num_parts, 362441
PE-2-remote, num_nodes: 16567, part_size, 16, num_parts, 115389
PE-3-local, num_nodes: 16567, part_size, 16, num_parts, 345185
PE-3-remote, num_nodes: 16567, part_size, 16, num_parts, 261331
PE-7-local, num_nodes: 16565, part_size, 16, num_parts, 236407
PE-0-local, num_nodes: 16567, part_size, 16, num_parts, 600862
PE-0-remote, num_nodes: 16567, part_size, 16, num_parts, 148807
PE-7-remote, num_nodes: 16565, part_size, 16, num_parts, 416966
PE-4-local, num_nodes: 16567, part_size, 16, num_parts, 398186
PE-4-remote, num_nodes: 16567, part_size, 16, num_parts, 313933
PE-6-local, num_nodes: 16567, part_size, 16, num_parts, 301534
PE-6-remote, num_nodes: 16567, part_size, 16, num_parts, 439199
PE-5-local, num_nodes: 16567, part_size, 16, num_parts, 580914
PE-5-remote, num_nodes: 16567, part_size, 16, num_parts, 230751
PreProcess time (s) 0.520
grid: 362441, block: 32, shared_memory (KB): 0.128
grid: 439199, block: 32, shared_memory (KB): 0.128
grid: 398186, block: 32, shared_memory (KB): 0.128
grid: 600862, block: 32, shared_memory (KB): 0.128
grid: 416966, block: 32, shared_memory (KB): 0.128
grid: 345185, block: 32, shared_memory (KB): 0.128
grid: 580914, block: 32, shared_memory (KB): 0.128
grid: 159888, block: 32, shared_memory (KB): 0.128
==PROF== Profiling "SAG_cuda_kernel_fused_interleaved": 0%....50%....100% - 10 passes
PE-0, Total (ms): 1623.934, Dense (ms): 0.000
PE-7, Total (ms): 393.629, Dense (ms): 0.000
PE-1, Total (ms): 252.936, Dense (ms): 0.000
PE-6, Total (ms): 160.361, Dense (ms): 0.000
PE-3, Total (ms): 218.198, Dense (ms): 0.000
PE-2, Total (ms): 3.723, Dense (ms): 0.000
PE-4, Total (ms): 99.069, Dense (ms): 0.000
PE-5, Total (ms): 299.038, Dense (ms): 0.000
MPI time (ms) 2067.533
===================================
==PROF== Disconnected from process 1383
==PROF== Disconnected from process 1381
==PROF== Disconnected from process 1376
==PROF== Disconnected from process 1379
==PROF== Disconnected from process 1382
==PROF== Disconnected from process 1377
==PROF== Disconnected from process 1378
==PROF== Disconnected from process 1380
[1376] MGG@127.0.0.1
  void SAG_cuda_kernel_fused_interleaved<int, float, int>(float*, float const*, int const*, int const*, int const*, int const*, int, int const*, int const*, int const*, int const*, int, int, int, int, int, int, int, int), 2021-Jun-28 04:42:02, Context 1, Stream 7
    Section: GPU Speed Of Light
    ---------------------------------------------------------------------- --------------- ------------------------------
    DRAM Frequency                                                           cycle/nsecond                           1.21
    SM Frequency                                                             cycle/nsecond                           1.09
    Elapsed Cycles                                                                   cycle                        4055976
    Memory [%]                                                                           %                          15.55
    SOL DRAM                                                                             %                           0.96
    Duration                                                                       msecond                           3.70
    SOL L1/TEX Cache                                                                     %                          15.59
    SOL L2 Cache                                                                         %                           3.91
    SM Active Cycles                                                                 cycle                     4023963.68
    SM [%]                                                                               %                          49.64
    ---------------------------------------------------------------------- --------------- ------------------------------
    WRN   This kernel exhibits low compute throughput and memory bandwidth utilization relative to the peak performance 
          of this device. Achieved compute throughput and/or memory bandwidth below 60.0% of peak typically indicate    
          latency issues. Look at Scheduler Statistics and Warp State Statistics for potential reasons.                 

    Section: Launch Statistics
    ---------------------------------------------------------------------- --------------- ------------------------------
    Block Size                                                                                                         32
    Function Cache Configuration                                                                  cudaFuncCachePreferNone
    Grid Size                                                                                                      600862
    Registers Per Thread                                                   register/thread                             62
    Shared Memory Configuration Size                                                 Kbyte                          65.54
    Driver Shared Memory Per Block                                             Kbyte/block                           1.02
    Dynamic Shared Memory Per Block                                             byte/block                            128
    Static Shared Memory Per Block                                              byte/block                              0
    Threads                                                                         thread                       19227584
    Waves Per SM                                                                                                   173.86
    ---------------------------------------------------------------------- --------------- ------------------------------

    Section: Occupancy
    ---------------------------------------------------------------------- --------------- ------------------------------
    Block Limit SM                                                                   block                             32
    Block Limit Registers                                                            block                             32
    Block Limit Shared Mem                                                           block                            145
    Block Limit Warps                                                                block                             64
    Theoretical Active Warps per SM                                                   warp                             32
    Theoretical Occupancy                                                                %                             50
    Achieved Occupancy                                                                   %                          47.98
    Achieved Active Warps Per SM                                                      warp                          30.71
    ---------------------------------------------------------------------- --------------- ------------------------------
    WRN   This kernel's theoretical occupancy is limited by the number of blocks that can fit on the SM. This kernel's  
          theoretical occupancy is limited by the number of required registers.                                         

Graph File: dataset/com-Orkut.mtx
Graph File: dataset/com-Orkut.mtx
Graph File: dataset/com-Orkut.mtx
Graph File: dataset/com-Orkut.mtx
Graph File: dataset/com-Orkut.mtx
Graph File: dataset/com-Orkut.mtx
Graph File: dataset/com-Orkut.mtx
Graph File: dataset/com-Orkut.mtx
Complete loading graphs !!
Complete loading graphs !!
Complete loading graphs !!
Complete loading graphs !!
Complete loading graphs !!
Complete loading graphs !!
Complete loading graphs !!
Complete loading graphs !!
==PROF== Connected to process 1458 (/MGG/build/MGG)
==PROF== Connected to process 1451 (/MGG/build/MGG)
==PROF== Connected to process 1452 (/MGG/build/MGG)
==PROF== Connected to process 1453 (/MGG/build/MGG)
==PROF== Connected to process 1454 (/MGG/build/MGG)
==PROF== Connected to process 1455 (/MGG/build/MGG)
==PROF== Connected to process 1456 (/MGG/build/MGG)
==PROF== Connected to process 1457 (/MGG/build/MGG)
PE-6-local, num_nodes: 384056, part_size, 16, num_parts, 221066
PE-5-local, num_nodes: 384056, part_size, 16, num_parts, 172969
PE-6-remote, num_nodes: 384056, part_size, 16, num_parts, 520849
PE-5-remote, num_nodes: 384056, part_size, 16, num_parts, 583520
PE-4-local, num_nodes: 384056, part_size, 16, num_parts, 264524
PE-1-local, num_nodes: 384056, part_size, 16, num_parts, 253290
PE-4-remote, num_nodes: 384056, part_size, 16, num_parts, 677783
PE-1-remote, num_nodes: 384056, part_size, 16, num_parts, 646582
PE-3-local, num_nodes: 384056, part_size, 16, num_parts, 287671
PE-3-remote, num_nodes: 384056, part_size, 16, num_parts, 829767
PE-2-local, num_nodes: 384056, part_size, 16, num_parts, 445434
PE-0-local, num_nodes: 384056, part_size, 16, num_parts, 858170
PE-0-remote, num_nodes: 384056, part_size, 16, num_parts, 443238
PE-2-remote, num_nodes: 384056, part_size, 16, num_parts, 823473
PE-7-local, num_nodes: 384049, part_size, 16, num_parts, 2736212
PE-7-remote, num_nodes: 384049, part_size, 16, num_parts, 343554
PreProcess time (s) 1.576
grid: 583520, block: 32, shared_memory (KB): 1.088
grid: 823473, block: 32, shared_memory (KB): 1.088
grid: 2736212, block: 32, shared_memory (KB): 1.088
grid: 829767, block: 32, shared_memory (KB): 1.088
grid: 520849, block: 32, shared_memory (KB): 1.088
grid: 646582, block: 32, shared_memory (KB): 1.088
grid: 677783, block: 32, shared_memory (KB): 1.088
grid: 858170, block: 32, shared_memory (KB): 1.088
==PROF== Profiling "SAG_cuda_kernel_fused_interleaved": 0%....50%....100% - 10 passes
PE-0, Total (ms): 1744.636, Dense (ms): 0.000
PE-6, Total (ms): 31.971, Dense (ms): 0.000
PE-3, Total (ms): 410.455, Dense (ms): 0.000
PE-5, Total (ms): 330.141, Dense (ms): 0.000
PE-1, Total (ms): 317.023, Dense (ms): 0.000
PE-4, Total (ms): 12.437, Dense (ms): 0.000
PE-2, Total (ms): 212.700, Dense (ms): 0.000
PE-7, Total (ms): 361.426, Dense (ms): 0.000
MPI time (ms) 2231.765
===================================
==PROF== Disconnected from process 1456
==PROF== Disconnected from process 1451
==PROF== Disconnected from process 1454
==PROF== Disconnected from process 1452
==PROF== Disconnected from process 1453
==PROF== Disconnected from process 1455
==PROF== Disconnected from process 1457
==PROF== Disconnected from process 1458
[1451] MGG@127.0.0.1
  void SAG_cuda_kernel_fused_interleaved<int, float, int>(float*, float const*, int const*, int const*, int const*, int const*, int, int const*, int const*, int const*, int const*, int, int, int, int, int, int, int, int), 2021-Jun-28 04:43:08, Context 1, Stream 7
    Section: GPU Speed Of Light
    ---------------------------------------------------------------------- --------------- ------------------------------
    DRAM Frequency                                                           cycle/nsecond                           1.21
    SM Frequency                                                             cycle/nsecond                           1.09
    Elapsed Cycles                                                                   cycle                       18812548
    Memory [%]                                                                           %                          14.25
    SOL DRAM                                                                             %                           6.23
    Duration                                                                       msecond                          17.12
    SOL L1/TEX Cache                                                                     %                          14.22
    SOL L2 Cache                                                                         %                          10.47
    SM Active Cycles                                                                 cycle                    18742165.06
    SM [%]                                                                               %                          24.55
    ---------------------------------------------------------------------- --------------- ------------------------------
    WRN   This kernel exhibits low compute throughput and memory bandwidth utilization relative to the peak performance 
          of this device. Achieved compute throughput and/or memory bandwidth below 60.0% of peak typically indicate    
          latency issues. Look at Scheduler Statistics and Warp State Statistics for potential reasons.                 

    Section: Launch Statistics
    ---------------------------------------------------------------------- --------------- ------------------------------
    Block Size                                                                                                         32
    Function Cache Configuration                                                                  cudaFuncCachePreferNone
    Grid Size                                                                                                      858170
    Registers Per Thread                                                   register/thread                             62
    Shared Memory Configuration Size                                                 Kbyte                         102.40
    Driver Shared Memory Per Block                                             Kbyte/block                           1.02
    Dynamic Shared Memory Per Block                                            Kbyte/block                           1.09
    Static Shared Memory Per Block                                              byte/block                              0
    Threads                                                                         thread                       27461440
    Waves Per SM                                                                                                   248.31
    ---------------------------------------------------------------------- --------------- ------------------------------

    Section: Occupancy
    ---------------------------------------------------------------------- --------------- ------------------------------
    Block Limit SM                                                                   block                             32
    Block Limit Registers                                                            block                             32
    Block Limit Shared Mem                                                           block                             77
    Block Limit Warps                                                                block                             64
    Theoretical Active Warps per SM                                                   warp                             32
    Theoretical Occupancy                                                                %                             50
    Achieved Occupancy                                                                   %                          44.91
    Achieved Active Warps Per SM                                                      warp                          28.74
    ---------------------------------------------------------------------- --------------- ------------------------------
    WRN   This kernel's theoretical occupancy is limited by the number of blocks that can fit on the SM. This kernel's  
          theoretical occupancy is limited by the number of required registers.                                         

