Graph File: dataset/bin/Reddit_beg_pos.bin
Expected edge count: 114615892
Graph File: dataset/bin/Reddit_beg_pos.bin
Expected edge count: 114615892
Graph File: dataset/bin/Reddit_beg_pos.bin
Expected edge count: 114615892
Graph File: dataset/bin/Reddit_beg_pos.bin
Expected edge count: 114615892
Graph File: dataset/bin/Reddit_beg_pos.bin
Expected edge count: 114615892
Graph File: dataset/bin/Reddit_beg_pos.bin
Expected edge count: 114615892
Graph File: dataset/bin/Reddit_beg_pos.bin
Expected edge count: 114615892
Graph File: dataset/bin/Reddit_beg_pos.bin
Expected edge count: 114615892
114615892 114615892
114615892 114615892
114615892 114615892
114615892 114615892
114615892 114615892
114615892 114615892
114615892 114615892
114615892 114615892
Graph load (success): 232965 verts, 114615892 edges 1.36066 second(s)
Graph load (success): 232965 verts, 114615892 edges 1.36917 second(s)
Graph load (success): 232965 verts, 114615892 edges 1.36179 second(s)
Graph load (success): 232965 verts, 114615892 edges 1.37592 second(s)
Graph load (success): 232965 verts, 114615892 edges 1.47852 second(s)
Complete loading graphs !!
Complete loading graphs !!
Complete loading graphs !!
Graph load (success): 232965 verts, 114615892 edges 1.54914 second(s)
Complete loading graphs !!
Graph load (success): 232965 verts, 114615892 edges 1.54191 second(s)
Graph load (success): 232965 verts, 114615892 edges 1.5604 second(s)
Complete loading graphs !!
Complete loading graphs !!
Complete loading graphs !!
Complete loading graphs !!
Preproc (ms): 461.889
PE-3, Total (ms): 18.769
PE-7, Total (ms): 18.771
PE-1, Total (ms): 18.771
PE-6, Total (ms): 18.771
PE-5, Total (ms): 18.771
PE-4, Total (ms): 18.769
PE-0, Total (ms): 18.769
PE-2, Total (ms): 18.759
MPI time (ms) 18.785
===================================
