Graph File: dataset/citeseer.mtx
Complete loading graphs !!
Graph File: dataset/citeseer.mtx
Complete loading graphs !!
Graph File: dataset/citeseer.mtx
Graph File: dataset/citeseer.mtx
Complete loading graphs !!
Complete loading graphs !!
Graph File: dataset/citeseer.mtx
Graph File: dataset/citeseer.mtx
Graph File: dataset/citeseer.mtx
Complete loading graphs !!
Graph File: dataset/citeseer.mtx
Complete loading graphs !!
Complete loading graphs !!
Complete loading graphs !!
numNodes: 3327, nodesPerPE: 416
numNodes: 3327, nodesPerPE: 416
numNodes: 3327, nodesPerPE: 416
numNodes: 3327, nodesPerPE: 416
numNodes: 3327, nodesPerPE: 416
numNodes: 3327, nodesPerPE: 416
numNodes: 3327, nodesPerPE: 416
numNodes: 3327, nodesPerPE: 416
PE-4, Total (ms): 0.120
PE-7, Total (ms): 0.095
PE-0, Total (ms): 0.125
MPI time (ms) 0.133
PE-1, Total (ms): 0.132
PE-3, Total (ms): 0.151
PE-6, Total (ms): 0.128
PE-5, Total (ms): 0.094
PE-2, Total (ms): 0.159
===================================
