Graph File: dataset/Reddit.mtx
Graph File: dataset/Reddit.mtx
Graph File: dataset/Reddit.mtx
Graph File: dataset/Reddit.mtx
Complete loading graphs !!
Complete loading graphs !!
Complete loading graphs !!
Complete loading graphs !!
PE-3-local, num_nodes: 58239, part_size, 16, num_parts, 444967
PE-3-remote, num_nodes: 58239, part_size, 16, num_parts, 1337096
PE-2-local, num_nodes: 58242, part_size, 16, num_parts, 479496
PE-0-local, num_nodes: 58242, part_size, 16, num_parts, 499829
PE-1-local, num_nodes: 58242, part_size, 16, num_parts, 482399
PE-2-remote, num_nodes: 58242, part_size, 16, num_parts, 1374884
PE-0-remote, num_nodes: 58242, part_size, 16, num_parts, 1393828
PE-1-remote, num_nodes: 58242, part_size, 16, num_parts, 1376744
PreProcess time (s) 1.684
grid: 85931, block: 32, shared_memory (KB): 0.192
grid: 87115, block: 32, shared_memory (KB): 0.192
grid: 86047, block: 32, shared_memory (KB): 0.192
grid: 83569, block: 32, shared_memory (KB): 0.192
PE-1, Total (ms): 7.312, Dense (ms): 0.000
PE-2, Total (ms): 7.223, Dense (ms): 0.000
PE-0, Total (ms): 7.582, Dense (ms): 0.000
MPI time (ms) 7.601
PE-3, Total (ms): 7.578, Dense (ms): 0.000
===================================
