Graph File: dataset/bin/Reddit_beg_pos.bin
Expected edge count: 114615892
Graph File: dataset/bin/Reddit_beg_pos.bin
Expected edge count: 114615892
Graph File: dataset/bin/Reddit_beg_pos.bin
Expected edge count: 114615892
Graph File: dataset/bin/Reddit_beg_pos.bin
Expected edge count: 114615892
Graph File: dataset/bin/Reddit_beg_pos.bin
Expected edge count: 114615892
Graph File: dataset/bin/Reddit_beg_pos.bin
Expected edge count: 114615892
Graph File: dataset/bin/Reddit_beg_pos.bin
Expected edge count: 114615892
Graph File: dataset/bin/Reddit_beg_pos.bin
Expected edge count: 114615892
114615892 114615892
114615892 114615892
114615892 114615892
114615892 114615892
114615892 114615892
114615892 114615892
114615892 114615892
114615892 114615892
Graph load (success): 232965 verts, 114615892 edges 1.31978 second(s)
Graph load (success): 232965 verts, 114615892 edges 1.33134 second(s)
Graph load (success): 232965 verts, 114615892 edges 1.36908 second(s)
Graph load (success): 232965 verts, 114615892 edges 1.36089 second(s)
Graph load (success): 232965 verts, 114615892 edges 1.37928 second(s)
Graph load (success): 232965 verts, 114615892 edges 1.36737 second(s)
Graph load (success): 232965 verts, 114615892 edges 1.37667 second(s)
Graph load (success): 232965 verts, 114615892 edges 1.33812 second(s)
Complete loading graphs !!
Complete loading graphs !!
Complete loading graphs !!
Complete loading graphs !!
Complete loading graphs !!
Complete loading graphs !!
Complete loading graphs !!
Complete loading graphs !!
Preproc (ms): 449.788
PE-4, Total (ms): 60.985
PE-6, Total (ms): 60.986
PE-5, Total (ms): 60.971
PE-3, Total (ms): 60.984
PE-1, Total (ms): 60.984
PE-2, Total (ms): 60.983
PE-7, Total (ms): 60.984
PE-0, Total (ms): 60.983
MPI time (ms) 60.970
===================================
