Graph File: dataset/bin/Reddit_beg_pos.bin
Expected edge count: 114615892
Graph File: dataset/bin/Reddit_beg_pos.bin
Expected edge count: 114615892
Graph File: dataset/bin/Reddit_beg_pos.bin
Expected edge count: 114615892
Graph File: dataset/bin/Reddit_beg_pos.bin
Expected edge count: 114615892
Graph File: dataset/bin/Reddit_beg_pos.bin
Expected edge count: 114615892
Graph File: dataset/bin/Reddit_beg_pos.bin
Expected edge count: 114615892
Graph File: dataset/bin/Reddit_beg_pos.bin
Expected edge count: 114615892
Graph File: dataset/bin/Reddit_beg_pos.bin
Expected edge count: 114615892
114615892 114615892
114615892 114615892
114615892 114615892
114615892 114615892
114615892 114615892
114615892 114615892
114615892 114615892
114615892 114615892
Graph load (success): 232965 verts, 114615892 edges 1.37461 second(s)
Graph load (success): 232965 verts, 114615892 edges 1.37536 second(s)
Graph load (success): 232965 verts, 114615892 edges 1.387 second(s)
Graph load (success): 232965 verts, 114615892 edges 1.3722 second(s)
Graph load (success): 232965 verts, 114615892 edges 1.4883 second(s)
Graph load (success): 232965 verts, 114615892 edges 1.53721 second(s)
Complete loading graphs !!
Complete loading graphs !!
Complete loading graphs !!
Complete loading graphs !!
Graph load (success): 232965 verts, 114615892 edges 1.55867 second(s)
Graph load (success): 232965 verts, 114615892 edges 1.56587 second(s)
Complete loading graphs !!
Complete loading graphs !!
Complete loading graphs !!
Complete loading graphs !!
Preproc (ms): 450.820
PE-1, Total (ms): 30.337
PE-4, Total (ms): 30.338
PE-2, Total (ms): 30.337
PE-6, Total (ms): 30.337
PE-7, Total (ms): 30.338
PE-3, Total (ms): 30.339
PE-5, Total (ms): 30.338
PE-0, Total (ms): 30.338
MPI time (ms) 30.337
===================================
