Graph File: dataset/amazon0505.mtx
Graph File: dataset/amazon0505.mtx
Graph File: dataset/amazon0505.mtx
Graph File: dataset/amazon0505.mtx
Complete loading graphs !!
Complete loading graphs !!
Complete loading graphs !!
Complete loading graphs !!
PE-3-local, num_nodes: 102559, part_size, 4, num_parts, 145601
PE-3-remote, num_nodes: 102559, part_size, 4, num_parts, 126987
PE-2-local, num_nodes: 102559, part_size, 4, num_parts, 143960
PE-1-local, num_nodes: 102559, part_size, 4, num_parts, 187248
PE-2-remote, num_nodes: 102559, part_size, 4, num_parts, 179250
PE-1-remote, num_nodes: 102559, part_size, 4, num_parts, 209862
PE-0-local, num_nodes: 102559, part_size, 4, num_parts, 334660
PE-0-remote, num_nodes: 102559, part_size, 4, num_parts, 199390
PreProcess time (s) 0.931
grid: 4551, block: 256, shared_memory (KB): 1.152
grid: 6559, block: 256, shared_memory (KB): 1.152
grid: 5602, block: 256, shared_memory (KB): 1.152
grid: 10459, block: 256, shared_memory (KB): 1.152
PE-3, Total (ms): 1.166, Dense (ms): 0.000
PE-2, Total (ms): 1.207, Dense (ms): 0.000
PE-1, Total (ms): 1.472, Dense (ms): 0.000
PE-0, Total (ms): 1.615, Dense (ms): 0.000
MPI time (ms) 1.618
===================================
