Graph File: dataset/Reddit.mtx
Graph File: dataset/Reddit.mtx
Graph File: dataset/Reddit.mtx
Graph File: dataset/Reddit.mtx
Complete loading graphs !!
Complete loading graphs !!
Complete loading graphs !!
Complete loading graphs !!
PE-3-local, num_nodes: 58239, part_size, 16, num_parts, 444967
PE-3-remote, num_nodes: 58239, part_size, 16, num_parts, 1337096
PE-2-local, num_nodes: 58242, part_size, 16, num_parts, 479496
PE-1-local, num_nodes: 58242, part_size, 16, num_parts, 482399
PE-2-remote, num_nodes: 58242, part_size, 16, num_parts, 1374884
PE-0-local, num_nodes: 58242, part_size, 16, num_parts, 499829
PE-1-remote, num_nodes: 58242, part_size, 16, num_parts, 1376744
PE-0-remote, num_nodes: 58242, part_size, 16, num_parts, 1393828
PreProcess time (s) 1.620
grid: 83569, block: 128, shared_memory (KB): 0.768
grid: 85931, block: 128, shared_memory (KB): 0.768
grid: 86047, block: 128, shared_memory (KB): 0.768
grid: 87115, block: 128, shared_memory (KB): 0.768
PE-3, Total (ms): 6.895, Dense (ms): 0.000
PE-2, Total (ms): 7.328, Dense (ms): 0.000
PE-1, Total (ms): 7.414, Dense (ms): 0.000
PE-0, Total (ms): 7.586, Dense (ms): 0.000
MPI time (ms) 7.607
===================================
Graph File: dataset/enwiki-2013.mtx
Graph File: dataset/enwiki-2013.mtx
Graph File: dataset/enwiki-2013.mtx
Graph File: dataset/enwiki-2013.mtx
Complete loading graphs !!
Complete loading graphs !!
Complete loading graphs !!
Complete loading graphs !!
PE-2-local, num_nodes: 1050831, part_size, 16, num_parts, 2357906
PE-3-local, num_nodes: 1050830, part_size, 16, num_parts, 2291807
PE-2-remote, num_nodes: 1050831, part_size, 16, num_parts, 1647968
PE-3-remote, num_nodes: 1050830, part_size, 16, num_parts, 1749046
PE-1-local, num_nodes: 1050831, part_size, 16, num_parts, 2518679
PE-1-remote, num_nodes: 1050831, part_size, 16, num_parts, 1847369
PE-0-local, num_nodes: 1050831, part_size, 16, num_parts, 2974589
PE-0-remote, num_nodes: 1050831, part_size, 16, num_parts, 1880056
PreProcess time (s) 2.475
grid: 157418, block: 128, shared_memory (KB): 0.768
grid: 147370, block: 128, shared_memory (KB): 0.768
grid: 143238, block: 128, shared_memory (KB): 0.768
grid: 185912, block: 128, shared_memory (KB): 0.768
PE-2, Total (ms): 20.167, Dense (ms): 0.000
PE-3, Total (ms): 21.280, Dense (ms): 0.000
PE-1, Total (ms): 22.894, Dense (ms): 0.000
PE-0, Total (ms): 25.647, Dense (ms): 0.000
MPI time (ms) 25.661
===================================
Graph File: dataset/ogbn-products.mtx
Graph File: dataset/ogbn-products.mtx
Graph File: dataset/ogbn-products.mtx
Graph File: dataset/ogbn-products.mtx
Complete loading graphs !!
Complete loading graphs !!
Complete loading graphs !!
Complete loading graphs !!
PE-3-local, num_nodes: 612255, part_size, 16, num_parts, 636211
PE-3-remote, num_nodes: 612255, part_size, 16, num_parts, 1515702
PE-2-local, num_nodes: 612258, part_size, 16, num_parts, 634812
PE-1-local, num_nodes: 612258, part_size, 16, num_parts, 635052
PE-2-remote, num_nodes: 612258, part_size, 16, num_parts, 1513893
PE-1-remote, num_nodes: 612258, part_size, 16, num_parts, 1516537
PE-0-local, num_nodes: 612258, part_size, 16, num_parts, 1769197
PE-0-remote, num_nodes: 612258, part_size, 16, num_parts, 2103521
PreProcess time (s) 2.337
grid: 94619, block: 128, shared_memory (KB): 0.768
grid: 131471, block: 128, shared_memory (KB): 0.768
grid: 94784, block: 128, shared_memory (KB): 0.768
grid: 94732, block: 128, shared_memory (KB): 0.768
PE-2, Total (ms): 8.149, Dense (ms): 0.000
PE-1, Total (ms): 8.240, Dense (ms): 0.000
PE-3, Total (ms): 8.422, Dense (ms): 0.000
PE-0, Total (ms): 24.128, Dense (ms): 0.000
MPI time (ms) 24.155
===================================
Graph File: dataset/ogbn-proteins.mtx
Graph File: dataset/ogbn-proteins.mtx
Graph File: dataset/ogbn-proteins.mtx
Graph File: dataset/ogbn-proteins.mtx
Complete loading graphs !!
Complete loading graphs !!
Complete loading graphs !!
Complete loading graphs !!
PE-0-local, num_nodes: 33134, part_size, 16, num_parts, 888948
PE-1-local, num_nodes: 33134, part_size, 16, num_parts, 728921
PE-0-remote, num_nodes: 33134, part_size, 16, num_parts, 173111
PE-1-remote, num_nodes: 33134, part_size, 16, num_parts, 355222
PE-3-local, num_nodes: 33132, part_size, 16, num_parts, 1007041
PE-3-remote, num_nodes: 33132, part_size, 16, num_parts, 388546
PE-2-local, num_nodes: 33134, part_size, 16, num_parts, 1034688
PE-2-remote, num_nodes: 33134, part_size, 16, num_parts, 488136
PreProcess time (s) 1.423
grid: 64668, block: 128, shared_memory (KB): 0.768
grid: 62941, block: 128, shared_memory (KB): 0.768
grid: 45558, block: 128, shared_memory (KB): 0.768
grid: 55560, block: 128, shared_memory (KB): 0.768
PE-0, Total (ms): 5.350, Dense (ms): 0.000
PE-1, Total (ms): 6.390, Dense (ms): 0.000
PE-3, Total (ms): 8.034, Dense (ms): 0.000
MPI time (ms) 8.959
PE-2, Total (ms): 8.962, Dense (ms): 0.000
===================================
Graph File: dataset/com-Orkut.mtx
Graph File: dataset/com-Orkut.mtx
Graph File: dataset/com-Orkut.mtx
Graph File: dataset/com-Orkut.mtx
Complete loading graphs !!
Complete loading graphs !!
Complete loading graphs !!
Complete loading graphs !!
PE-2-local, num_nodes: 768111, part_size, 16, num_parts, 725796
PE-2-remote, num_nodes: 768111, part_size, 16, num_parts, 1030290
PE-0-local, num_nodes: 768111, part_size, 16, num_parts, 1560194
PE-1-local, num_nodes: 768111, part_size, 16, num_parts, 1356894
PE-0-remote, num_nodes: 768111, part_size, 16, num_parts, 682028
PE-1-remote, num_nodes: 768111, part_size, 16, num_parts, 1030170
PE-3-local, num_nodes: 768108, part_size, 16, num_parts, 3167735
PE-3-remote, num_nodes: 768108, part_size, 16, num_parts, 590606
PreProcess time (s) 2.346
grid: 64394, block: 128, shared_memory (KB): 0.768
grid: 84806, block: 128, shared_memory (KB): 0.768
grid: 197984, block: 128, shared_memory (KB): 0.768
grid: 97513, block: 128, shared_memory (KB): 0.768
PE-2, Total (ms): 8.228, Dense (ms): 0.000
PE-0, Total (ms): 9.793, Dense (ms): 0.000
PE-1, Total (ms): 12.710, Dense (ms): 0.000
PE-3, Total (ms): 16.346, Dense (ms): 0.000
MPI time (ms) 16.328
===================================
