Graph File: dataset/bin/Reddit_beg_pos.bin
Graph File: dataset/bin/Reddit_beg_pos.bin
Expected edge count: 114615892
Expected edge count: 114615892
Graph File: dataset/bin/Reddit_beg_pos.bin
Expected edge count: 114615892
Graph File: dataset/bin/Reddit_beg_pos.bin
Expected edge count: 114615892
114615892 114615892
114615892 114615892
114615892 114615892
114615892 114615892
Graph load (success): 232965 verts, 114615892 edges 1.24518 second(s)
Graph load (success): 232965 verts, 114615892 edges 1.2541 second(s)
Graph load (success): 232965 verts, 114615892 edges 1.36648 second(s)
Graph load (success): 232965 verts, 114615892 edges 1.36951 second(s)
Complete loading graphs !!
Complete loading graphs !!
Complete loading graphs !!
Complete loading graphs !!
Preproc (ms): 910.975
PE-3, Total (ms): 22.470
PE-1, Total (ms): 22.471
PE-2, Total (ms): 22.470
PE-0, Total (ms): 22.471
MPI time (ms) 22.470
===================================
