Graph File: dataset/bin/Reddit_beg_pos.bin
Expected edge count: 114615892
Graph File: dataset/bin/Reddit_beg_pos.bin
Expected edge count: 114615892
Graph File: dataset/bin/Reddit_beg_pos.bin
Expected edge count: 114615892
Graph File: dataset/bin/Reddit_beg_pos.bin
Expected edge count: 114615892
Graph File: dataset/bin/Reddit_beg_pos.bin
Expected edge count: 114615892
Graph File: dataset/bin/Reddit_beg_pos.bin
Expected edge count: 114615892
Graph File: dataset/bin/Reddit_beg_pos.bin
Expected edge count: 114615892
Graph File: dataset/bin/Reddit_beg_pos.bin
Expected edge count: 114615892
114615892 114615892
114615892 114615892
114615892 114615892
114615892 114615892
114615892 114615892
114615892 114615892
114615892 114615892
114615892 114615892
Graph load (success): 232965 verts, 114615892 edges 1.37726 second(s)
Graph load (success): 232965 verts, 114615892 edges 1.39326 second(s)
Graph load (success): 232965 verts, 114615892 edges 1.40395 second(s)
Graph load (success): 232965 verts, 114615892 edges 1.37792 second(s)
Graph load (success): 232965 verts, 114615892 edges 1.50704 second(s)
Complete loading graphs !!
Complete loading graphs !!
Graph load (success): 232965 verts, 114615892 edges 1.55925 second(s)
Graph load (success): 232965 verts, 114615892 edges 1.5192 second(s)
Complete loading graphs !!
Complete loading graphs !!
Graph load (success): 232965 verts, 114615892 edges 1.60188 second(s)
Complete loading graphs !!
Complete loading graphs !!
Complete loading graphs !!
Complete loading graphs !!
Preproc (ms): 455.309
PE-6, Total (ms): 12.582
PE-7, Total (ms): 12.582
PE-4, Total (ms): 12.582
PE-5, Total (ms): 12.582
PE-3, Total (ms): 12.582
PE-1, Total (ms): 12.582
PE-2, Total (ms): 12.583
PE-0, Total (ms): 12.581
MPI time (ms) 12.582
===================================
