Graph File: dataset/bin/Reddit_beg_pos.bin
Graph File: dataset/bin/Reddit_beg_pos.bin
Expected edge count: 114615892
Expected edge count: 114615892
Graph File: dataset/bin/Reddit_beg_pos.bin
Expected edge count: 114615892
Graph File: dataset/bin/Reddit_beg_pos.bin
Expected edge count: 114615892
114615892 114615892
114615892 114615892
114615892 114615892
114615892 114615892
Graph load (success): 232965 verts, 114615892 edges 1.26174 second(s)
Graph load (success): 232965 verts, 114615892 edges 1.29586 second(s)
Graph load (success): 232965 verts, 114615892 edges 1.35816 second(s)
Graph load (success): 232965 verts, 114615892 edges 1.36053 second(s)
Complete loading graphs !!
Complete loading graphs !!
Complete loading graphs !!
Complete loading graphs !!
Preproc (ms): 907.770
PE-1, Total (ms): 17.319
PE-2, Total (ms): 17.322
PE-3, Total (ms): 17.322
PE-0, Total (ms): 17.319
MPI time (ms) 17.321
===================================
