Graph File: dataset/bin/Reddit_beg_pos.bin
Expected edge count: 114615892
Graph File: dataset/bin/Reddit_beg_pos.bin
Expected edge count: 114615892
Graph File: dataset/bin/Reddit_beg_pos.bin
Expected edge count: 114615892
Graph File: dataset/bin/Reddit_beg_pos.bin
Expected edge count: 114615892
114615892 114615892
114615892 114615892
114615892 114615892
114615892 114615892
Graph load (success): 232965 verts, 114615892 edges 1.27472 second(s)
Graph load (success): 232965 verts, 114615892 edges 1.35418 second(s)
Complete loading graphs !!
Graph load (success): 232965 verts, 114615892 edges 1.49368 second(s)
Complete loading graphs !!
Graph load (success): 232965 verts, 114615892 edges 1.49621 second(s)
Complete loading graphs !!
Complete loading graphs !!
