Graph File: dataset/bin/Reddit_beg_pos.bin
Expected edge count: 114615892
Graph File: dataset/bin/Reddit_beg_pos.bin
Expected edge count: 114615892
Graph File: dataset/bin/Reddit_beg_pos.bin
Expected edge count: 114615892
Graph File: dataset/bin/Reddit_beg_pos.bin
Expected edge count: 114615892
114615892 114615892
114615892 114615892
114615892 114615892
114615892 114615892
Graph load (success): 232965 verts, 114615892 edges 1.26041 second(s)
Graph load (success): 232965 verts, 114615892 edges 1.26987 second(s)
Graph load (success): 232965 verts, 114615892 edges 1.34187 second(s)
Graph load (success): 232965 verts, 114615892 edges 1.34341 second(s)
Complete loading graphs !!
Complete loading graphs !!
Complete loading graphs !!
Complete loading graphs !!
Preproc (ms): 905.579
PE-2, Total (ms): 34.992
PE-3, Total (ms): 34.993
PE-1, Total (ms): 34.991
PE-0, Total (ms): 34.993
MPI time (ms) 34.991
===================================
