Graph File: dataset/bin/Reddit_beg_pos.bin
Expected edge count: 114615892
Graph File: dataset/bin/Reddit_beg_pos.bin
Expected edge count: 114615892
Graph File: dataset/bin/Reddit_beg_pos.bin
Expected edge count: 114615892
Graph File: dataset/bin/Reddit_beg_pos.bin
Expected edge count: 114615892
Graph File: dataset/bin/Reddit_beg_pos.bin
Expected edge count: 114615892
Graph File: dataset/bin/Reddit_beg_pos.bin
Expected edge count: 114615892
Graph File: dataset/bin/Reddit_beg_pos.bin
Expected edge count: 114615892
Graph File: dataset/bin/Reddit_beg_pos.bin
Expected edge count: 114615892
114615892 114615892
114615892 114615892
114615892 114615892
114615892 114615892
114615892 114615892
114615892 114615892
114615892 114615892
114615892 114615892
Graph load (success): 232965 verts, 114615892 edges 1.3975 second(s)
Graph load (success): 232965 verts, 114615892 edges 1.39969 second(s)
Graph load (success): 232965 verts, 114615892 edges 1.4029 second(s)
Graph load (success): 232965 verts, 114615892 edges 1.40562 second(s)
Graph load (success): 232965 verts, 114615892 edges 1.47689 second(s)
Graph load (success): 232965 verts, 114615892 edges 1.50063 second(s)
Graph load (success): 232965 verts, 114615892 edges 1.53779 second(s)
Complete loading graphs !!
Graph load (success): 232965 verts, 114615892 edges 1.54843 second(s)
Complete loading graphs !!
Complete loading graphs !!
Complete loading graphs !!
Complete loading graphs !!
Complete loading graphs !!
Complete loading graphs !!
Complete loading graphs !!
Preproc (ms): 458.195
PE-6, Total (ms): 30.195
PE-2, Total (ms): 30.195
PE-5, Total (ms): 30.212
PE-4, Total (ms): 30.210
PE-1, Total (ms): 30.212
PE-7, Total (ms): 30.212
PE-3, Total (ms): 30.211
PE-0, Total (ms): 30.211
MPI time (ms) 30.195
===================================
