Graph File: dataset/bin/Reddit_beg_pos.bin
Expected edge count: 114615892
Graph File: dataset/bin/Reddit_beg_pos.bin
Expected edge count: 114615892
Graph File: dataset/bin/Reddit_beg_pos.bin
Expected edge count: 114615892
Graph File: dataset/bin/Reddit_beg_pos.bin
Expected edge count: 114615892
114615892 114615892
114615892 114615892
114615892 114615892
114615892 114615892
Graph load (success): 232965 verts, 114615892 edges 1.26161 second(s)
Graph load (success): 232965 verts, 114615892 edges 1.30386 second(s)
Graph load (success): 232965 verts, 114615892 edges 1.30035 second(s)
Graph load (success): 232965 verts, 114615892 edges 1.30634 second(s)
Complete loading graphs !!
Complete loading graphs !!
Complete loading graphs !!
Complete loading graphs !!
Preproc (ms): 900.733
PE-1, Total (ms): 18.943
PE-2, Total (ms): 18.943
PE-3, Total (ms): 18.944
PE-0, Total (ms): 18.944
MPI time (ms) 18.943
===================================
