Graph File: dataset/bin/Reddit_beg_pos.bin
Expected edge count: 114615892
Graph File: dataset/bin/Reddit_beg_pos.bin
Expected edge count: 114615892
Graph File: dataset/bin/Reddit_beg_pos.bin
Expected edge count: 114615892
Graph File: dataset/bin/Reddit_beg_pos.bin
Expected edge count: 114615892
114615892 114615892
114615892 114615892
114615892 114615892
114615892 114615892
Graph load (success): 232965 verts, 114615892 edges 1.27284 second(s)
Graph load (success): 232965 verts, 114615892 edges 1.3793 second(s)
Complete loading graphs !!
Graph load (success): 232965 verts, 114615892 edges 1.48541 second(s)
Graph load (success): 232965 verts, 114615892 edges 1.48322 second(s)
Complete loading graphs !!
Complete loading graphs !!
Complete loading graphs !!
Preproc (ms): 931.149
PE-1, Total (ms): 28.381
PE-3, Total (ms): 28.641
PE-0, Total (ms): 33.313
PE-2, Total (ms): 35.879
MPI time (ms) 35.880
===================================
