Graph File: dataset/bin/Reddit_beg_pos.bin
Expected edge count: 114615892
Graph File: dataset/bin/Reddit_beg_pos.bin
Expected edge count: 114615892
Graph File: dataset/bin/Reddit_beg_pos.bin
Expected edge count: 114615892
Graph File: dataset/bin/Reddit_beg_pos.bin
Expected edge count: 114615892
Graph File: dataset/bin/Reddit_beg_pos.bin
Expected edge count: 114615892
Graph File: dataset/bin/Reddit_beg_pos.bin
Expected edge count: 114615892
Graph File: dataset/bin/Reddit_beg_pos.bin
Graph File: dataset/bin/Reddit_beg_pos.bin
Expected edge count: 114615892
Expected edge count: 114615892
114615892 114615892
114615892 114615892
114615892 114615892
114615892 114615892
114615892 114615892
114615892 114615892
114615892 114615892
114615892 114615892
Graph load (success): 232965 verts, 114615892 edges 1.34121 second(s)
Graph load (success): 232965 verts, 114615892 edges 1.36739 second(s)
Graph load (success): 232965 verts, 114615892 edges 1.37692 second(s)
Graph load (success): 232965 verts, 114615892 edges 1.36248 second(s)
Complete loading graphs !!
Complete loading graphs !!
Graph load (success): 232965 verts, 114615892 edges 1.53309 second(s)
Complete loading graphs !!
Graph load (success): 232965 verts, 114615892 edges 1.54016 second(s)
Complete loading graphs !!
Graph load (success): 232965 verts, 114615892 edges 1.57282 second(s)
Graph load (success): 232965 verts, 114615892 edges 1.56721 second(s)
Complete loading graphs !!
Complete loading graphs !!
Complete loading graphs !!
Complete loading graphs !!
Preproc (ms): 463.771
PE-1, Total (ms): 18.346
PE-3, Total (ms): 18.345
PE-7, Total (ms): 18.343
PE-4, Total (ms): 18.345
PE-6, Total (ms): 18.346
PE-5, Total (ms): 18.345
PE-2, Total (ms): 18.345
PE-0, Total (ms): 18.345
MPI time (ms) 18.345
===================================
