Graph File: dataset/Reddit.mtx
Graph File: dataset/Reddit.mtx
Graph File: dataset/Reddit.mtx
Graph File: dataset/Reddit.mtx
Complete loading graphs !!
Complete loading graphs !!
Complete loading graphs !!
Complete loading graphs !!
PE-3-local, num_nodes: 58239, part_size, 16, num_parts, 444967
PE-3-remote, num_nodes: 58239, part_size, 16, num_parts, 1337096
PE-2-local, num_nodes: 58242, part_size, 16, num_parts, 479496
PE-0-local, num_nodes: 58242, part_size, 16, num_parts, 499829
PE-1-local, num_nodes: 58242, part_size, 16, num_parts, 482399
PE-2-remote, num_nodes: 58242, part_size, 16, num_parts, 1374884
PE-0-remote, num_nodes: 58242, part_size, 16, num_parts, 1393828
PE-1-remote, num_nodes: 58242, part_size, 16, num_parts, 1376744
PreProcess time (s) 1.633
grid: 10890, block: 512, shared_memory (KB): 3.072
grid: 10447, block: 512, shared_memory (KB): 3.072
grid: 10742, block: 512, shared_memory (KB): 3.072
grid: 10756, block: 512, shared_memory (KB): 3.072
PE-3, Total (ms): 6.934, Dense (ms): 0.000
PE-2, Total (ms): 7.382, Dense (ms): 0.000
PE-1, Total (ms): 7.482, Dense (ms): 0.000
PE-0, Total (ms): 7.561, Dense (ms): 0.000
MPI time (ms) 7.581
===================================
