Graph File: dataset/bin/Reddit_beg_pos.bin
Expected edge count: 114615892
Graph File: dataset/bin/Reddit_beg_pos.bin
Expected edge count: 114615892
Graph File: dataset/bin/Reddit_beg_pos.bin
Expected edge count: 114615892
Graph File: dataset/bin/Reddit_beg_pos.bin
Expected edge count: 114615892
114615892 114615892
114615892 114615892
114615892 114615892
114615892 114615892
Graph load (success): 232965 verts, 114615892 edges 1.23488 second(s)
Graph load (success): 232965 verts, 114615892 edges 1.29031 second(s)
Graph load (success): 232965 verts, 114615892 edges 1.35139 second(s)
Graph load (success): 232965 verts, 114615892 edges 1.34942 second(s)
Complete loading graphs !!
Complete loading graphs !!
Complete loading graphs !!
Complete loading graphs !!
Preproc (ms): 910.773
PE-1, Total (ms): 35.054
PE-2, Total (ms): 35.054
PE-3, Total (ms): 35.054
PE-0, Total (ms): 35.054
MPI time (ms) 35.053
===================================
