Graph File: dataset/bin/Reddit_beg_pos.bin
Expected edge count: 114615892
Graph File: dataset/bin/Reddit_beg_pos.bin
Expected edge count: 114615892
Graph File: dataset/bin/Reddit_beg_pos.bin
Expected edge count: 114615892
Graph File: dataset/bin/Reddit_beg_pos.bin
Expected edge count: 114615892
Graph File: dataset/bin/Reddit_beg_pos.bin
Expected edge count: 114615892
Graph File: dataset/bin/Reddit_beg_pos.bin
Expected edge count: 114615892
Graph File: dataset/bin/Reddit_beg_pos.bin
Expected edge count: 114615892
Graph File: dataset/bin/Reddit_beg_pos.bin
Expected edge count: 114615892
114615892 114615892
114615892 114615892
114615892 114615892
114615892 114615892
114615892 114615892
114615892 114615892
114615892 114615892
114615892 114615892
Graph load (success): 232965 verts, 114615892 edges 1.35881 second(s)
Graph load (success): 232965 verts, 114615892 edges 1.35553 second(s)
Graph load (success): 232965 verts, 114615892 edges 1.36571 second(s)
Graph load (success): 232965 verts, 114615892 edges 1.35913 second(s)
Graph load (success): 232965 verts, 114615892 edges 1.48511 second(s)
Complete loading graphs !!
Complete loading graphs !!
Graph load (success): 232965 verts, 114615892 edges 1.52261 second(s)
Graph load (success): 232965 verts, 114615892 edges 1.53185 second(s)
Complete loading graphs !!
Graph load (success): 232965 verts, 114615892 edges 1.53946 second(s)
Complete loading graphs !!
Complete loading graphs !!
Complete loading graphs !!
Complete loading graphs !!
Complete loading graphs !!
Preproc (ms): 461.311
PE-1, Total (ms): 12.351
PE-3, Total (ms): 12.351
PE-4, Total (ms): 12.351
PE-5, Total (ms): 12.351
PE-6, Total (ms): 12.351
PE-2, Total (ms): 12.350
PE-7, Total (ms): 12.351
PE-0, Total (ms): 12.352
MPI time (ms) 12.351
===================================
