Graph File: dataset/bin/Reddit_beg_pos.bin
Expected edge count: 114615892
Graph File: dataset/bin/Reddit_beg_pos.bin
Expected edge count: 114615892
Graph File: dataset/bin/Reddit_beg_pos.bin
Expected edge count: 114615892
Graph File: dataset/bin/Reddit_beg_pos.bin
Expected edge count: 114615892
114615892 114615892
114615892 114615892
114615892 114615892
114615892 114615892
Graph load (success): 232965 verts, 114615892 edges 1.27193 second(s)
Graph load (success): 232965 verts, 114615892 edges 1.36333 second(s)
Complete loading graphs !!
Graph load (success): 232965 verts, 114615892 edges 1.45456 second(s)
Graph load (success): 232965 verts, 114615892 edges 1.45283 second(s)
Complete loading graphs !!
Complete loading graphs !!
Complete loading graphs !!
Preproc (ms): 941.750
PE-1, Total (ms): 28.447
PE-3, Total (ms): 29.514
PE-0, Total (ms): 35.147
PE-2, Total (ms): 37.584
MPI time (ms) 37.584
===================================
Graph File: dataset/bin/ogbn-products_beg_pos.bin
Graph File: dataset/bin/ogbn-products_beg_pos.bin
Graph File: dataset/bin/ogbn-products_beg_pos.bin
Graph File: dataset/bin/ogbn-products_beg_pos.bin
Expected edge count: 123718280
Expected edge count: 123718280
Expected edge count: 123718280
Expected edge count: 123718280
123718280 123718280
123718280 123718280
123718280 123718280
123718280 123718280
Graph load (success): 2449029 verts, 123718280 edges 1.37283 second(s)
Graph load (success): 2449029 verts, 123718280 edges 1.46579 second(s)
Complete loading graphs !!
Graph load (success): 2449029 verts, 123718280 edges 1.5561 second(s)
Graph load (success): 2449029 verts, 123718280 edges 1.55089 second(s)
Complete loading graphs !!
Complete loading graphs !!
Complete loading graphs !!
Preproc (ms): 1697.032
PE-2, Total (ms): 20.360
PE-1, Total (ms): 21.537
PE-3, Total (ms): 22.481
PE-0, Total (ms): 37.922
MPI time (ms) 37.925
===================================
Graph File: dataset/bin/ogbn-proteins_beg_pos.bin
Expected edge count: 79122504
Graph File: dataset/bin/ogbn-proteins_beg_pos.bin
Expected edge count: 79122504
Graph File: dataset/bin/ogbn-proteins_beg_pos.bin
Expected edge count: 79122504
Graph File: dataset/bin/ogbn-proteins_beg_pos.bin
Expected edge count: 79122504
79122504 79122504
79122504 79122504
79122504 79122504
79122504 79122504
Graph load (success): 132534 verts, 79122504 edges 0.871914 second(s)
Graph load (success): 132534 verts, 79122504 edges 0.931533 second(s)
Complete loading graphs !!
Graph load (success): 132534 verts, 79122504 edges 0.997475 second(s)
Graph load (success): 132534 verts, 79122504 edges 0.997722 second(s)
Complete loading graphs !!
Complete loading graphs !!
Complete loading graphs !!
Preproc (ms): 483.235
PE-3, Total (ms): 11.427
PE-0, Total (ms): 12.638
PE-2, Total (ms): 13.006
PE-1, Total (ms): 14.222
MPI time (ms) 14.222
===================================
Graph File: dataset/bin/com-Orkut_beg_pos.bin
Graph File: dataset/bin/com-Orkut_beg_pos.bin
Graph File: dataset/bin/com-Orkut_beg_pos.bin
Graph File: dataset/bin/com-Orkut_beg_pos.bin
Expected edge count: 117185083
Expected edge count: 117185083
Expected edge count: 117185083
Expected edge count: 117185083
117185083 117185083
117185083 117185083
117185083 117185083
117185083 117185083
Graph load (success): 3072441 verts, 117185083 edges 1.30147 second(s)
Graph load (success): 3072441 verts, 117185083 edges 1.30272 second(s)
Complete loading graphs !!
Complete loading graphs !!
Graph load (success): 3072441 verts, 117185083 edges 1.46078 second(s)
Graph load (success): 3072441 verts, 117185083 edges 1.45836 second(s)
Complete loading graphs !!
Complete loading graphs !!
Preproc (ms): 718.318
PE-0, Total (ms): 8.338
PE-3, Total (ms): 16.990
PE-1, Total (ms): 18.942
PE-2, Total (ms): 20.824
MPI time (ms) 20.826
===================================
