Graph File: dataset/Reddit.mtx
Graph File: dataset/Reddit.mtx
Graph File: dataset/Reddit.mtx
Graph File: dataset/Reddit.mtx
Graph File: dataset/Reddit.mtx
Graph File: dataset/Reddit.mtx
Graph File: dataset/Reddit.mtx
Graph File: dataset/Reddit.mtx
Complete loading graphs !!
Complete loading graphs !!
Complete loading graphs !!
Complete loading graphs !!
Complete loading graphs !!
Complete loading graphs !!
Complete loading graphs !!
Complete loading graphs !!
PE-7-local, num_nodes: 29118, part_size, 4, num_parts, 420491
PE-6-local, num_nodes: 29121, part_size, 4, num_parts, 433903
PE-5-local, num_nodes: 29121, part_size, 4, num_parts, 453769
PE-4-local, num_nodes: 29121, part_size, 4, num_parts, 469088
PE-2-local, num_nodes: 29121, part_size, 4, num_parts, 476443
PE-3-local, num_nodes: 29121, part_size, 4, num_parts, 453026
PE-0-local, num_nodes: 29121, part_size, 4, num_parts, 497781
PE-1-local, num_nodes: 29121, part_size, 4, num_parts, 467370
PE-7-remote, num_nodes: 29118, part_size, 4, num_parts, 3022894
PE-6-remote, num_nodes: 29121, part_size, 4, num_parts, 3068570
PE-5-remote, num_nodes: 29121, part_size, 4, num_parts, 3132664
PE-4-remote, num_nodes: 29121, part_size, 4, num_parts, 3179612
PE-2-remote, num_nodes: 29121, part_size, 4, num_parts, 3197382
PE-3-remote, num_nodes: 29121, part_size, 4, num_parts, 3127434
PE-1-remote, num_nodes: 29121, part_size, 4, num_parts, 3170617
PE-0-remote, num_nodes: 29121, part_size, 4, num_parts, 3257415
PreProcess time (s) 1.662
grid: 794903, block: 128, shared_memory (KB): 0.576
grid: 755724, block: 128, shared_memory (KB): 0.576
grid: 781859, block: 128, shared_memory (KB): 0.576
grid: 783166, block: 128, shared_memory (KB): 0.576
grid: 792655, block: 128, shared_memory (KB): 0.576
grid: 799346, block: 128, shared_memory (KB): 0.576
grid: 767143, block: 128, shared_memory (KB): 0.576
grid: 814354, block: 128, shared_memory (KB): 0.576
PE-7, Total (ms): 3.433, Dense (ms): 0.000
PE-6, Total (ms): 3.545, Dense (ms): 0.000
PE-3, Total (ms): 3.630, Dense (ms): 0.000
PE-5, Total (ms): 3.597, Dense (ms): 0.000
PE-1, Total (ms): 3.711, Dense (ms): 0.000
PE-2, Total (ms): 3.695, Dense (ms): 0.000
PE-4, Total (ms): 3.725, Dense (ms): 0.000
PE-0, Total (ms): 3.792, Dense (ms): 0.000
MPI time (ms) 3.788
===================================
