Graph File: dataset/bin/Reddit_beg_pos.bin
Expected edge count: 114615892
Graph File: dataset/bin/Reddit_beg_pos.bin
Expected edge count: 114615892
Graph File: dataset/bin/Reddit_beg_pos.bin
Expected edge count: 114615892
Graph File: dataset/bin/Reddit_beg_pos.bin
Expected edge count: 114615892
Graph File: dataset/bin/Reddit_beg_pos.bin
Expected edge count: 114615892
Graph File: dataset/bin/Reddit_beg_pos.bin
Expected edge count: 114615892
Graph File: dataset/bin/Reddit_beg_pos.bin
Expected edge count: 114615892
Graph File: dataset/bin/Reddit_beg_pos.bin
Expected edge count: 114615892
114615892 114615892
114615892 114615892
114615892 114615892
114615892 114615892
114615892 114615892
114615892 114615892
114615892 114615892
114615892 114615892
Graph load (success): 232965 verts, 114615892 edges 1.36387 second(s)
Graph load (success): 232965 verts, 114615892 edges 1.38006 second(s)
Graph load (success): 232965 verts, 114615892 edges 1.36662 second(s)
Graph load (success): 232965 verts, 114615892 edges 1.38068 second(s)
Graph load (success): 232965 verts, 114615892 edges 1.44195 second(s)
Complete loading graphs !!
Graph load (success): 232965 verts, 114615892 edges 1.52705 second(s)
Complete loading graphs !!
Complete loading graphs !!
Complete loading graphs !!
Graph load (success): 232965 verts, 114615892 edges 1.57396 second(s)
Graph load (success): 232965 verts, 114615892 edges 1.57267 second(s)
Complete loading graphs !!
Complete loading graphs !!
Complete loading graphs !!
Complete loading graphs !!
Preproc (ms): 452.076
PE-3, Total (ms): 11.146
PE-6, Total (ms): 11.146
PE-4, Total (ms): 11.145
PE-7, Total (ms): 11.146
PE-5, Total (ms): 11.146
PE-2, Total (ms): 11.146
PE-1, Total (ms): 11.145
PE-0, Total (ms): 11.146
MPI time (ms) 11.146
===================================
