Graph File: dataset/bin/Reddit_beg_pos.bin
Expected edge count: 114615892
Graph File: dataset/bin/Reddit_beg_pos.bin
Graph File: dataset/bin/Reddit_beg_pos.bin
Expected edge count: 114615892
Expected edge count: 114615892
Graph File: dataset/bin/Reddit_beg_pos.bin
Expected edge count: 114615892
114615892 114615892
114615892 114615892
114615892 114615892
114615892 114615892
Graph load (success): 232965 verts, 114615892 edges 1.27609 second(s)
Graph load (success): 232965 verts, 114615892 edges 1.30361 second(s)
Graph load (success): 232965 verts, 114615892 edges 1.34812 second(s)
Graph load (success): 232965 verts, 114615892 edges 1.34575 second(s)
Complete loading graphs !!
Complete loading graphs !!
Complete loading graphs !!
Complete loading graphs !!
Preproc (ms): 910.586
PE-3, Total (ms): 35.127
PE-1, Total (ms): 35.127
PE-2, Total (ms): 35.127
PE-0, Total (ms): 35.127
MPI time (ms) 35.126
===================================
