Graph File: dataset/bin/Reddit_beg_pos.bin
Graph File: dataset/bin/Reddit_beg_pos.bin
Expected edge count: 114615892
Expected edge count: 114615892
Graph File: dataset/bin/Reddit_beg_pos.bin
Expected edge count: 114615892
Graph File: dataset/bin/Reddit_beg_pos.bin
Expected edge count: 114615892
114615892 114615892
114615892 114615892
114615892 114615892
114615892 114615892
Graph load (success): 232965 verts, 114615892 edges 1.298 second(s)
Graph load (success): 232965 verts, 114615892 edges 1.30794 second(s)
Graph load (success): 232965 verts, 114615892 edges 1.33793 second(s)
Graph load (success): 232965 verts, 114615892 edges 1.33586 second(s)
Complete loading graphs !!
Complete loading graphs !!
Complete loading graphs !!
Complete loading graphs !!
Preproc (ms): 904.167
PE-3, Total (ms): 19.343
PE-2, Total (ms): 19.343
PE-1, Total (ms): 19.343
PE-0, Total (ms): 19.343
MPI time (ms) 19.342
===================================
