Graph File: dataset/bin/Reddit_beg_pos.bin
Expected edge count: 114615892
Graph File: dataset/bin/Reddit_beg_pos.bin
Expected edge count: 114615892
Graph File: dataset/bin/Reddit_beg_pos.bin
Expected edge count: 114615892
Graph File: dataset/bin/Reddit_beg_pos.bin
Expected edge count: 114615892
114615892 114615892
114615892 114615892
114615892 114615892
114615892 114615892
Graph load (success): 232965 verts, 114615892 edges 1.28145 second(s)
Graph load (success): 232965 verts, 114615892 edges 1.2976 second(s)
Graph load (success): 232965 verts, 114615892 edges 1.34544 second(s)
Graph load (success): 232965 verts, 114615892 edges 1.34903 second(s)
Complete loading graphs !!
Complete loading graphs !!
Complete loading graphs !!
Complete loading graphs !!
Preproc (ms): 899.057
PE-1, Total (ms): 35.190
PE-2, Total (ms): 35.190
PE-3, Total (ms): 35.190
PE-0, Total (ms): 35.190
MPI time (ms) 35.189
===================================
