Graph File: dataset/bin/Reddit_beg_pos.bin
Expected edge count: 114615892
Graph File: dataset/bin/Reddit_beg_pos.bin
Expected edge count: 114615892
Graph File: dataset/bin/Reddit_beg_pos.bin
Expected edge count: 114615892
Graph File: dataset/bin/Reddit_beg_pos.bin
Expected edge count: 114615892
Graph File: dataset/bin/Reddit_beg_pos.bin
Expected edge count: 114615892
Graph File: dataset/bin/Reddit_beg_pos.bin
Expected edge count: 114615892
Graph File: dataset/bin/Reddit_beg_pos.bin
Expected edge count: 114615892
Graph File: dataset/bin/Reddit_beg_pos.bin
Expected edge count: 114615892
114615892 114615892
114615892 114615892
114615892 114615892
114615892 114615892
114615892 114615892
114615892 114615892
114615892 114615892
114615892 114615892
Graph load (success): 232965 verts, 114615892 edges 1.36556 second(s)
Graph load (success): 232965 verts, 114615892 edges 1.37832 second(s)
Graph load (success): 232965 verts, 114615892 edges 1.37169 second(s)
Graph load (success): 232965 verts, 114615892 edges 1.38323 second(s)
Complete loading graphs !!
Graph load (success): 232965 verts, 114615892 edges 1.50419 second(s)
Complete loading graphs !!
Graph load (success): 232965 verts, 114615892 edges 1.5443 second(s)
Graph load (success): 232965 verts, 114615892 edges 1.55005 second(s)
Complete loading graphs !!
Complete loading graphs !!
Graph load (success): 232965 verts, 114615892 edges 1.56609 second(s)
Complete loading graphs !!
Complete loading graphs !!
Complete loading graphs !!
Complete loading graphs !!
Preproc (ms): 461.294
PE-4, Total (ms): 12.910
PE-2, Total (ms): 12.910
PE-1, Total (ms): 12.909
PE-5, Total (ms): 12.909
PE-3, Total (ms): 12.910
PE-7, Total (ms): 12.910
PE-6, Total (ms): 12.908
PE-0, Total (ms): 12.909
MPI time (ms) 12.909
===================================
