Graph File: dataset/bin/Reddit_beg_pos.bin
Expected edge count: 114615892
Graph File: dataset/bin/Reddit_beg_pos.bin
Expected edge count: 114615892
Graph File: dataset/bin/Reddit_beg_pos.bin
Graph File: dataset/bin/Reddit_beg_pos.bin
Expected edge count: 114615892
Expected edge count: 114615892
114615892 114615892
114615892 114615892
114615892 114615892
114615892 114615892
Graph load (success): 232965 verts, 114615892 edges 1.26675 second(s)
Graph load (success): 232965 verts, 114615892 edges 1.29789 second(s)
Graph load (success): 232965 verts, 114615892 edges 1.34715 second(s)
Graph load (success): 232965 verts, 114615892 edges 1.3465 second(s)
Complete loading graphs !!
Complete loading graphs !!
Complete loading graphs !!
Complete loading graphs !!
Preproc (ms): 903.367
PE-1, Total (ms): 35.088
PE-2, Total (ms): 35.087
PE-3, Total (ms): 35.087
PE-0, Total (ms): 35.087
MPI time (ms) 35.085
===================================
