Graph File: dataset/bin/Reddit_beg_pos.bin
Expected edge count: 114615892
Graph File: dataset/bin/Reddit_beg_pos.bin
Expected edge count: 114615892
Graph File: dataset/bin/Reddit_beg_pos.bin
Expected edge count: 114615892
Graph File: dataset/bin/Reddit_beg_pos.bin
Expected edge count: 114615892
Graph File: dataset/bin/Reddit_beg_pos.bin
Expected edge count: 114615892
Graph File: dataset/bin/Reddit_beg_pos.bin
Expected edge count: 114615892
Graph File: dataset/bin/Reddit_beg_pos.bin
Expected edge count: 114615892
Graph File: dataset/bin/Reddit_beg_pos.bin
Expected edge count: 114615892
114615892 114615892
114615892 114615892
114615892 114615892
114615892 114615892
114615892 114615892
114615892 114615892
114615892 114615892
114615892 114615892
Graph load (success): 232965 verts, 114615892 edges 1.30392 second(s)
Graph load (success): 232965 verts, 114615892 edges 1.35468 second(s)
Graph load (success): 232965 verts, 114615892 edges 1.33726 second(s)
Graph load (success): 232965 verts, 114615892 edges 1.35268 second(s)
Graph load (success): 232965 verts, 114615892 edges 1.35597 second(s)
Graph load (success): 232965 verts, 114615892 edges 1.3556 second(s)
Graph load (success): 232965 verts, 114615892 edges 1.35873 second(s)
Graph load (success): 232965 verts, 114615892 edges 1.35855 second(s)
Complete loading graphs !!
Complete loading graphs !!
Complete loading graphs !!
Complete loading graphs !!
Complete loading graphs !!
Complete loading graphs !!
Complete loading graphs !!
Complete loading graphs !!
Preproc (ms): 440.851
PE-6, Total (ms): 37.981
PE-4, Total (ms): 37.980
PE-5, Total (ms): 37.981
PE-7, Total (ms): 37.980
PE-3, Total (ms): 37.981
PE-1, Total (ms): 37.981
PE-2, Total (ms): 37.977
PE-0, Total (ms): 37.981
MPI time (ms) 37.980
===================================
