Graph File: dataset/bin/Reddit_beg_pos.bin
Graph File: dataset/bin/Reddit_beg_pos.bin
Expected edge count: 114615892
Expected edge count: 114615892
Graph File: dataset/bin/Reddit_beg_pos.bin
Graph File: dataset/bin/Reddit_beg_pos.bin
Expected edge count: 114615892
Expected edge count: 114615892
114615892 114615892
114615892 114615892
114615892 114615892
114615892 114615892
Graph load (success): 232965 verts, 114615892 edges 1.29439 second(s)
Graph load (success): 232965 verts, 114615892 edges 1.33003 second(s)
Graph load (success): 232965 verts, 114615892 edges 1.33385 second(s)
Graph load (success): 232965 verts, 114615892 edges 1.33597 second(s)
Complete loading graphs !!
Complete loading graphs !!
Complete loading graphs !!
Complete loading graphs !!
Preproc (ms): 897.145
PE-3, Total (ms): 18.625
PE-2, Total (ms): 18.624
PE-1, Total (ms): 18.624
PE-0, Total (ms): 18.625
MPI time (ms) 18.624
===================================
