Graph File: dataset/bin/Reddit_beg_pos.bin
Expected edge count: 114615892
Graph File: dataset/bin/Reddit_beg_pos.bin
Expected edge count: 114615892
Graph File: dataset/bin/Reddit_beg_pos.bin
Expected edge count: 114615892
Graph File: dataset/bin/Reddit_beg_pos.bin
Expected edge count: 114615892
114615892 114615892
114615892 114615892
114615892 114615892
114615892 114615892
Graph load (success): 232965 verts, 114615892 edges 1.25664 second(s)
Graph load (success): 232965 verts, 114615892 edges 1.31098 second(s)
Graph load (success): 232965 verts, 114615892 edges 1.30746 second(s)
Graph load (success): 232965 verts, 114615892 edges 1.31116 second(s)
Complete loading graphs !!
Complete loading graphs !!
Complete loading graphs !!
Complete loading graphs !!
Preproc (ms): 911.767
PE-3, Total (ms): 25.983
PE-1, Total (ms): 25.982
PE-2, Total (ms): 25.979
PE-0, Total (ms): 25.981
MPI time (ms) 25.982
===================================
