Graph File: dataset/bin/Reddit_beg_pos.bin
Expected edge count: 114615892
Graph File: dataset/bin/Reddit_beg_pos.bin
Expected edge count: 114615892
Graph File: dataset/bin/Reddit_beg_pos.bin
Expected edge count: 114615892
Graph File: dataset/bin/Reddit_beg_pos.bin
Expected edge count: 114615892
Graph File: dataset/bin/Reddit_beg_pos.bin
Expected edge count: 114615892
Graph File: dataset/bin/Reddit_beg_pos.bin
Expected edge count: 114615892
Graph File: dataset/bin/Reddit_beg_pos.bin
Expected edge count: 114615892
Graph File: dataset/bin/Reddit_beg_pos.bin
Expected edge count: 114615892
114615892 114615892
114615892 114615892
114615892 114615892
114615892 114615892
114615892 114615892
114615892 114615892
114615892 114615892
114615892 114615892
Graph load (success): 232965 verts, 114615892 edges 1.29837 second(s)
Graph load (success): 232965 verts, 114615892 edges 1.31858 second(s)
Graph load (success): 232965 verts, 114615892 edges 1.30758 second(s)
Graph load (success): 232965 verts, 114615892 edges 1.35737 second(s)
Graph load (success): 232965 verts, 114615892 edges 1.33048 second(s)
Graph load (success): 232965 verts, 114615892 edges 1.35757 second(s)
Graph load (success): 232965 verts, 114615892 edges 1.35857 second(s)
Graph load (success): 232965 verts, 114615892 edges 1.35631 second(s)
Complete loading graphs !!
Complete loading graphs !!
Complete loading graphs !!
Complete loading graphs !!
Complete loading graphs !!
Complete loading graphs !!
Complete loading graphs !!
Complete loading graphs !!
Preproc (ms): 443.205
PE-6, Total (ms): 63.024
PE-3, Total (ms): 62.983
PE-7, Total (ms): 62.990
PE-5, Total (ms): 63.025
PE-4, Total (ms): 63.020
PE-1, Total (ms): 63.017
PE-2, Total (ms): 63.024
PE-0, Total (ms): 63.018
MPI time (ms) 63.023
===================================
