Graph File: dataset/bin/Reddit_beg_pos.bin
Expected edge count: 114615892
Graph File: dataset/bin/Reddit_beg_pos.bin
Expected edge count: 114615892
Graph File: dataset/bin/Reddit_beg_pos.bin
Expected edge count: 114615892
Graph File: dataset/bin/Reddit_beg_pos.bin
Expected edge count: 114615892
114615892 114615892
114615892 114615892
114615892 114615892
114615892 114615892
Graph load (success): 232965 verts, 114615892 edges 1.2815 second(s)
Graph load (success): 232965 verts, 114615892 edges 1.30119 second(s)
Graph load (success): 232965 verts, 114615892 edges 1.34965 second(s)
Graph load (success): 232965 verts, 114615892 edges 1.35171 second(s)
Complete loading graphs !!
Complete loading graphs !!
Complete loading graphs !!
Complete loading graphs !!
Preproc (ms): 909.607
PE-1, Total (ms): 35.465
PE-2, Total (ms): 35.465
PE-3, Total (ms): 35.465
PE-0, Total (ms): 35.465
MPI time (ms) 35.463
===================================
