Graph File: dataset/bin/Reddit_beg_pos.bin
Expected edge count: 114615892
Graph File: dataset/bin/Reddit_beg_pos.bin
Expected edge count: 114615892
Graph File: dataset/bin/Reddit_beg_pos.bin
Expected edge count: 114615892
Graph File: dataset/bin/Reddit_beg_pos.bin
Expected edge count: 114615892
114615892 114615892
114615892 114615892
114615892 114615892
114615892 114615892
Graph load (success): 232965 verts, 114615892 edges 1.26576 second(s)
Graph load (success): 232965 verts, 114615892 edges 1.29671 second(s)
Graph load (success): 232965 verts, 114615892 edges 1.34569 second(s)
Graph load (success): 232965 verts, 114615892 edges 1.34753 second(s)
Complete loading graphs !!
Complete loading graphs !!
Complete loading graphs !!
Complete loading graphs !!
Preproc (ms): 911.905
PE-1, Total (ms): 35.044
PE-2, Total (ms): 35.045
PE-3, Total (ms): 35.044
PE-0, Total (ms): 35.044
MPI time (ms) 35.042
===================================
