Graph File: dataset/Reddit.mtx
Graph File: dataset/Reddit.mtx
Graph File: dataset/Reddit.mtx
Graph File: dataset/Reddit.mtx
Complete loading graphs !!
Complete loading graphs !!
Complete loading graphs !!
Complete loading graphs !!
PE-3-local, num_nodes: 58239, part_size, 16, num_parts, 444967
PE-3-remote, num_nodes: 58239, part_size, 16, num_parts, 1337096
PE-2-local, num_nodes: 58242, part_size, 16, num_parts, 479496
PE-1-local, num_nodes: 58242, part_size, 16, num_parts, 482399
PE-0-local, num_nodes: 58242, part_size, 16, num_parts, 499829
PE-2-remote, num_nodes: 58242, part_size, 16, num_parts, 1374884
PE-0-remote, num_nodes: 58242, part_size, 16, num_parts, 1393828
PE-1-remote, num_nodes: 58242, part_size, 16, num_parts, 1376744
PreProcess time (s) 1.658
grid: 21483, block: 256, shared_memory (KB): 1.536
grid: 20893, block: 256, shared_memory (KB): 1.536
grid: 21779, block: 256, shared_memory (KB): 1.536
grid: 21512, block: 256, shared_memory (KB): 1.536
PE-3, Total (ms): 6.950, Dense (ms): 0.000
PE-2, Total (ms): 7.368, Dense (ms): 0.000
PE-1, Total (ms): 7.477, Dense (ms): 0.000
PE-0, Total (ms): 7.591, Dense (ms): 0.000
MPI time (ms) 7.601
===================================
Graph File: dataset/enwiki-2013.mtx
Graph File: dataset/enwiki-2013.mtx
Graph File: dataset/enwiki-2013.mtx
Graph File: dataset/enwiki-2013.mtx
Complete loading graphs !!
Complete loading graphs !!
Complete loading graphs !!
Complete loading graphs !!
PE-2-local, num_nodes: 1050831, part_size, 16, num_parts, 2357906
PE-3-local, num_nodes: 1050830, part_size, 16, num_parts, 2291807
PE-2-remote, num_nodes: 1050831, part_size, 16, num_parts, 1647968
PE-3-remote, num_nodes: 1050830, part_size, 16, num_parts, 1749046
PE-1-local, num_nodes: 1050831, part_size, 16, num_parts, 2518679
PE-1-remote, num_nodes: 1050831, part_size, 16, num_parts, 1847369
PE-0-local, num_nodes: 1050831, part_size, 16, num_parts, 2974589
PE-0-remote, num_nodes: 1050831, part_size, 16, num_parts, 1880056
PreProcess time (s) 2.497
grid: 36843, block: 256, shared_memory (KB): 1.536
grid: 46478, block: 256, shared_memory (KB): 1.536
grid: 35810, block: 256, shared_memory (KB): 1.536
grid: 39355, block: 256, shared_memory (KB): 1.536
PE-2, Total (ms): 20.506, Dense (ms): 0.000
PE-3, Total (ms): 21.833, Dense (ms): 0.000
PE-1, Total (ms): 23.360, Dense (ms): 0.000
PE-0, Total (ms): 25.900, Dense (ms): 0.000
MPI time (ms) 25.929
===================================
Graph File: dataset/ogbn-products.mtx
Graph File: dataset/ogbn-products.mtx
Graph File: dataset/ogbn-products.mtx
Graph File: dataset/ogbn-products.mtx
Complete loading graphs !!
Complete loading graphs !!
Complete loading graphs !!
Complete loading graphs !!
PE-3-local, num_nodes: 612255, part_size, 16, num_parts, 636211
PE-3-remote, num_nodes: 612255, part_size, 16, num_parts, 1515702
PE-2-local, num_nodes: 612258, part_size, 16, num_parts, 634812
PE-1-local, num_nodes: 612258, part_size, 16, num_parts, 635052
PE-2-remote, num_nodes: 612258, part_size, 16, num_parts, 1513893
PE-1-remote, num_nodes: 612258, part_size, 16, num_parts, 1516537
PE-0-local, num_nodes: 612258, part_size, 16, num_parts, 1769197
PE-0-remote, num_nodes: 612258, part_size, 16, num_parts, 2103521
PreProcess time (s) 2.350
grid: 23655, block: 256, shared_memory (KB): 1.536
grid: 32868, block: 256, shared_memory (KB): 1.536
grid: 23696, block: 256, shared_memory (KB): 1.536
grid: 23683, block: 256, shared_memory (KB): 1.536
PE-2, Total (ms): 8.356, Dense (ms): 0.000
PE-1, Total (ms): 8.443, Dense (ms): 0.000
PE-3, Total (ms): 8.580, Dense (ms): 0.000
PE-0, Total (ms): 24.229, Dense (ms): 0.000
MPI time (ms) 24.261
===================================
Graph File: dataset/ogbn-proteins.mtx
Graph File: dataset/ogbn-proteins.mtx
Graph File: dataset/ogbn-proteins.mtx
Graph File: dataset/ogbn-proteins.mtx
Complete loading graphs !!
Complete loading graphs !!
Complete loading graphs !!
Complete loading graphs !!
PE-0-local, num_nodes: 33134, part_size, 16, num_parts, 888948
PE-0-remote, num_nodes: 33134, part_size, 16, num_parts, 173111
PE-1-local, num_nodes: 33134, part_size, 16, num_parts, 728921
PE-1-remote, num_nodes: 33134, part_size, 16, num_parts, 355222
PE-3-local, num_nodes: 33132, part_size, 16, num_parts, 1007041
PE-3-remote, num_nodes: 33132, part_size, 16, num_parts, 388546
PE-2-local, num_nodes: 33134, part_size, 16, num_parts, 1034688
PE-2-remote, num_nodes: 33134, part_size, 16, num_parts, 488136
PreProcess time (s) 1.420
grid: 16167, block: 256, shared_memory (KB): 1.536
grid: 13890, block: 256, shared_memory (KB): 1.536
grid: 11390, block: 256, shared_memory (KB): 1.536
grid: 15736, block: 256, shared_memory (KB): 1.536
PE-0, Total (ms): 5.384, Dense (ms): 0.000
PE-1, Total (ms): 6.393, Dense (ms): 0.000
PE-3, Total (ms): 8.079, Dense (ms): 0.000
MPI time (ms) 8.952
PE-2, Total (ms): 8.972, Dense (ms): 0.000
===================================
Graph File: dataset/com-Orkut.mtx
Graph File: dataset/com-Orkut.mtx
Graph File: dataset/com-Orkut.mtx
Graph File: dataset/com-Orkut.mtx
Complete loading graphs !!
Complete loading graphs !!
Complete loading graphs !!
Complete loading graphs !!
PE-2-local, num_nodes: 768111, part_size, 16, num_parts, 725796
PE-2-remote, num_nodes: 768111, part_size, 16, num_parts, 1030290
PE-0-local, num_nodes: 768111, part_size, 16, num_parts, 1560194
PE-0-remote, num_nodes: 768111, part_size, 16, num_parts, 682028
PE-1-local, num_nodes: 768111, part_size, 16, num_parts, 1356894
PE-1-remote, num_nodes: 768111, part_size, 16, num_parts, 1030170
PE-3-local, num_nodes: 768108, part_size, 16, num_parts, 3167735
PE-3-remote, num_nodes: 768108, part_size, 16, num_parts, 590606
PreProcess time (s) 2.343
grid: 21202, block: 256, shared_memory (KB): 1.536
grid: 16099, block: 256, shared_memory (KB): 1.536
grid: 24379, block: 256, shared_memory (KB): 1.536
grid: 49496, block: 256, shared_memory (KB): 1.536
PE-2, Total (ms): 8.338, Dense (ms): 0.000
PE-0, Total (ms): 9.943, Dense (ms): 0.000
PE-1, Total (ms): 12.875, Dense (ms): 0.000
PE-3, Total (ms): 16.426, Dense (ms): 0.000
MPI time (ms) 16.403
===================================
