Graph File: dataset/bin/Reddit_beg_pos.bin
Expected edge count: 114615892
Graph File: dataset/bin/Reddit_beg_pos.bin
Expected edge count: 114615892
Graph File: dataset/bin/Reddit_beg_pos.bin
Expected edge count: 114615892
Graph File: dataset/bin/Reddit_beg_pos.bin
Expected edge count: 114615892
Graph File: dataset/bin/Reddit_beg_pos.bin
Expected edge count: 114615892
Graph File: dataset/bin/Reddit_beg_pos.bin
Expected edge count: 114615892
Graph File: dataset/bin/Reddit_beg_pos.bin
Expected edge count: 114615892
Graph File: dataset/bin/Reddit_beg_pos.bin
Expected edge count: 114615892
114615892 114615892
114615892 114615892
114615892 114615892
114615892 114615892
114615892 114615892
114615892 114615892
114615892 114615892
114615892 114615892
Graph load (success): 232965 verts, 114615892 edges 1.36249 second(s)
Graph load (success): 232965 verts, 114615892 edges 1.35104 second(s)
Graph load (success): 232965 verts, 114615892 edges 1.36018 second(s)
Graph load (success): 232965 verts, 114615892 edges 1.359 second(s)
Graph load (success): 232965 verts, 114615892 edges 1.47973 second(s)
Complete loading graphs !!
Complete loading graphs !!
Graph load (success): 232965 verts, 114615892 edges 1.5235 second(s)
Complete loading graphs !!
Complete loading graphs !!
Graph load (success): 232965 verts, 114615892 edges 1.54679 second(s)
Graph load (success): 232965 verts, 114615892 edges 1.5698 second(s)
Complete loading graphs !!
Complete loading graphs !!
Complete loading graphs !!
Complete loading graphs !!
Preproc (ms): 456.668
PE-6, Total (ms): 11.933
PE-4, Total (ms): 11.932
PE-3, Total (ms): 11.933
PE-7, Total (ms): 11.932
PE-5, Total (ms): 11.933
PE-2, Total (ms): 11.932
PE-1, Total (ms): 11.933
PE-0, Total (ms): 11.932
MPI time (ms) 11.932
===================================
