Graph File: dataset/bin/Reddit_beg_pos.bin
Expected edge count: 114615892
Graph File: dataset/bin/Reddit_beg_pos.bin
Expected edge count: 114615892
Graph File: dataset/bin/Reddit_beg_pos.bin
Expected edge count: 114615892
Graph File: dataset/bin/Reddit_beg_pos.bin
Expected edge count: 114615892
114615892 114615892
114615892 114615892
114615892 114615892
114615892 114615892
Graph load (success): 232965 verts, 114615892 edges 1.25 second(s)
Graph load (success): 232965 verts, 114615892 edges 1.29182 second(s)
Graph load (success): 232965 verts, 114615892 edges 1.34638 second(s)
Graph load (success): 232965 verts, 114615892 edges 1.3505 second(s)
Complete loading graphs !!
Complete loading graphs !!
Complete loading graphs !!
Complete loading graphs !!
Preproc (ms): 912.279
PE-1, Total (ms): 35.001
PE-2, Total (ms): 35.001
PE-3, Total (ms): 35.002
PE-0, Total (ms): 35.001
MPI time (ms) 35.000
===================================
