Graph File: dataset/bin/Reddit_beg_pos.bin
Expected edge count: 114615892
Graph File: dataset/bin/Reddit_beg_pos.bin
Expected edge count: 114615892
Graph File: dataset/bin/Reddit_beg_pos.bin
Graph File: dataset/bin/Reddit_beg_pos.bin
Expected edge count: 114615892
Expected edge count: 114615892
114615892 114615892
114615892 114615892
114615892 114615892
114615892 114615892
Graph load (success): 232965 verts, 114615892 edges 1.28638 second(s)
Graph load (success): 232965 verts, 114615892 edges 1.31485 second(s)
Graph load (success): 232965 verts, 114615892 edges 1.31924 second(s)
Graph load (success): 232965 verts, 114615892 edges 1.31265 second(s)
Complete loading graphs !!
Complete loading graphs !!
Complete loading graphs !!
Complete loading graphs !!
Preproc (ms): 913.075
PE-3, Total (ms): 20.256
PE-2, Total (ms): 20.254
PE-1, Total (ms): 20.256
PE-0, Total (ms): 20.256
MPI time (ms) 20.255
===================================
