Graph File: dataset/bin/Reddit_beg_pos.bin
Graph File: dataset/bin/Reddit_beg_pos.bin
Expected edge count: 114615892
Expected edge count: 114615892
Graph File: dataset/bin/Reddit_beg_pos.bin
Expected edge count: 114615892
Graph File: dataset/bin/Reddit_beg_pos.bin
Expected edge count: 114615892
114615892 114615892
114615892 114615892
114615892 114615892
114615892 114615892
Graph load (success): 232965 verts, 114615892 edges 1.2346 second(s)
Graph load (success): 232965 verts, 114615892 edges 1.28837 second(s)
Graph load (success): 232965 verts, 114615892 edges 1.34609 second(s)
Graph load (success): 232965 verts, 114615892 edges 1.35069 second(s)
Complete loading graphs !!
Complete loading graphs !!
Complete loading graphs !!
Complete loading graphs !!
Preproc (ms): 906.214
PE-1, Total (ms): 35.051
PE-2, Total (ms): 35.051
PE-3, Total (ms): 35.052
PE-0, Total (ms): 35.051
MPI time (ms) 35.049
===================================
