Graph File: dataset/amazon0505.mtx
Graph File: dataset/amazon0505.mtx
Graph File: dataset/amazon0505.mtx
Graph File: dataset/amazon0505.mtx
Complete loading graphs !!
Complete loading graphs !!
Complete loading graphs !!
Complete loading graphs !!
PE-3-local, num_nodes: 102559, part_size, 32, num_parts, 86592
PE-3-remote, num_nodes: 102559, part_size, 32, num_parts, 79297
PE-2-local, num_nodes: 102559, part_size, 32, num_parts, 87149
PE-2-remote, num_nodes: 102559, part_size, 32, num_parts, 97019
PE-1-local, num_nodes: 102559, part_size, 32, num_parts, 95749
PE-1-remote, num_nodes: 102559, part_size, 32, num_parts, 98981
PE-0-local, num_nodes: 102559, part_size, 32, num_parts, 105601
PE-0-remote, num_nodes: 102559, part_size, 32, num_parts, 79916
PreProcess time (s) 0.952
grid: 379, block: 256, shared_memory (KB): 2.048
grid: 413, block: 256, shared_memory (KB): 2.048
grid: 387, block: 256, shared_memory (KB): 2.048
grid: 339, block: 256, shared_memory (KB): 2.048
PE-2, Total (ms): 1.444, Dense (ms): 0.000
PE-3, Total (ms): 1.522, Dense (ms): 0.000
PE-1, Total (ms): 1.864, Dense (ms): 0.000
PE-0, Total (ms): 2.781, Dense (ms): 0.000
MPI time (ms) 2.800
===================================
