Graph File: dataset/bin/Reddit_beg_pos.bin
Expected edge count: 114615892
Graph File: dataset/bin/Reddit_beg_pos.bin
Expected edge count: 114615892
Graph File: dataset/bin/Reddit_beg_pos.bin
Expected edge count: 114615892
Graph File: dataset/bin/Reddit_beg_pos.bin
Expected edge count: 114615892
114615892 114615892
114615892 114615892
114615892 114615892
114615892 114615892
Graph load (success): 232965 verts, 114615892 edges 1.3074 second(s)
Graph load (success): 232965 verts, 114615892 edges 1.32315 second(s)
Graph load (success): 232965 verts, 114615892 edges 1.35962 second(s)
Graph load (success): 232965 verts, 114615892 edges 1.35696 second(s)
Complete loading graphs !!
Complete loading graphs !!
Complete loading graphs !!
Complete loading graphs !!
Preproc (ms): 907.251
PE-2, Total (ms): 17.554
PE-3, Total (ms): 17.546
PE-1, Total (ms): 17.555
PE-0, Total (ms): 17.552
MPI time (ms) 17.555
===================================
