Graph File: dataset/bin/Reddit_beg_pos.bin
Graph File: dataset/bin/Reddit_beg_pos.bin
Expected edge count: 114615892
Expected edge count: 114615892
Graph File: dataset/bin/Reddit_beg_pos.bin
Expected edge count: 114615892
Graph File: dataset/bin/Reddit_beg_pos.bin
Expected edge count: 114615892
114615892 114615892
114615892 114615892
114615892 114615892
114615892 114615892
Graph load (success): 232965 verts, 114615892 edges 1.27014 second(s)
Graph load (success): 232965 verts, 114615892 edges 1.29224 second(s)
Graph load (success): 232965 verts, 114615892 edges 1.34476 second(s)
Graph load (success): 232965 verts, 114615892 edges 1.34286 second(s)
Complete loading graphs !!
Complete loading graphs !!
Complete loading graphs !!
Complete loading graphs !!
Preproc (ms): 911.359
PE-1, Total (ms): 33.277
PE-2, Total (ms): 33.271
PE-3, Total (ms): 33.279
PE-0, Total (ms): 33.277
MPI time (ms) 33.276
===================================
