Graph File: dataset/Reddit.mtx
Graph File: dataset/Reddit.mtx
Graph File: dataset/Reddit.mtx
Graph File: dataset/Reddit.mtx
Complete loading graphs !!
Complete loading graphs !!
Complete loading graphs !!
Complete loading graphs !!
PE-3-local, num_nodes: 58239, part_size, 64, num_parts, 137236
PE-3-remote, num_nodes: 58239, part_size, 64, num_parts, 358329
PE-2-local, num_nodes: 58242, part_size, 64, num_parts, 145631
PE-2-remote, num_nodes: 58242, part_size, 64, num_parts, 367427
PE-0-local, num_nodes: 58242, part_size, 64, num_parts, 150735
PE-1-local, num_nodes: 58242, part_size, 64, num_parts, 146417
PE-0-remote, num_nodes: 58242, part_size, 64, num_parts, 372231
PE-1-remote, num_nodes: 58242, part_size, 64, num_parts, 368063
PreProcess time (s) 1.610
grid: 44792, block: 256, shared_memory (KB): 3.072
grid: 45929, block: 256, shared_memory (KB): 3.072
grid: 46008, block: 256, shared_memory (KB): 3.072
grid: 46529, block: 256, shared_memory (KB): 3.072
PE-3, Total (ms): 7.598, Dense (ms): 0.000
PE-1, Total (ms): 8.021, Dense (ms): 0.000
PE-2, Total (ms): 7.949, Dense (ms): 0.000
PE-0, Total (ms): 8.180, Dense (ms): 0.000
MPI time (ms) 8.238
===================================
