Graph File: dataset/bin/Reddit_beg_pos.bin
Expected edge count: 114615892
Graph File: dataset/bin/Reddit_beg_pos.bin
Expected edge count: 114615892
Graph File: dataset/bin/Reddit_beg_pos.bin
Expected edge count: 114615892
Graph File: dataset/bin/Reddit_beg_pos.bin
Expected edge count: 114615892
Graph File: dataset/bin/Reddit_beg_pos.bin
Expected edge count: 114615892
Graph File: dataset/bin/Reddit_beg_pos.bin
Expected edge count: 114615892
Graph File: dataset/bin/Reddit_beg_pos.bin
Expected edge count: 114615892
Graph File: dataset/bin/Reddit_beg_pos.bin
Expected edge count: 114615892
114615892 114615892
114615892 114615892
114615892 114615892
114615892 114615892
114615892 114615892
114615892 114615892
114615892 114615892
114615892 114615892
Graph load (success): 232965 verts, 114615892 edges 1.37654 second(s)
Graph load (success): 232965 verts, 114615892 edges 1.38614 second(s)
Graph load (success): 232965 verts, 114615892 edges 1.38035 second(s)
Graph load (success): 232965 verts, 114615892 edges 1.40514 second(s)
Graph load (success): 232965 verts, 114615892 edges 1.46332 second(s)
Graph load (success): 232965 verts, 114615892 edges 1.49537 second(s)
Complete loading graphs !!
Complete loading graphs !!
Complete loading graphs !!
Graph load (success): 232965 verts, 114615892 edges 1.56822 second(s)
Graph load (success): 232965 verts, 114615892 edges 1.56584 second(s)
Complete loading graphs !!
Complete loading graphs !!
Complete loading graphs !!
Complete loading graphs !!
Complete loading graphs !!
Preproc (ms): 452.883
PE-3, Total (ms): 12.494
PE-5, Total (ms): 12.494
PE-7, Total (ms): 12.494
PE-6, Total (ms): 12.494
PE-1, Total (ms): 12.494
PE-2, Total (ms): 12.493
PE-4, Total (ms): 12.492
PE-0, Total (ms): 12.493
MPI time (ms) 12.493
===================================
