Graph File: dataset/bin/Reddit_beg_pos.bin
Expected edge count: 114615892
Graph File: dataset/bin/Reddit_beg_pos.bin
Expected edge count: 114615892
Graph File: dataset/bin/Reddit_beg_pos.bin
Graph File: dataset/bin/Reddit_beg_pos.bin
Expected edge count: 114615892
Expected edge count: 114615892
114615892 114615892
114615892 114615892
114615892 114615892
114615892 114615892
Graph load (success): 232965 verts, 114615892 edges 1.26432 second(s)
Graph load (success): 232965 verts, 114615892 edges 1.29198 second(s)
Graph load (success): 232965 verts, 114615892 edges 1.34723 second(s)
Graph load (success): 232965 verts, 114615892 edges 1.34773 second(s)
Complete loading graphs !!
Complete loading graphs !!
Complete loading graphs !!
Complete loading graphs !!
Preproc (ms): 909.058
PE-1, Total (ms): 35.145
PE-2, Total (ms): 35.144
PE-3, Total (ms): 35.144
PE-0, Total (ms): 35.143
MPI time (ms) 35.143
===================================
