Graph File: dataset/bin/Reddit_beg_pos.bin
Expected edge count: 114615892
Graph File: dataset/bin/Reddit_beg_pos.bin
Expected edge count: 114615892
Graph File: dataset/bin/Reddit_beg_pos.bin
Expected edge count: 114615892
Graph File: dataset/bin/Reddit_beg_pos.bin
Expected edge count: 114615892
Graph File: dataset/bin/Reddit_beg_pos.bin
Expected edge count: 114615892
Graph File: dataset/bin/Reddit_beg_pos.bin
Expected edge count: 114615892
Graph File: dataset/bin/Reddit_beg_pos.bin
Expected edge count: 114615892
Graph File: dataset/bin/Reddit_beg_pos.bin
Expected edge count: 114615892
114615892 114615892
114615892 114615892
114615892 114615892
114615892 114615892
114615892 114615892
114615892 114615892
114615892 114615892
114615892 114615892
Graph load (success): 232965 verts, 114615892 edges 1.34378 second(s)
Graph load (success): 232965 verts, 114615892 edges 1.35037 second(s)
Graph load (success): 232965 verts, 114615892 edges 1.36627 second(s)
Graph load (success): 232965 verts, 114615892 edges 1.35752 second(s)
Graph load (success): 232965 verts, 114615892 edges 1.46957 second(s)
Graph load (success): 232965 verts, 114615892 edges 1.47801 second(s)
Complete loading graphs !!
Complete loading graphs !!
Complete loading graphs !!
Complete loading graphs !!
Graph load (success): 232965 verts, 114615892 edges 1.54404 second(s)
Graph load (success): 232965 verts, 114615892 edges 1.55556 second(s)
Complete loading graphs !!
Complete loading graphs !!
Complete loading graphs !!
Complete loading graphs !!
Preproc (ms): 453.387
PE-3, Total (ms): 9.694
PE-4, Total (ms): 9.694
PE-6, Total (ms): 9.694
PE-2, Total (ms): 9.695
PE-5, Total (ms): 9.694
PE-1, Total (ms): 9.694
PE-7, Total (ms): 9.679
PE-0, Total (ms): 9.694
MPI time (ms) 9.694
===================================
