Graph File: dataset/bin/Reddit_beg_pos.bin
Graph File: dataset/bin/Reddit_beg_pos.bin
Expected edge count: 114615892
Expected edge count: 114615892
Graph File: dataset/bin/Reddit_beg_pos.bin
Expected edge count: 114615892
Graph File: dataset/bin/Reddit_beg_pos.bin
Expected edge count: 114615892
114615892 114615892
114615892 114615892
114615892 114615892
114615892 114615892
Graph load (success): 232965 verts, 114615892 edges 1.27054 second(s)
Graph load (success): 232965 verts, 114615892 edges 1.30208 second(s)
Graph load (success): 232965 verts, 114615892 edges 1.29762 second(s)
Graph load (success): 232965 verts, 114615892 edges 1.30765 second(s)
Complete loading graphs !!
Complete loading graphs !!
Complete loading graphs !!
Complete loading graphs !!
Preproc (ms): 906.737
PE-3, Total (ms): 43.461
PE-1, Total (ms): 43.460
PE-2, Total (ms): 43.460
PE-0, Total (ms): 43.459
MPI time (ms) 43.459
===================================
