Graph File: dataset/amazon0505.mtx
Graph File: dataset/amazon0505.mtx
Graph File: dataset/amazon0505.mtx
Graph File: dataset/amazon0505.mtx
Complete loading graphs !!
Complete loading graphs !!
Complete loading graphs !!
Complete loading graphs !!
PE-3-local, num_nodes: 102559, part_size, 16, num_parts, 88364
PE-2-local, num_nodes: 102559, part_size, 16, num_parts, 88162
PE-3-remote, num_nodes: 102559, part_size, 16, num_parts, 79297
PE-2-remote, num_nodes: 102559, part_size, 16, num_parts, 97868
PE-1-local, num_nodes: 102559, part_size, 16, num_parts, 98050
PE-1-remote, num_nodes: 102559, part_size, 16, num_parts, 103790
PE-0-local, num_nodes: 102559, part_size, 16, num_parts, 119446
PE-0-remote, num_nodes: 102559, part_size, 16, num_parts, 92430
PreProcess time (s) 0.928
grid: 765, block: 256, shared_memory (KB): 1.536
grid: 934, block: 256, shared_memory (KB): 1.536
grid: 811, block: 256, shared_memory (KB): 1.536
grid: 691, block: 256, shared_memory (KB): 1.536
PE-3, Total (ms): 1.276, Dense (ms): 0.000
PE-2, Total (ms): 1.326, Dense (ms): 0.000
PE-1, Total (ms): 1.476, Dense (ms): 0.000
PE-0, Total (ms): 1.506, Dense (ms): 0.000
MPI time (ms) 1.513
===================================
