Graph File: dataset/amazon0505.mtx
Complete loading graphs !!
Overall Graph, num_nodes: 410236, part_size, 4000, num_parts, 410236
grid: 17094, block: 128, shared_memory (KB): 64.256
Time (ms): 4.65
===================================
grid: 17094, block: 128, shared_memory (KB): 64.256
Time (ms): 5.18
===================================
grid: 17094, block: 128, shared_memory (KB): 64.256
Time (ms): 4.65
===================================
grid: 17094, block: 128, shared_memory (KB): 64.256
Time (ms): 4.47
===================================
grid: 17094, block: 128, shared_memory (KB): 64.256
Time (ms): 4.65
===================================
grid: 17093, block: 128, shared_memory (KB): 64.256
Time (ms): 4.34
===================================
Graph File: dataset/artist.mtx
Complete loading graphs !!
Overall Graph, num_nodes: 50515, part_size, 4000, num_parts, 50515
grid: 2105, block: 128, shared_memory (KB): 64.256
Time (ms): 2.84
===================================
grid: 2105, block: 128, shared_memory (KB): 64.256
Time (ms): 2.67
===================================
grid: 2105, block: 128, shared_memory (KB): 64.256
Time (ms): 2.65
===================================
grid: 2105, block: 128, shared_memory (KB): 64.256
Time (ms): 2.70
===================================
grid: 2105, block: 128, shared_memory (KB): 64.256
Time (ms): 2.86
===================================
grid: 2104, block: 128, shared_memory (KB): 64.256
Time (ms): 2.75
===================================
Graph File: dataset/com-amazon.mtx
Complete loading graphs !!
Overall Graph, num_nodes: 548551, part_size, 4000, num_parts, 334863
grid: 13869, block: 128, shared_memory (KB): 64.256
Time (ms): 4.50
===================================
grid: 13873, block: 128, shared_memory (KB): 64.256
Time (ms): 5.16
===================================
grid: 13780, block: 128, shared_memory (KB): 64.256
Time (ms): 5.01
===================================
grid: 13722, block: 128, shared_memory (KB): 64.256
Time (ms): 4.97
===================================
grid: 13777, block: 128, shared_memory (KB): 64.256
Time (ms): 5.71
===================================
grid: 14698, block: 128, shared_memory (KB): 64.256
Time (ms): 5.41
===================================
Graph File: dataset/soc-BlogCatalog.mtx
Complete loading graphs !!
Overall Graph, num_nodes: 88784, part_size, 4000, num_parts, 88671
grid: 3700, block: 128, shared_memory (KB): 64.256
Time (ms): 5.36
===================================
grid: 3700, block: 128, shared_memory (KB): 64.256
Time (ms): 4.57
===================================
grid: 3700, block: 128, shared_memory (KB): 64.256
Time (ms): 7.61
===================================
grid: 3700, block: 128, shared_memory (KB): 64.256
Time (ms): 5.36
===================================
grid: 3700, block: 128, shared_memory (KB): 64.256
Time (ms): 4.23
===================================
grid: 3671, block: 128, shared_memory (KB): 64.256
Time (ms): 5.28
===================================
Graph File: dataset/amazon0601.mtx
Complete loading graphs !!
Overall Graph, num_nodes: 403394, part_size, 4000, num_parts, 402439
grid: 16809, block: 128, shared_memory (KB): 64.256
Time (ms): 4.21
===================================
grid: 16809, block: 128, shared_memory (KB): 64.256
Time (ms): 4.57
===================================
grid: 16809, block: 128, shared_memory (KB): 64.256
Time (ms): 4.68
===================================
grid: 16809, block: 128, shared_memory (KB): 64.256
Time (ms): 4.78
===================================
grid: 16809, block: 128, shared_memory (KB): 64.256
Time (ms): 4.09
===================================
grid: 16569, block: 128, shared_memory (KB): 64.256
Time (ms): 3.99
===================================
Graph File: dataset/Reddit.mtx
Complete loading graphs !!
Overall Graph, num_nodes: 232965, part_size, 4000, num_parts, 235356
grid: 9820, block: 128, shared_memory (KB): 64.256
Time (ms): 20.82
===================================
grid: 9809, block: 128, shared_memory (KB): 64.256
Time (ms): 20.48
===================================
grid: 9803, block: 128, shared_memory (KB): 64.256
Time (ms): 20.26
===================================
grid: 9792, block: 128, shared_memory (KB): 64.256
Time (ms): 20.74
===================================
grid: 9807, block: 128, shared_memory (KB): 64.256
Time (ms): 20.67
===================================
grid: 9811, block: 128, shared_memory (KB): 64.256
Time (ms): 20.14
===================================
Graph File: dataset/enwiki-2013.mtx
Complete loading graphs !!
Overall Graph, num_nodes: 4203323, part_size, 4000, num_parts, 4207174
grid: 175393, block: 128, shared_memory (KB): 64.256
Time (ms): 63.49
===================================
grid: 175260, block: 128, shared_memory (KB): 64.256
Time (ms): 53.77
===================================
grid: 175283, block: 128, shared_memory (KB): 64.256
Time (ms): 56.90
===================================
grid: 175260, block: 128, shared_memory (KB): 64.256
Time (ms): 51.20
===================================
grid: 175301, block: 128, shared_memory (KB): 64.256
Time (ms): 57.27
===================================
grid: 175298, block: 128, shared_memory (KB): 64.256
Time (ms): 57.59
===================================
Graph File: dataset/ogbn-products.mtx
Complete loading graphs !!
Overall Graph, num_nodes: 2449029, part_size, 4000, num_parts, 2400684
grid: 101099, block: 128, shared_memory (KB): 64.256
Time (ms): 76.99
===================================
grid: 99787, block: 128, shared_memory (KB): 64.256
Time (ms): 41.04
===================================
grid: 99838, block: 128, shared_memory (KB): 64.256
Time (ms): 41.61
===================================
grid: 99785, block: 128, shared_memory (KB): 64.256
Time (ms): 38.98
===================================
grid: 99838, block: 128, shared_memory (KB): 64.256
Time (ms): 43.51
===================================
grid: 99826, block: 128, shared_memory (KB): 64.256
Time (ms): 42.91
===================================
Graph File: dataset/ogbn-proteins.mtx
Complete loading graphs !!
Overall Graph, num_nodes: 132534, part_size, 4000, num_parts, 132713
grid: 5528, block: 128, shared_memory (KB): 64.256
Time (ms): 9.75
===================================
grid: 5526, block: 128, shared_memory (KB): 64.256
Time (ms): 8.14
===================================
grid: 5531, block: 128, shared_memory (KB): 64.256
Time (ms): 8.71
===================================
grid: 5530, block: 128, shared_memory (KB): 64.256
Time (ms): 11.16
===================================
grid: 5533, block: 128, shared_memory (KB): 64.256
Time (ms): 11.89
===================================
grid: 5533, block: 128, shared_memory (KB): 64.256
Time (ms): 11.76
===================================
Graph File: dataset/com-Orkut.mtx
Complete loading graphs !!
Overall Graph, num_nodes: 3072441, part_size, 4000, num_parts, 2988847
grid: 126326, block: 128, shared_memory (KB): 64.256
Time (ms): 30.37
===================================
grid: 124217, block: 128, shared_memory (KB): 64.256
Time (ms): 29.51
===================================
grid: 126916, block: 128, shared_memory (KB): 64.256
Time (ms): 33.33
===================================
grid: 125333, block: 128, shared_memory (KB): 64.256
Time (ms): 22.67
===================================
grid: 122583, block: 128, shared_memory (KB): 64.256
Time (ms): 19.61
===================================
grid: 121838, block: 128, shared_memory (KB): 64.256
Time (ms): 22.35
===================================
Graph File: dataset/web-Google.mtx
Complete loading graphs !!
Overall Graph, num_nodes: 916428, part_size, 4000, num_parts, 705925
grid: 29034, block: 128, shared_memory (KB): 64.256
Time (ms): 6.54
===================================
grid: 29111, block: 128, shared_memory (KB): 64.256
Time (ms): 7.87
===================================
grid: 29186, block: 128, shared_memory (KB): 64.256
Time (ms): 7.38
===================================
grid: 29315, block: 128, shared_memory (KB): 64.256
Time (ms): 7.74
===================================
grid: 29550, block: 128, shared_memory (KB): 64.256
Time (ms): 7.70
===================================
grid: 30288, block: 128, shared_memory (KB): 64.256
Time (ms): 8.64
===================================
Graph File: dataset/wiki-Talk.mtx
Complete loading graphs !!
Overall Graph, num_nodes: 2394385, part_size, 4000, num_parts, 1100131
grid: 55667, block: 128, shared_memory (KB): 64.256
Time (ms): 15.14
===================================
grid: 46196, block: 128, shared_memory (KB): 64.256
Time (ms): 1.73
===================================
grid: 44498, block: 128, shared_memory (KB): 64.256
Time (ms): 1.70
===================================
grid: 43499, block: 128, shared_memory (KB): 64.256
Time (ms): 1.68
===================================
grid: 42489, block: 128, shared_memory (KB): 64.256
Time (ms): 1.65
===================================
grid: 42687, block: 128, shared_memory (KB): 64.256
Time (ms): 1.65
===================================
