Graph File: dataset/amazon0505.mtx
Complete loading graphs !!
Overall Graph, num_nodes: 410236, part_size, 4000, num_parts, 410236
grid: 34187, block: 128, shared_memory (KB): 65.536
Time (ms): 19.10
===================================
grid: 34187, block: 128, shared_memory (KB): 65.536
Time (ms): 19.38
===================================
grid: 34186, block: 128, shared_memory (KB): 65.536
Time (ms): 17.89
===================================
Graph File: dataset/artist.mtx
Complete loading graphs !!
Overall Graph, num_nodes: 50515, part_size, 4000, num_parts, 50515
grid: 4210, block: 128, shared_memory (KB): 65.600
Time (ms): 5.92
===================================
grid: 4210, block: 128, shared_memory (KB): 65.600
Time (ms): 6.55
===================================
grid: 4210, block: 128, shared_memory (KB): 65.600
Time (ms): 6.62
===================================
Graph File: dataset/com-amazon.mtx
Complete loading graphs !!
Overall Graph, num_nodes: 548551, part_size, 4000, num_parts, 334863
grid: 27742, block: 128, shared_memory (KB): 65.536
Time (ms): 16.90
===================================
grid: 27501, block: 128, shared_memory (KB): 65.536
Time (ms): 20.55
===================================
grid: 28474, block: 128, shared_memory (KB): 65.536
Time (ms): 21.02
===================================
Graph File: dataset/soc-BlogCatalog.mtx
Complete loading graphs !!
Overall Graph, num_nodes: 88784, part_size, 4000, num_parts, 88671
grid: 7399, block: 128, shared_memory (KB): 66.048
Time (ms): 7.04
===================================
grid: 7399, block: 128, shared_memory (KB): 66.048
Time (ms): 5.42
===================================
grid: 7371, block: 128, shared_memory (KB): 66.048
Time (ms): 5.04
===================================
Graph File: dataset/amazon0601.mtx
Complete loading graphs !!
Overall Graph, num_nodes: 403394, part_size, 4000, num_parts, 402439
grid: 33617, block: 128, shared_memory (KB): 65.536
Time (ms): 11.67
===================================
grid: 33617, block: 128, shared_memory (KB): 65.536
Time (ms): 14.43
===================================
grid: 33378, block: 128, shared_memory (KB): 65.536
Time (ms): 15.44
===================================
Graph File: dataset/Reddit.mtx
Complete loading graphs !!
Overall Graph, num_nodes: 232965, part_size, 4000, num_parts, 235356
grid: 19629, block: 128, shared_memory (KB): 73.632
Time (ms): 1026.55
===================================
grid: 19594, block: 128, shared_memory (KB): 73.632
Time (ms): 1014.61
===================================
grid: 19618, block: 128, shared_memory (KB): 73.632
Time (ms): 1011.01
===================================
Graph File: dataset/enwiki-2013.mtx
Complete loading graphs !!
Overall Graph, num_nodes: 4203323, part_size, 4000, num_parts, 4207174
grid: 350653, block: 128, shared_memory (KB): 65.600
Time (ms): 349.94
===================================
grid: 350543, block: 128, shared_memory (KB): 65.600
Time (ms): 332.30
===================================
grid: 350599, block: 128, shared_memory (KB): 65.600
Time (ms): 342.13
===================================
Graph File: dataset/ogbn-products.mtx
Complete loading graphs !!
Overall Graph, num_nodes: 2449029, part_size, 4000, num_parts, 2400684
grid: 200886, block: 128, shared_memory (KB): 65.600
Time (ms): 341.80
===================================
grid: 199622, block: 128, shared_memory (KB): 65.600
Time (ms): 255.22
===================================
grid: 199664, block: 128, shared_memory (KB): 65.600
Time (ms): 243.77
===================================
Graph File: dataset/ogbn-proteins.mtx
Complete loading graphs !!
Overall Graph, num_nodes: 132534, part_size, 4000, num_parts, 132713
grid: 11054, block: 128, shared_memory (KB): 64.128
Time (ms): 16.41
===================================
grid: 11060, block: 128, shared_memory (KB): 64.128
Time (ms): 18.01
===================================
grid: 11066, block: 128, shared_memory (KB): 64.128
Time (ms): 22.27
===================================
Graph File: dataset/com-Orkut.mtx
Complete loading graphs !!
Overall Graph, num_nodes: 3072441, part_size, 4000, num_parts, 2988847
grid: 250543, block: 128, shared_memory (KB): 66.048
Time (ms): 175.00
===================================
grid: 252249, block: 128, shared_memory (KB): 66.048
Time (ms): 199.74
===================================
grid: 244421, block: 128, shared_memory (KB): 66.048
Time (ms): 128.20
===================================
Graph File: dataset/web-Google.mtx
Complete loading graphs !!
Overall Graph, num_nodes: 916428, part_size, 4000, num_parts, 705925
grid: 58145, block: 128, shared_memory (KB): 66.048
Time (ms): 43.15
===================================
grid: 58501, block: 128, shared_memory (KB): 66.048
Time (ms): 49.39
===================================
grid: 59837, block: 128, shared_memory (KB): 66.048
Time (ms): 49.64
===================================
Graph File: dataset/wiki-Talk.mtx
Complete loading graphs !!
Overall Graph, num_nodes: 2394385, part_size, 4000, num_parts, 1100131
grid: 101862, block: 128, shared_memory (KB): 66.048
Time (ms): 86.43
===================================
grid: 87996, block: 128, shared_memory (KB): 66.048
Time (ms): 3.81
===================================
grid: 85175, block: 128, shared_memory (KB): 66.048
Time (ms): 3.70
===================================
