Graph File: dataset/bin/DD_beg_pos.bin
Expected edge count: 1686092
1686092 1686092
Graph load (success): 334925 verts, 1686092 edges 0.0250649 second(s)
Time (ms): 4.327
===================================
Graph File: dataset/bin/amazon0505_beg_pos.bin
Expected edge count: 4878874
4878874 4878874
Graph load (success): 410236 verts, 4878874 edges 0.0611639 second(s)
Time (ms): 20.733
===================================
Graph File: dataset/bin/artist_beg_pos.bin
Expected edge count: 1638396
1638396 1638396
Graph load (success): 50515 verts, 1638396 edges 0.0207419 second(s)
Time (ms): 8.739
===================================
Graph File: dataset/bin/soc-BlogCatalog_beg_pos.bin
Expected edge count: 2093195
2093195 2093195
Graph load (success): 88784 verts, 2093195 edges 0.02546 second(s)
Time (ms): 11.786
===================================
Graph File: dataset/bin/amazon0601_beg_pos.bin
Expected edge count: 3387388
3387388 3387388
Graph load (success): 403394 verts, 3387388 edges 0.0452259 second(s)
Time (ms): 7.732
===================================
