Graph File: dataset/Reddit.mtx
Graph File: dataset/Reddit.mtx
Graph File: dataset/Reddit.mtx
Graph File: dataset/Reddit.mtx
Graph File: dataset/Reddit.mtx
Graph File: dataset/Reddit.mtx
Graph File: dataset/Reddit.mtx
Graph File: dataset/Reddit.mtx
Complete loading graphs !!
Complete loading graphs !!
Complete loading graphs !!
Complete loading graphs !!
Complete loading graphs !!
Complete loading graphs !!
Complete loading graphs !!
Complete loading graphs !!
PE-7-local, num_nodes: 29118, part_size, 4, num_parts, 420491
PE-6-local, num_nodes: 29121, part_size, 4, num_parts, 433903
PE-5-local, num_nodes: 29121, part_size, 4, num_parts, 453769
PE-3-local, num_nodes: 29121, part_size, 4, num_parts, 453026
PE-4-local, num_nodes: 29121, part_size, 4, num_parts, 469088
PE-1-local, num_nodes: 29121, part_size, 4, num_parts, 467370
PE-2-local, num_nodes: 29121, part_size, 4, num_parts, 476443
PE-0-local, num_nodes: 29121, part_size, 4, num_parts, 497781
PE-7-remote, num_nodes: 29118, part_size, 4, num_parts, 3022894
PE-6-remote, num_nodes: 29121, part_size, 4, num_parts, 3068570
PE-5-remote, num_nodes: 29121, part_size, 4, num_parts, 3132664
PE-3-remote, num_nodes: 29121, part_size, 4, num_parts, 3127434
PE-4-remote, num_nodes: 29121, part_size, 4, num_parts, 3179612
PE-1-remote, num_nodes: 29121, part_size, 4, num_parts, 3170617
PE-2-remote, num_nodes: 29121, part_size, 4, num_parts, 3197382
PE-0-remote, num_nodes: 29121, part_size, 4, num_parts, 3257415
PreProcess time (s) 1.626
grid: 390930, block: 32, shared_memory (KB): 0.144
grid: 399673, block: 32, shared_memory (KB): 0.144
grid: 396328, block: 32, shared_memory (KB): 0.144
grid: 377862, block: 32, shared_memory (KB): 0.144
grid: 407177, block: 32, shared_memory (KB): 0.144
grid: 397452, block: 32, shared_memory (KB): 0.144
grid: 383572, block: 32, shared_memory (KB): 0.144
grid: 391583, block: 32, shared_memory (KB): 0.144
PE-3, Total (ms): 3.052, Dense (ms): 0.000
PE-7, Total (ms): 3.129, Dense (ms): 0.000
PE-2, Total (ms): 3.130, Dense (ms): 0.000
PE-6, Total (ms): 3.269, Dense (ms): 0.000
PE-1, Total (ms): 3.307, Dense (ms): 0.000
PE-4, Total (ms): 3.444, Dense (ms): 0.000
PE-5, Total (ms): 3.398, Dense (ms): 0.000
PE-0, Total (ms): 3.512, Dense (ms): 0.000
MPI time (ms) 3.548
===================================
