Graph File: dataset/Reddit.mtx
Graph File: dataset/Reddit.mtx
Graph File: dataset/Reddit.mtx
Graph File: dataset/Reddit.mtx
Complete loading graphs !!
Complete loading graphs !!
Complete loading graphs !!
Complete loading graphs !!
==PROF== Connected to process 915 (/MGG/build/MGG)
==PROF== Connected to process 916 (/MGG/build/MGG)
==PROF== Connected to process 913 (/MGG/build/MGG)
==PROF== Connected to process 914 (/MGG/build/MGG)
PE-3-local, num_nodes: 58239, part_size, 16, num_parts, 444967
PE-3-remote, num_nodes: 58239, part_size, 16, num_parts, 1337096
PE-2-local, num_nodes: 58242, part_size, 16, num_parts, 479496
PE-1-local, num_nodes: 58242, part_size, 16, num_parts, 482399
PE-0-local, num_nodes: 58242, part_size, 16, num_parts, 499829
PE-2-remote, num_nodes: 58242, part_size, 16, num_parts, 1374884
PE-1-remote, num_nodes: 58242, part_size, 16, num_parts, 1376744
PE-0-remote, num_nodes: 58242, part_size, 16, num_parts, 1393828
PreProcess time (s) 0.963
grid: 1337096, block: 32, shared_memory (KB): 4.880
grid: 1374884, block: 32, shared_memory (KB): 4.880
grid: 1376744, block: 32, shared_memory (KB): 4.880
grid: 1393828, block: 32, shared_memory (KB): 4.880
==PROF== Profiling "SAG_cuda_kernel_fused_interleaved": 0%....50%....100% - 10 passes
PE-0, Total (ms): 3024.708, Dense (ms): 0.000
PE-3, Total (ms): 247.988, Dense (ms): 0.000
PE-2, Total (ms): 126.517, Dense (ms): 0.000
PE-1, Total (ms): 246.734, Dense (ms): 0.000
MPI time (ms) 3329.818
===================================
==PROF== Disconnected from process 915
==PROF== Disconnected from process 914
==PROF== Disconnected from process 916
==PROF== Disconnected from process 913
[913] MGG@127.0.0.1
  void SAG_cuda_kernel_fused_interleaved<int, float, int>(float*, float const*, int const*, int const*, int const*, int const*, int, int const*, int const*, int const*, int const*, int, int, int, int, int, int, int, int), 2021-Jun-28 04:33:18, Context 1, Stream 7
    Section: GPU Speed Of Light
    ---------------------------------------------------------------------- --------------- ------------------------------
    DRAM Frequency                                                           cycle/nsecond                           1.22
    SM Frequency                                                             cycle/nsecond                           1.10
    Elapsed Cycles                                                                   cycle                      137610817
    Memory [%]                                                                           %                           9.58
    SOL DRAM                                                                             %                           5.46
    Duration                                                                       msecond                         125.06
    SOL L1/TEX Cache                                                                     %                           9.58
    SOL L2 Cache                                                                         %                          10.23
    SM Active Cycles                                                                 cycle                   136922375.62
    SM [%]                                                                               %                          12.21
    ---------------------------------------------------------------------- --------------- ------------------------------
    WRN   This kernel exhibits low compute throughput and memory bandwidth utilization relative to the peak performance 
          of this device. Achieved compute throughput and/or memory bandwidth below 60.0% of peak typically indicate    
          latency issues. Look at Scheduler Statistics and Warp State Statistics for potential reasons.                 

    Section: Launch Statistics
    ---------------------------------------------------------------------- --------------- ------------------------------
    Block Size                                                                                                         32
    Function Cache Configuration                                                                  cudaFuncCachePreferNone
    Grid Size                                                                                                     1393828
    Registers Per Thread                                                   register/thread                             62
    Shared Memory Configuration Size                                                 Kbyte                         167.94
    Driver Shared Memory Per Block                                             Kbyte/block                           1.02
    Dynamic Shared Memory Per Block                                            Kbyte/block                           4.88
    Static Shared Memory Per Block                                              byte/block                              0
    Threads                                                                         thread                       44602496
    Waves Per SM                                                                                                   477.99
    ---------------------------------------------------------------------- --------------- ------------------------------

    Section: Occupancy
    ---------------------------------------------------------------------- --------------- ------------------------------
    Block Limit SM                                                                   block                             32
    Block Limit Registers                                                            block                             32
    Block Limit Shared Mem                                                           block                             27
    Block Limit Warps                                                                block                             64
    Theoretical Active Warps per SM                                                   warp                             27
    Theoretical Occupancy                                                                %                          42.19
    Achieved Occupancy                                                                   %                          42.04
    Achieved Active Warps Per SM                                                      warp                          26.91
    ---------------------------------------------------------------------- --------------- ------------------------------
    WRN   This kernel's theoretical occupancy is limited by the required amount of shared memory.                       

Graph File: dataset/enwiki-2013.mtx
Graph File: dataset/enwiki-2013.mtx
Graph File: dataset/enwiki-2013.mtx
Graph File: dataset/enwiki-2013.mtx
Complete loading graphs !!
Complete loading graphs !!
Complete loading graphs !!
Complete loading graphs !!
==PROF== Connected to process 962 (/MGG/build/MGG)
==PROF== Connected to process 963 (/MGG/build/MGG)
==PROF== Connected to process 960 (/MGG/build/MGG)
==PROF== Connected to process 961 (/MGG/build/MGG)
PE-2-local, num_nodes: 1050831, part_size, 16, num_parts, 2357906
PE-3-local, num_nodes: 1050830, part_size, 16, num_parts, 2291807
PE-2-remote, num_nodes: 1050831, part_size, 16, num_parts, 1647968
PE-3-remote, num_nodes: 1050830, part_size, 16, num_parts, 1749046
PE-1-local, num_nodes: 1050831, part_size, 16, num_parts, 2518679
PE-1-remote, num_nodes: 1050831, part_size, 16, num_parts, 1847369
PE-0-local, num_nodes: 1050831, part_size, 16, num_parts, 2974589
PE-0-remote, num_nodes: 1050831, part_size, 16, num_parts, 1880056
PreProcess time (s) 1.935
grid: 2518679, block: 32, shared_memory (KB): 0.864
grid: 2291807, block: 32, shared_memory (KB): 0.864
grid: 2357906, block: 32, shared_memory (KB): 0.864
grid: 2974589, block: 32, shared_memory (KB): 0.864
==PROF== Profiling "SAG_cuda_kernel_fused_interleaved": 0%....50%....100% - 10 passes
PE-0, Total (ms): 2257.691, Dense (ms): 0.000
PE-2, Total (ms): 131.709, Dense (ms): 0.000
PE-3, Total (ms): 240.816, Dense (ms): 0.000
MPI time (ms) 2793.600
PE-1, Total (ms): 418.400, Dense (ms): 0.000
===================================
==PROF== Disconnected from process 963
==PROF== Disconnected from process 960
==PROF== Disconnected from process 961
==PROF== Disconnected from process 962
[960] MGG@127.0.0.1
  void SAG_cuda_kernel_fused_interleaved<int, float, int>(float*, float const*, int const*, int const*, int const*, int const*, int, int const*, int const*, int const*, int const*, int, int, int, int, int, int, int, int), 2021-Jun-28 04:34:49, Context 1, Stream 7
    Section: GPU Speed Of Light
    ---------------------------------------------------------------------- --------------- ------------------------------
    DRAM Frequency                                                           cycle/nsecond                           1.22
    SM Frequency                                                             cycle/nsecond                           1.10
    Elapsed Cycles                                                                   cycle                       85160432
    Memory [%]                                                                           %                          12.98
    SOL DRAM                                                                             %                           3.43
    Duration                                                                       msecond                          77.33
    SOL L1/TEX Cache                                                                     %                          12.98
    SOL L2 Cache                                                                         %                           8.02
    SM Active Cycles                                                                 cycle                    84727625.64
    SM [%]                                                                               %                          22.58
    ---------------------------------------------------------------------- --------------- ------------------------------
    WRN   This kernel exhibits low compute throughput and memory bandwidth utilization relative to the peak performance 
          of this device. Achieved compute throughput and/or memory bandwidth below 60.0% of peak typically indicate    
          latency issues. Look at Scheduler Statistics and Warp State Statistics for potential reasons.                 

    Section: Launch Statistics
    ---------------------------------------------------------------------- --------------- ------------------------------
    Block Size                                                                                                         32
    Function Cache Configuration                                                                  cudaFuncCachePreferNone
    Grid Size                                                                                                     2974589
    Registers Per Thread                                                   register/thread                             62
    Shared Memory Configuration Size                                                 Kbyte                          65.54
    Driver Shared Memory Per Block                                             Kbyte/block                           1.02
    Dynamic Shared Memory Per Block                                             byte/block                            864
    Static Shared Memory Per Block                                              byte/block                              0
    Threads                                                                         thread                       95186848
    Waves Per SM                                                                                                   860.70
    ---------------------------------------------------------------------- --------------- ------------------------------

    Section: Occupancy
    ---------------------------------------------------------------------- --------------- ------------------------------
    Block Limit SM                                                                   block                             32
    Block Limit Registers                                                            block                             32
    Block Limit Shared Mem                                                           block                             87
    Block Limit Warps                                                                block                             64
    Theoretical Active Warps per SM                                                   warp                             32
    Theoretical Occupancy                                                                %                             50
    Achieved Occupancy                                                                   %                          46.36
    Achieved Active Warps Per SM                                                      warp                          29.67
    ---------------------------------------------------------------------- --------------- ------------------------------
    WRN   This kernel's theoretical occupancy is limited by the number of blocks that can fit on the SM. This kernel's  
          theoretical occupancy is limited by the number of required registers.                                         

Graph File: dataset/ogbn-products.mtx
Graph File: dataset/ogbn-products.mtx
Graph File: dataset/ogbn-products.mtx
Graph File: dataset/ogbn-products.mtx
Complete loading graphs !!
Complete loading graphs !!
Complete loading graphs !!
Complete loading graphs !!
==PROF== Connected to process 1007 (/MGG/build/MGG)
==PROF== Connected to process 1008 (/MGG/build/MGG)
==PROF== Connected to process 1009 (/MGG/build/MGG)
==PROF== Connected to process 1010 (/MGG/build/MGG)
PE-3-local, num_nodes: 612255, part_size, 16, num_parts, 636211
PE-2-local, num_nodes: 612258, part_size, 16, num_parts, 634812
PE-3-remote, num_nodes: 612255, part_size, 16, num_parts, 1515702
PE-1-local, num_nodes: 612258, part_size, 16, num_parts, 635052
PE-2-remote, num_nodes: 612258, part_size, 16, num_parts, 1513893
PE-1-remote, num_nodes: 612258, part_size, 16, num_parts, 1516537
PE-0-local, num_nodes: 612258, part_size, 16, num_parts, 1769197
PE-0-remote, num_nodes: 612258, part_size, 16, num_parts, 2103521
PreProcess time (s) 1.767
grid: 1513893, block: 32, shared_memory (KB): 0.864
grid: 1516537, block: 32, shared_memory (KB): 0.864
grid: 2103521, block: 32, shared_memory (KB): 0.864
grid: 1515702, block: 32, shared_memory (KB): 0.864
==PROF== Profiling "SAG_cuda_kernel_fused_interleaved": 0%....50%....100% - 10 passes
PE-0, Total (ms): 2290.305, Dense (ms): 0.000
PE-2, Total (ms): 27.045, Dense (ms): 0.000
PE-1, Total (ms): 113.134, Dense (ms): 0.000
PE-3, Total (ms): 211.177, Dense (ms): 0.000
MPI time (ms) 2749.862
===================================
==PROF== Disconnected from process 1008
==PROF== Disconnected from process 1007
==PROF== Disconnected from process 1009
==PROF== Disconnected from process 1010
[1007] MGG@127.0.0.1
  void SAG_cuda_kernel_fused_interleaved<int, float, int>(float*, float const*, int const*, int const*, int const*, int const*, int, int const*, int const*, int const*, int const*, int, int, int, int, int, int, int, int), 2021-Jun-28 04:35:50, Context 1, Stream 7
    Section: GPU Speed Of Light
    ---------------------------------------------------------------------- --------------- ------------------------------
    DRAM Frequency                                                           cycle/nsecond                           1.21
    SM Frequency                                                             cycle/nsecond                           1.09
    Elapsed Cycles                                                                   cycle                       87367420
    Memory [%]                                                                           %                          11.01
    SOL DRAM                                                                             %                           6.99
    Duration                                                                       msecond                          79.36
    SOL L1/TEX Cache                                                                     %                          11.03
    SOL L2 Cache                                                                         %                          10.63
    SM Active Cycles                                                                 cycle                    86721916.46
    SM [%]                                                                               %                          19.87
    ---------------------------------------------------------------------- --------------- ------------------------------
    WRN   This kernel exhibits low compute throughput and memory bandwidth utilization relative to the peak performance 
          of this device. Achieved compute throughput and/or memory bandwidth below 60.0% of peak typically indicate    
          latency issues. Look at Scheduler Statistics and Warp State Statistics for potential reasons.                 

    Section: Launch Statistics
    ---------------------------------------------------------------------- --------------- ------------------------------
    Block Size                                                                                                         32
    Function Cache Configuration                                                                  cudaFuncCachePreferNone
    Grid Size                                                                                                     2103521
    Registers Per Thread                                                   register/thread                             62
    Shared Memory Configuration Size                                                 Kbyte                          65.54
    Driver Shared Memory Per Block                                             Kbyte/block                           1.02
    Dynamic Shared Memory Per Block                                             byte/block                            864
    Static Shared Memory Per Block                                              byte/block                              0
    Threads                                                                         thread                       67312672
    Waves Per SM                                                                                                   608.66
    ---------------------------------------------------------------------- --------------- ------------------------------

    Section: Occupancy
    ---------------------------------------------------------------------- --------------- ------------------------------
    Block Limit SM                                                                   block                             32
    Block Limit Registers                                                            block                             32
    Block Limit Shared Mem                                                           block                             87
    Block Limit Warps                                                                block                             64
    Theoretical Active Warps per SM                                                   warp                             32
    Theoretical Occupancy                                                                %                             50
    Achieved Occupancy                                                                   %                          46.96
    Achieved Active Warps Per SM                                                      warp                          30.06
    ---------------------------------------------------------------------- --------------- ------------------------------
    WRN   This kernel's theoretical occupancy is limited by the number of required registers. This kernel's theoretical 
          occupancy is limited by the number of blocks that can fit on the SM.                                          

Graph File: dataset/ogbn-proteins.mtx
Graph File: dataset/ogbn-proteins.mtx
Graph File: dataset/ogbn-proteins.mtx
Graph File: dataset/ogbn-proteins.mtx
Complete loading graphs !!
Complete loading graphs !!
Complete loading graphs !!
Complete loading graphs !!
==PROF== Connected to process 1056 (/MGG/build/MGG)
==PROF== Connected to process 1057 (/MGG/build/MGG)
==PROF== Connected to process 1054 (/MGG/build/MGG)
==PROF== Connected to process 1055 (/MGG/build/MGG)
PE-0-local, num_nodes: 33134, part_size, 16, num_parts, 888948
PE-0-remote, num_nodes: 33134, part_size, 16, num_parts, 173111
PE-1-local, num_nodes: 33134, part_size, 16, num_parts, 728921
PE-1-remote, num_nodes: 33134, part_size, 16, num_parts, 355222
PE-3-local, num_nodes: 33132, part_size, 16, num_parts, 1007041
PE-3-remote, num_nodes: 33132, part_size, 16, num_parts, 388546
PE-2-local, num_nodes: 33134, part_size, 16, num_parts, 1034688
PE-2-remote, num_nodes: 33134, part_size, 16, num_parts, 488136
PreProcess time (s) 0.807
grid: 1034688, block: 32, shared_memory (KB): 0.128
grid: 1007041, block: 32, shared_memory (KB): 0.128
grid: 728921, block: 32, shared_memory (KB): 0.128
grid: 888948, block: 32, shared_memory (KB): 0.128
==PROF== Profiling "SAG_cuda_kernel_fused_interleaved": 0%....50%....100% - 10 passes
PE-0, Total (ms): 1525.993, Dense (ms): 0.000
PE-3, Total (ms): 219.267, Dense (ms): 0.000
PE-2, Total (ms): 34.890, Dense (ms): 0.000
PE-1, Total (ms): 275.735, Dense (ms): 0.000
MPI time (ms) 1981.934
===================================
==PROF== Disconnected from process 1055
==PROF== Disconnected from process 1054
==PROF== Disconnected from process 1057
==PROF== Disconnected from process 1056
[1054] MGG@127.0.0.1
  void SAG_cuda_kernel_fused_interleaved<int, float, int>(float*, float const*, int const*, int const*, int const*, int const*, int, int const*, int const*, int const*, int const*, int, int, int, int, int, int, int, int), 2021-Jun-28 04:36:29, Context 1, Stream 7
    Section: GPU Speed Of Light
    ---------------------------------------------------------------------- --------------- ------------------------------
    DRAM Frequency                                                           cycle/nsecond                           1.21
    SM Frequency                                                             cycle/nsecond                           1.09
    Elapsed Cycles                                                                   cycle                        5444944
    Memory [%]                                                                           %                          15.84
    SOL DRAM                                                                             %                           1.02
    Duration                                                                       msecond                           4.96
    SOL L1/TEX Cache                                                                     %                          15.87
    SOL L2 Cache                                                                         %                           4.22
    SM Active Cycles                                                                 cycle                     5408994.42
    SM [%]                                                                               %                          50.80
    ---------------------------------------------------------------------- --------------- ------------------------------
    WRN   This kernel exhibits low compute throughput and memory bandwidth utilization relative to the peak performance 
          of this device. Achieved compute throughput and/or memory bandwidth below 60.0% of peak typically indicate    
          latency issues. Look at Scheduler Statistics and Warp State Statistics for potential reasons.                 

    Section: Launch Statistics
    ---------------------------------------------------------------------- --------------- ------------------------------
    Block Size                                                                                                         32
    Function Cache Configuration                                                                  cudaFuncCachePreferNone
    Grid Size                                                                                                      888948
    Registers Per Thread                                                   register/thread                             62
    Shared Memory Configuration Size                                                 Kbyte                          65.54
    Driver Shared Memory Per Block                                             Kbyte/block                           1.02
    Dynamic Shared Memory Per Block                                             byte/block                            128
    Static Shared Memory Per Block                                              byte/block                              0
    Threads                                                                         thread                       28446336
    Waves Per SM                                                                                                   257.22
    ---------------------------------------------------------------------- --------------- ------------------------------

    Section: Occupancy
    ---------------------------------------------------------------------- --------------- ------------------------------
    Block Limit SM                                                                   block                             32
    Block Limit Registers                                                            block                             32
    Block Limit Shared Mem                                                           block                            145
    Block Limit Warps                                                                block                             64
    Theoretical Active Warps per SM                                                   warp                             32
    Theoretical Occupancy                                                                %                             50
    Achieved Occupancy                                                                   %                          47.96
    Achieved Active Warps Per SM                                                      warp                          30.70
    ---------------------------------------------------------------------- --------------- ------------------------------
    WRN   This kernel's theoretical occupancy is limited by the number of blocks that can fit on the SM. This kernel's  
          theoretical occupancy is limited by the number of required registers.                                         

Graph File: dataset/com-Orkut.mtx
Graph File: dataset/com-Orkut.mtx
Graph File: dataset/com-Orkut.mtx
Graph File: dataset/com-Orkut.mtx
Complete loading graphs !!
Complete loading graphs !!
Complete loading graphs !!
Complete loading graphs !!
==PROF== Connected to process 1101 (/MGG/build/MGG)
==PROF== Connected to process 1102 (/MGG/build/MGG)
==PROF== Connected to process 1103 (/MGG/build/MGG)
==PROF== Connected to process 1104 (/MGG/build/MGG)
PE-2-local, num_nodes: 768111, part_size, 16, num_parts, 725796
PE-2-remote, num_nodes: 768111, part_size, 16, num_parts, 1030290
PE-0-local, num_nodes: 768111, part_size, 16, num_parts, 1560194
PE-0-remote, num_nodes: 768111, part_size, 16, num_parts, 682028
PE-1-local, num_nodes: 768111, part_size, 16, num_parts, 1356894
PE-1-remote, num_nodes: 768111, part_size, 16, num_parts, 1030170
PE-3-local, num_nodes: 768108, part_size, 16, num_parts, 3167735
PE-3-remote, num_nodes: 768108, part_size, 16, num_parts, 590606
PreProcess time (s) 1.711
grid: 3167735, block: 32, shared_memory (KB): 1.088
grid: 1030290, block: 32, shared_memory (KB): 1.088
grid: 1560194, block: 32, shared_memory (KB): 1.088
grid: 1356894, block: 32, shared_memory (KB): 1.088
==PROF== Profiling "SAG_cuda_kernel_fused_interleaved": 0%....50%....100% - 10 passes
PE-0, Total (ms): 2163.612, Dense (ms): 0.000
PE-2, Total (ms): 25.522, Dense (ms): 0.000
PE-1, Total (ms): 368.953, Dense (ms): 0.000
MPI time (ms) 2261.757
PE-3, Total (ms): 197.253, Dense (ms): 0.000
===================================
==PROF== Disconnected from process 1102
==PROF== Disconnected from process 1103
==PROF== Disconnected from process 1104
==PROF== Disconnected from process 1101
[1101] MGG@127.0.0.1
  void SAG_cuda_kernel_fused_interleaved<int, float, int>(float*, float const*, int const*, int const*, int const*, int const*, int, int const*, int const*, int const*, int const*, int, int, int, int, int, int, int, int), 2021-Jun-28 04:37:28, Context 1, Stream 7
    Section: GPU Speed Of Light
    ---------------------------------------------------------------------- --------------- ------------------------------
    DRAM Frequency                                                           cycle/nsecond                           1.21
    SM Frequency                                                             cycle/nsecond                           1.09
    Elapsed Cycles                                                                   cycle                       29413339
    Memory [%]                                                                           %                          14.27
    SOL DRAM                                                                             %                           8.93
    Duration                                                                       msecond                          26.75
    SOL L1/TEX Cache                                                                     %                          14.26
    SOL L2 Cache                                                                         %                          13.04
    SM Active Cycles                                                                 cycle                    29301048.70
    SM [%]                                                                               %                          24.27
    ---------------------------------------------------------------------- --------------- ------------------------------
    WRN   This kernel exhibits low compute throughput and memory bandwidth utilization relative to the peak performance 
          of this device. Achieved compute throughput and/or memory bandwidth below 60.0% of peak typically indicate    
          latency issues. Look at Scheduler Statistics and Warp State Statistics for potential reasons.                 

    Section: Launch Statistics
    ---------------------------------------------------------------------- --------------- ------------------------------
    Block Size                                                                                                         32
    Function Cache Configuration                                                                  cudaFuncCachePreferNone
    Grid Size                                                                                                     1560194
    Registers Per Thread                                                   register/thread                             62
    Shared Memory Configuration Size                                                 Kbyte                         102.40
    Driver Shared Memory Per Block                                             Kbyte/block                           1.02
    Dynamic Shared Memory Per Block                                            Kbyte/block                           1.09
    Static Shared Memory Per Block                                              byte/block                              0
    Threads                                                                         thread                       49926208
    Waves Per SM                                                                                                   451.45
    ---------------------------------------------------------------------- --------------- ------------------------------

    Section: Occupancy
    ---------------------------------------------------------------------- --------------- ------------------------------
    Block Limit SM                                                                   block                             32
    Block Limit Registers                                                            block                             32
    Block Limit Shared Mem                                                           block                             77
    Block Limit Warps                                                                block                             64
    Theoretical Active Warps per SM                                                   warp                             32
    Theoretical Occupancy                                                                %                             50
    Achieved Occupancy                                                                   %                          44.82
    Achieved Active Warps Per SM                                                      warp                          28.69
    ---------------------------------------------------------------------- --------------- ------------------------------
    WRN   This kernel's theoretical occupancy is limited by the number of blocks that can fit on the SM. This kernel's  
          theoretical occupancy is limited by the number of required registers.                                         

