Graph File: dataset/Reddit.mtx
Graph File: dataset/Reddit.mtx
Graph File: dataset/Reddit.mtx
Graph File: dataset/Reddit.mtx
Graph File: dataset/Reddit.mtx
Graph File: dataset/Reddit.mtx
Graph File: dataset/Reddit.mtx
Graph File: dataset/Reddit.mtx
Complete loading graphs !!
Complete loading graphs !!
Complete loading graphs !!
Complete loading graphs !!
Complete loading graphs !!
Complete loading graphs !!
Complete loading graphs !!
Complete loading graphs !!
PE-7-local, num_nodes: 29118, part_size, 1, num_parts, 1638666
PE-6-local, num_nodes: 29121, part_size, 1, num_parts, 1692318
PE-3-local, num_nodes: 29121, part_size, 1, num_parts, 1768826
PE-4-local, num_nodes: 29121, part_size, 1, num_parts, 1833360
PE-2-local, num_nodes: 29121, part_size, 1, num_parts, 1862502
PE-0-local, num_nodes: 29121, part_size, 1, num_parts, 1947636
PE-1-local, num_nodes: 29121, part_size, 1, num_parts, 1825986
PE-5-local, num_nodes: 29121, part_size, 1, num_parts, 1772006
PE-7-remote, num_nodes: 29118, part_size, 1, num_parts, 12047043
PE-6-remote, num_nodes: 29121, part_size, 1, num_parts, 12230545
PE-3-remote, num_nodes: 29121, part_size, 1, num_parts, 12465571
PE-4-remote, num_nodes: 29121, part_size, 1, num_parts, 12674502
PE-2-remote, num_nodes: 29121, part_size, 1, num_parts, 12745815
PE-5-remote, num_nodes: 29121, part_size, 1, num_parts, 12486903
PE-0-remote, num_nodes: 29121, part_size, 1, num_parts, 12985839
PE-1-remote, num_nodes: 29121, part_size, 1, num_parts, 12638374
PreProcess time (s) 2.000
grid: 6372908, block: 32, shared_memory (KB): 0.132
grid: 6319187, block: 32, shared_memory (KB): 0.132
grid: 6232786, block: 32, shared_memory (KB): 0.132
grid: 6023522, block: 32, shared_memory (KB): 0.132
grid: 6243452, block: 32, shared_memory (KB): 0.132
grid: 6492920, block: 32, shared_memory (KB): 0.132
grid: 6115273, block: 32, shared_memory (KB): 0.132
grid: 6337251, block: 32, shared_memory (KB): 0.132
PE-7, Total (ms): 10.377, Dense (ms): 0.000
PE-6, Total (ms): 10.756, Dense (ms): 0.000
PE-1, Total (ms): 10.974, Dense (ms): 0.000
PE-3, Total (ms): 10.890, Dense (ms): 0.000
PE-5, Total (ms): 10.783, Dense (ms): 0.000
PE-2, Total (ms): 11.099, Dense (ms): 0.000
PE-4, Total (ms): 11.286, Dense (ms): 0.000
PE-0, Total (ms): 11.595, Dense (ms): 0.000
MPI time (ms) 11.577
===================================
