Graph File: dataset/Reddit.mtx
Graph File: dataset/Reddit.mtx
Graph File: dataset/Reddit.mtx
Graph File: dataset/Reddit.mtx
Graph File: dataset/Reddit.mtx
Graph File: dataset/Reddit.mtx
Graph File: dataset/Reddit.mtx
Graph File: dataset/Reddit.mtx
Complete loading graphs !!
Complete loading graphs !!
Complete loading graphs !!
Complete loading graphs !!
Complete loading graphs !!
Complete loading graphs !!
Complete loading graphs !!
Complete loading graphs !!
PE-7-local, num_nodes: 29118, part_size, 16, num_parts, 116798
PE-7-remote, num_nodes: 29118, part_size, 16, num_parts, 767057
PE-6-local, num_nodes: 29121, part_size, 16, num_parts, 120122
PE-5-local, num_nodes: 29121, part_size, 16, num_parts, 125093
PE-3-local, num_nodes: 29121, part_size, 16, num_parts, 124972
PE-4-local, num_nodes: 29121, part_size, 16, num_parts, 128979
PE-6-remote, num_nodes: 29121, part_size, 16, num_parts, 778470
PE-2-local, num_nodes: 29121, part_size, 16, num_parts, 130846
PE-5-remote, num_nodes: 29121, part_size, 16, num_parts, 794379
PE-1-local, num_nodes: 29121, part_size, 16, num_parts, 128409
PE-4-remote, num_nodes: 29121, part_size, 16, num_parts, 806137
PE-3-remote, num_nodes: 29121, part_size, 16, num_parts, 793118
PE-2-remote, num_nodes: 29121, part_size, 16, num_parts, 810566
PE-1-remote, num_nodes: 29121, part_size, 16, num_parts, 803939
PE-0-local, num_nodes: 29121, part_size, 16, num_parts, 136079
PE-0-remote, num_nodes: 29121, part_size, 16, num_parts, 825541
PreProcess time (s) 1.589
grid: 389235, block: 32, shared_memory (KB): 0.192
grid: 396559, block: 32, shared_memory (KB): 0.192
grid: 401970, block: 32, shared_memory (KB): 0.192
grid: 383529, block: 32, shared_memory (KB): 0.192
grid: 397190, block: 32, shared_memory (KB): 0.192
grid: 405283, block: 32, shared_memory (KB): 0.192
grid: 412771, block: 32, shared_memory (KB): 0.192
grid: 403069, block: 32, shared_memory (KB): 0.192
PE-6, Total (ms): 2.621, Dense (ms): 0.000
PE-7, Total (ms): 2.670, Dense (ms): 0.000
PE-2, Total (ms): 2.745, Dense (ms): 0.000
PE-3, Total (ms): 2.768, Dense (ms): 0.000
PE-1, Total (ms): 2.758, Dense (ms): 0.000
PE-5, Total (ms): 2.809, Dense (ms): 0.000
PE-4, Total (ms): 3.377, Dense (ms): 0.000
PE-0, Total (ms): 3.386, Dense (ms): 0.000
MPI time (ms) 3.417
===================================
