Graph File: dataset/Reddit.mtx
Graph File: dataset/Reddit.mtx
Graph File: dataset/Reddit.mtx
Graph File: dataset/Reddit.mtx
Complete loading graphs !!
Complete loading graphs !!
Complete loading graphs !!
Complete loading graphs !!
PE-3-local, num_nodes: 58239, part_size, 1, num_parts, 6664666
PE-2-local, num_nodes: 58242, part_size, 1, num_parts, 7215676
PE-1-local, num_nodes: 58242, part_size, 1, num_parts, 7261854
PE-0-local, num_nodes: 58242, part_size, 1, num_parts, 7543526
PE-3-remote, num_nodes: 58239, part_size, 1, num_parts, 20943906
PE-2-remote, num_nodes: 58242, part_size, 1, num_parts, 21551095
PE-1-remote, num_nodes: 58242, part_size, 1, num_parts, 21580860
PE-0-remote, num_nodes: 58242, part_size, 1, num_parts, 21854309
PreProcess time (s) 2.514
grid: 168368, block: 256, shared_memory (KB): 1.056
grid: 170737, block: 256, shared_memory (KB): 1.056
grid: 163625, block: 256, shared_memory (KB): 1.056
grid: 168601, block: 256, shared_memory (KB): 1.056
PE-3, Total (ms): 15.216, Dense (ms): 0.000
PE-2, Total (ms): 15.992, Dense (ms): 0.000
PE-1, Total (ms): 16.523, Dense (ms): 0.000
PE-0, Total (ms): 16.698, Dense (ms): 0.000
MPI time (ms) 16.702
===================================
