Graph File: dataset/Reddit.mtx
Graph File: dataset/Reddit.mtx
Graph File: dataset/Reddit.mtx
Graph File: dataset/Reddit.mtx
Complete loading graphs !!
Complete loading graphs !!
Complete loading graphs !!
Complete loading graphs !!
PE-3-local, num_nodes: 58239, part_size, 16, num_parts, 444967
PE-3-remote, num_nodes: 58239, part_size, 16, num_parts, 1337096
PE-2-local, num_nodes: 58242, part_size, 16, num_parts, 479496
PE-0-local, num_nodes: 58242, part_size, 16, num_parts, 499829
PE-2-remote, num_nodes: 58242, part_size, 16, num_parts, 1374884
PE-1-local, num_nodes: 58242, part_size, 16, num_parts, 482399
PE-0-remote, num_nodes: 58242, part_size, 16, num_parts, 1393828
PE-1-remote, num_nodes: 58242, part_size, 16, num_parts, 1376744
PreProcess time (s) 1.621
grid: 42966, block: 256, shared_memory (KB): 1.536
grid: 43024, block: 256, shared_memory (KB): 1.536
grid: 43558, block: 256, shared_memory (KB): 1.536
grid: 41785, block: 256, shared_memory (KB): 1.536
PE-3, Total (ms): 7.139, Dense (ms): 0.000
PE-2, Total (ms): 7.349, Dense (ms): 0.000
PE-1, Total (ms): 7.462, Dense (ms): 0.000
PE-0, Total (ms): 7.591, Dense (ms): 0.000
MPI time (ms) 7.611
===================================
