Graph File: dataset/Reddit.mtx
Graph File: dataset/Reddit.mtx
Graph File: dataset/Reddit.mtx
Graph File: dataset/Reddit.mtx
Graph File: dataset/Reddit.mtx
Graph File: dataset/Reddit.mtx
Graph File: dataset/Reddit.mtx
Graph File: dataset/Reddit.mtx
Complete loading graphs !!
Complete loading graphs !!
Complete loading graphs !!
Complete loading graphs !!
Complete loading graphs !!
Complete loading graphs !!
Complete loading graphs !!
Complete loading graphs !!
PE-6-local, num_nodes: 29121, part_size, 8, num_parts, 224451
PE-7-local, num_nodes: 29118, part_size, 8, num_parts, 217766
PE-1-local, num_nodes: 29121, part_size, 8, num_parts, 241133
PE-4-local, num_nodes: 29121, part_size, 8, num_parts, 242039
PE-3-local, num_nodes: 29121, part_size, 8, num_parts, 234082
PE-5-local, num_nodes: 29121, part_size, 8, num_parts, 234404
PE-2-local, num_nodes: 29121, part_size, 8, num_parts, 245744
PE-0-local, num_nodes: 29121, part_size, 8, num_parts, 256335
PE-6-remote, num_nodes: 29121, part_size, 8, num_parts, 1541715
PE-7-remote, num_nodes: 29118, part_size, 8, num_parts, 1518848
PE-1-remote, num_nodes: 29121, part_size, 8, num_parts, 1592703
PE-4-remote, num_nodes: 29121, part_size, 8, num_parts, 1597285
PE-3-remote, num_nodes: 29121, part_size, 8, num_parts, 1571089
PE-5-remote, num_nodes: 29121, part_size, 8, num_parts, 1573696
PE-2-remote, num_nodes: 29121, part_size, 8, num_parts, 1606159
PE-0-remote, num_nodes: 29121, part_size, 8, num_parts, 1636073
PreProcess time (s) 1.674
grid: 49916, block: 128, shared_memory (KB): 0.640
grid: 50193, block: 128, shared_memory (KB): 0.640
grid: 51128, block: 128, shared_memory (KB): 0.640
grid: 49178, block: 128, shared_memory (KB): 0.640
grid: 48179, block: 128, shared_memory (KB): 0.640
grid: 49772, block: 128, shared_memory (KB): 0.640
grid: 47464, block: 128, shared_memory (KB): 0.640
grid: 49097, block: 128, shared_memory (KB): 0.640
PE-5, Total (ms): 2.568, Dense (ms): 0.000
PE-6, Total (ms): 2.468, Dense (ms): 0.000
PE-2, Total (ms): 2.591, Dense (ms): 0.000
PE-1, Total (ms): 2.609, Dense (ms): 0.000
PE-7, Total (ms): 2.592, Dense (ms): 0.000
PE-4, Total (ms): 2.595, Dense (ms): 0.000
PE-0, Total (ms): 2.688, Dense (ms): 0.000
PE-3, Total (ms): 2.728, Dense (ms): 0.000
MPI time (ms) 2.741
===================================
