Graph File: dataset/Reddit.mtx
Graph File: dataset/Reddit.mtx
Graph File: dataset/Reddit.mtx
Graph File: dataset/Reddit.mtx
Complete loading graphs !!
Complete loading graphs !!
Complete loading graphs !!
Complete loading graphs !!
PE-3-local, num_nodes: 58239, part_size, 4, num_parts, 1688045
PE-2-local, num_nodes: 58242, part_size, 4, num_parts, 1825809
PE-1-local, num_nodes: 58242, part_size, 4, num_parts, 1837290
PE-0-local, num_nodes: 58242, part_size, 4, num_parts, 1907674
PE-3-remote, num_nodes: 58239, part_size, 4, num_parts, 5257957
PE-2-remote, num_nodes: 58242, part_size, 4, num_parts, 5409742
PE-1-remote, num_nodes: 58242, part_size, 4, num_parts, 5417307
PE-0-remote, num_nodes: 58242, part_size, 4, num_parts, 5485513
PreProcess time (s) 1.791
grid: 42323, block: 256, shared_memory (KB): 1.152
grid: 41078, block: 256, shared_memory (KB): 1.152
grid: 42264, block: 256, shared_memory (KB): 1.152
grid: 42856, block: 256, shared_memory (KB): 1.152
PE-3, Total (ms): 8.736, Dense (ms): 0.000
PE-2, Total (ms): 9.061, Dense (ms): 0.000
PE-1, Total (ms): 9.421, Dense (ms): 0.000
PE-0, Total (ms): 9.454, Dense (ms): 0.000
MPI time (ms) 9.465
===================================
