Graph File: dataset/amazon0505.mtx
Complete loading graphs !!
==PROF== Connected to process 29 (/MGG/build/unified_memory)
==PROF== Profiling "SAG_cuda_kernel_host_unified": 0%....50%....100% - 11 passes
Overall Graph, num_nodes: 410236, part_size, 4000, num_parts, 410236
grid: 51280, block: 128, shared_memory (KB): 65.536
Time (ms): 2001.06
===================================
grid: 51280, block: 128, shared_memory (KB): 65.536
Time (ms): 19.76
===================================
==PROF== Disconnected from process 29
[29] unified_memory@127.0.0.1
  void SAG_cuda_kernel_host_unified<int, float, int>(float*, float const*, int const*, int const*, int const*, int, int, int, int, int, int, int), 2021-Jun-28 02:14:46, Context 1, Stream 7
    Section: GPU Speed Of Light
    ---------------------------------------------------------------------- --------------- ------------------------------
    DRAM Frequency                                                           cycle/nsecond                           1.21
    SM Frequency                                                             cycle/nsecond                           1.10
    Elapsed Cycles                                                                   cycle                       10731699
    Memory [%]                                                                           %                           4.60
    SOL DRAM                                                                             %                           4.60
    Duration                                                                       msecond                           9.73
    SOL L1/TEX Cache                                                                     %                           3.17
    SOL L2 Cache                                                                         %                           5.27
    SM Active Cycles                                                                 cycle                    10583355.77
    SM [%]                                                                               %                           4.58
    ---------------------------------------------------------------------- --------------- ------------------------------
    WRN   This kernel exhibits low compute throughput and memory bandwidth utilization relative to the peak performance 
          of this device. Achieved compute throughput and/or memory bandwidth below 60.0% of peak typically indicate    
          latency issues. Look at Scheduler Statistics and Warp State Statistics for potential reasons.                 

    Section: Launch Statistics
    ---------------------------------------------------------------------- --------------- ------------------------------
    Block Size                                                                                                        128
    Function Cache Configuration                                                                  cudaFuncCachePreferNone
    Grid Size                                                                                                       51280
    Registers Per Thread                                                   register/thread                             24
    Shared Memory Configuration Size                                                 Kbyte                         135.17
    Driver Shared Memory Per Block                                             Kbyte/block                           1.02
    Dynamic Shared Memory Per Block                                            Kbyte/block                          65.54
    Static Shared Memory Per Block                                              byte/block                              0
    Threads                                                                         thread                        6563840
    Waves Per SM                                                                                                   237.41
    ---------------------------------------------------------------------- --------------- ------------------------------

    Section: Occupancy
    ---------------------------------------------------------------------- --------------- ------------------------------
    Block Limit SM                                                                   block                             32
    Block Limit Registers                                                            block                             21
    Block Limit Shared Mem                                                           block                              2
    Block Limit Warps                                                                block                             16
    Theoretical Active Warps per SM                                                   warp                              8
    Theoretical Occupancy                                                                %                          12.50
    Achieved Occupancy                                                                   %                           8.02
    Achieved Active Warps Per SM                                                      warp                           5.13
    ---------------------------------------------------------------------- --------------- ------------------------------
    WRN   This kernel's theoretical occupancy is limited by the required amount of shared memory.                       

Graph File: dataset/artist.mtx
Complete loading graphs !!
==PROF== Connected to process 50 (/MGG/build/unified_memory)
==PROF== Profiling "SAG_cuda_kernel_host_unified": 0%....50%....100% - 11 passes
Overall Graph, num_nodes: 50515, part_size, 4000, num_parts, 50515
grid: 6315, block: 128, shared_memory (KB): 65.600
Time (ms): 1897.20
===================================
grid: 6315, block: 128, shared_memory (KB): 65.600
Time (ms): 6.65
===================================
==PROF== Disconnected from process 50
[50] unified_memory@127.0.0.1
  void SAG_cuda_kernel_host_unified<int, float, int>(float*, float const*, int const*, int const*, int const*, int, int, int, int, int, int, int), 2021-Jun-28 02:14:51, Context 1, Stream 7
    Section: GPU Speed Of Light
    ---------------------------------------------------------------------- --------------- ------------------------------
    DRAM Frequency                                                           cycle/nsecond                           1.22
    SM Frequency                                                             cycle/nsecond                           1.10
    Elapsed Cycles                                                                   cycle                        3893258
    Memory [%]                                                                           %                           2.84
    SOL DRAM                                                                             %                           0.73
    Duration                                                                       msecond                           3.51
    SOL L1/TEX Cache                                                                     %                           3.43
    SOL L2 Cache                                                                         %                           2.19
    SM Active Cycles                                                                 cycle                     3198832.72
    SM [%]                                                                               %                           3.78
    ---------------------------------------------------------------------- --------------- ------------------------------
    WRN   This kernel exhibits low compute throughput and memory bandwidth utilization relative to the peak performance 
          of this device. Achieved compute throughput and/or memory bandwidth below 60.0% of peak typically indicate    
          latency issues. Look at Scheduler Statistics and Warp State Statistics for potential reasons.                 

    Section: Launch Statistics
    ---------------------------------------------------------------------- --------------- ------------------------------
    Block Size                                                                                                        128
    Function Cache Configuration                                                                  cudaFuncCachePreferNone
    Grid Size                                                                                                        6315
    Registers Per Thread                                                   register/thread                             24
    Shared Memory Configuration Size                                                 Kbyte                         135.17
    Driver Shared Memory Per Block                                             Kbyte/block                           1.02
    Dynamic Shared Memory Per Block                                            Kbyte/block                          65.60
    Static Shared Memory Per Block                                              byte/block                              0
    Threads                                                                         thread                         808320
    Waves Per SM                                                                                                    29.24
    ---------------------------------------------------------------------- --------------- ------------------------------

    Section: Occupancy
    ---------------------------------------------------------------------- --------------- ------------------------------
    Block Limit SM                                                                   block                             32
    Block Limit Registers                                                            block                             21
    Block Limit Shared Mem                                                           block                              2
    Block Limit Warps                                                                block                             16
    Theoretical Active Warps per SM                                                   warp                              8
    Theoretical Occupancy                                                                %                          12.50
    Achieved Occupancy                                                                   %                           5.24
    Achieved Active Warps Per SM                                                      warp                           3.35
    ---------------------------------------------------------------------- --------------- ------------------------------
    WRN   This kernel's theoretical occupancy is limited by the required amount of shared memory.                       

