Graph File: dataset/amazon0505.mtx
Complete loading graphs !!
Overall Graph, num_nodes: 410236, part_size, 4000, num_parts, 410236
grid: 20512, block: 128, shared_memory (KB): 65.536
Time (ms): 16.95
===================================
grid: 20512, block: 128, shared_memory (KB): 65.536
Time (ms): 13.73
===================================
grid: 20512, block: 128, shared_memory (KB): 65.536
Time (ms): 15.65
===================================
grid: 20512, block: 128, shared_memory (KB): 65.536
Time (ms): 16.17
===================================
grid: 20511, block: 128, shared_memory (KB): 65.536
Time (ms): 15.29
===================================
Graph File: dataset/artist.mtx
Complete loading graphs !!
Overall Graph, num_nodes: 50515, part_size, 4000, num_parts, 50515
grid: 2526, block: 128, shared_memory (KB): 65.600
Time (ms): 5.95
===================================
grid: 2526, block: 128, shared_memory (KB): 65.600
Time (ms): 4.09
===================================
grid: 2526, block: 128, shared_memory (KB): 65.600
Time (ms): 6.17
===================================
grid: 2526, block: 128, shared_memory (KB): 65.600
Time (ms): 6.56
===================================
grid: 2526, block: 128, shared_memory (KB): 65.600
Time (ms): 6.70
===================================
Graph File: dataset/com-amazon.mtx
Complete loading graphs !!
Overall Graph, num_nodes: 548551, part_size, 4000, num_parts, 334863
grid: 16634, block: 128, shared_memory (KB): 65.536
Time (ms): 15.12
===================================
grid: 16567, block: 128, shared_memory (KB): 65.536
Time (ms): 20.36
===================================
grid: 16518, block: 128, shared_memory (KB): 65.536
Time (ms): 20.77
===================================
grid: 16566, block: 128, shared_memory (KB): 65.536
Time (ms): 19.96
===================================
grid: 17434, block: 128, shared_memory (KB): 65.536
Time (ms): 19.82
===================================
Graph File: dataset/soc-BlogCatalog.mtx
Complete loading graphs !!
Overall Graph, num_nodes: 88784, part_size, 4000, num_parts, 88671
grid: 4440, block: 128, shared_memory (KB): 66.048
Time (ms): 5.72
===================================
grid: 4440, block: 128, shared_memory (KB): 66.048
Time (ms): 4.15
===================================
grid: 4440, block: 128, shared_memory (KB): 66.048
Time (ms): 5.45
===================================
grid: 4440, block: 128, shared_memory (KB): 66.048
Time (ms): 6.29
===================================
grid: 4411, block: 128, shared_memory (KB): 66.048
Time (ms): 5.76
===================================
Graph File: dataset/amazon0601.mtx
Complete loading graphs !!
Overall Graph, num_nodes: 403394, part_size, 4000, num_parts, 402439
grid: 20170, block: 128, shared_memory (KB): 65.536
Time (ms): 13.18
===================================
grid: 20170, block: 128, shared_memory (KB): 65.536
Time (ms): 14.41
===================================
grid: 20170, block: 128, shared_memory (KB): 65.536
Time (ms): 14.09
===================================
grid: 20170, block: 128, shared_memory (KB): 65.536
Time (ms): 14.28
===================================
grid: 19931, block: 128, shared_memory (KB): 65.536
Time (ms): 19.89
===================================
Graph File: dataset/Reddit.mtx
Complete loading graphs !!
Overall Graph, num_nodes: 232965, part_size, 4000, num_parts, 235356
grid: 11776, block: 128, shared_memory (KB): 73.632
Time (ms): 644.23
===================================
grid: 11776, block: 128, shared_memory (KB): 73.632
Time (ms): 664.10
===================================
grid: 11752, block: 128, shared_memory (KB): 73.632
Time (ms): 645.09
===================================
grid: 11762, block: 128, shared_memory (KB): 73.632
Time (ms): 641.36
===================================
grid: 11775, block: 128, shared_memory (KB): 73.632
Time (ms): 637.33
===================================
Graph File: dataset/enwiki-2013.mtx
Complete loading graphs !!
Overall Graph, num_nodes: 4203323, part_size, 4000, num_parts, 4207174
grid: 210454, block: 128, shared_memory (KB): 65.600
Time (ms): 252.88
===================================
grid: 210284, block: 128, shared_memory (KB): 65.600
Time (ms): 259.79
===================================
grid: 210349, block: 128, shared_memory (KB): 65.600
Time (ms): 266.10
===================================
grid: 210363, block: 128, shared_memory (KB): 65.600
Time (ms): 252.16
===================================
grid: 210346, block: 128, shared_memory (KB): 65.600
Time (ms): 260.37
===================================
Graph File: dataset/ogbn-products.mtx
Complete loading graphs !!
Overall Graph, num_nodes: 2449029, part_size, 4000, num_parts, 2400684
grid: 121054, block: 128, shared_memory (KB): 65.600
Time (ms): 274.15
===================================
grid: 119782, block: 128, shared_memory (KB): 65.600
Time (ms): 180.40
===================================
grid: 119754, block: 128, shared_memory (KB): 65.600
Time (ms): 186.12
===================================
grid: 119785, block: 128, shared_memory (KB): 65.600
Time (ms): 186.63
===================================
grid: 119798, block: 128, shared_memory (KB): 65.600
Time (ms): 210.23
===================================
Graph File: dataset/ogbn-proteins.mtx
Complete loading graphs !!
Overall Graph, num_nodes: 132534, part_size, 4000, num_parts, 132713
grid: 6633, block: 128, shared_memory (KB): 64.128
Time (ms): 11.30
===================================
grid: 6631, block: 128, shared_memory (KB): 64.128
Time (ms): 9.60
===================================
grid: 6638, block: 128, shared_memory (KB): 64.128
Time (ms): 13.42
===================================
grid: 6633, block: 128, shared_memory (KB): 64.128
Time (ms): 12.55
===================================
grid: 6645, block: 128, shared_memory (KB): 64.128
Time (ms): 13.24
===================================
Graph File: dataset/com-Orkut.mtx
Complete loading graphs !!
Overall Graph, num_nodes: 3072441, part_size, 4000, num_parts, 2988847
grid: 151359, block: 128, shared_memory (KB): 66.048
Time (ms): 139.01
===================================
grid: 150016, block: 128, shared_memory (KB): 66.048
Time (ms): 171.85
===================================
grid: 151926, block: 128, shared_memory (KB): 66.048
Time (ms): 135.37
===================================
grid: 147635, block: 128, shared_memory (KB): 66.048
Time (ms): 101.18
===================================
grid: 146277, block: 128, shared_memory (KB): 66.048
Time (ms): 96.22
===================================
Graph File: dataset/web-Google.mtx
Complete loading graphs !!
Overall Graph, num_nodes: 916428, part_size, 4000, num_parts, 705925
grid: 34827, block: 128, shared_memory (KB): 66.048
Time (ms): 33.82
===================================
grid: 34985, block: 128, shared_memory (KB): 66.048
Time (ms): 44.74
===================================
grid: 35129, block: 128, shared_memory (KB): 66.048
Time (ms): 46.36
===================================
grid: 35312, block: 128, shared_memory (KB): 66.048
Time (ms): 46.14
===================================
grid: 36230, block: 128, shared_memory (KB): 66.048
Time (ms): 53.38
===================================
Graph File: dataset/wiki-Talk.mtx
Complete loading graphs !!
Overall Graph, num_nodes: 2394385, part_size, 4000, num_parts, 1100131
grid: 65053, block: 128, shared_memory (KB): 66.048
Time (ms): 84.67
===================================
grid: 54701, block: 128, shared_memory (KB): 66.048
Time (ms): 2.86
===================================
grid: 52902, block: 128, shared_memory (KB): 66.048
Time (ms): 2.68
===================================
grid: 51094, block: 128, shared_memory (KB): 66.048
Time (ms): 2.59
===================================
grid: 51285, block: 128, shared_memory (KB): 66.048
Time (ms): 2.70
===================================
