Graph File: dataset/amazon0505.mtx
Complete loading graphs !!
Overall Graph, num_nodes: 410236, part_size, 4000, num_parts, 410236
grid: 17094, block: 128, shared_memory (KB): 65.536
Time (ms): 16.09
===================================
grid: 17094, block: 128, shared_memory (KB): 65.536
Time (ms): 18.25
===================================
grid: 17094, block: 128, shared_memory (KB): 65.536
Time (ms): 16.23
===================================
grid: 17094, block: 128, shared_memory (KB): 65.536
Time (ms): 17.00
===================================
grid: 17094, block: 128, shared_memory (KB): 65.536
Time (ms): 15.70
===================================
grid: 17093, block: 128, shared_memory (KB): 65.536
Time (ms): 16.40
===================================
Graph File: dataset/artist.mtx
Complete loading graphs !!
Overall Graph, num_nodes: 50515, part_size, 4000, num_parts, 50515
grid: 2105, block: 128, shared_memory (KB): 65.600
Time (ms): 5.86
===================================
grid: 2105, block: 128, shared_memory (KB): 65.600
Time (ms): 4.38
===================================
grid: 2105, block: 128, shared_memory (KB): 65.600
Time (ms): 6.12
===================================
grid: 2105, block: 128, shared_memory (KB): 65.600
Time (ms): 6.37
===================================
grid: 2105, block: 128, shared_memory (KB): 65.600
Time (ms): 6.76
===================================
grid: 2104, block: 128, shared_memory (KB): 65.600
Time (ms): 6.51
===================================
Graph File: dataset/com-amazon.mtx
Complete loading graphs !!
Overall Graph, num_nodes: 548551, part_size, 4000, num_parts, 334863
grid: 13869, block: 128, shared_memory (KB): 65.536
Time (ms): 15.54
===================================
grid: 13873, block: 128, shared_memory (KB): 65.536
Time (ms): 20.66
===================================
grid: 13780, block: 128, shared_memory (KB): 65.536
Time (ms): 20.84
===================================
grid: 13722, block: 128, shared_memory (KB): 65.536
Time (ms): 20.87
===================================
grid: 13777, block: 128, shared_memory (KB): 65.536
Time (ms): 19.26
===================================
grid: 14698, block: 128, shared_memory (KB): 65.536
Time (ms): 21.10
===================================
Graph File: dataset/soc-BlogCatalog.mtx
Complete loading graphs !!
Overall Graph, num_nodes: 88784, part_size, 4000, num_parts, 88671
grid: 3700, block: 128, shared_memory (KB): 66.048
Time (ms): 5.95
===================================
grid: 3700, block: 128, shared_memory (KB): 66.048
Time (ms): 7.87
===================================
grid: 3700, block: 128, shared_memory (KB): 66.048
Time (ms): 7.33
===================================
grid: 3700, block: 128, shared_memory (KB): 66.048
Time (ms): 7.34
===================================
grid: 3700, block: 128, shared_memory (KB): 66.048
Time (ms): 7.20
===================================
grid: 3671, block: 128, shared_memory (KB): 66.048
Time (ms): 7.81
===================================
Graph File: dataset/amazon0601.mtx
Complete loading graphs !!
Overall Graph, num_nodes: 403394, part_size, 4000, num_parts, 402439
grid: 16809, block: 128, shared_memory (KB): 65.536
Time (ms): 13.18
===================================
grid: 16809, block: 128, shared_memory (KB): 65.536
Time (ms): 14.07
===================================
grid: 16809, block: 128, shared_memory (KB): 65.536
Time (ms): 14.11
===================================
grid: 16809, block: 128, shared_memory (KB): 65.536
Time (ms): 15.54
===================================
grid: 16809, block: 128, shared_memory (KB): 65.536
Time (ms): 14.95
===================================
grid: 16569, block: 128, shared_memory (KB): 65.536
Time (ms): 16.65
===================================
Graph File: dataset/Reddit.mtx
Complete loading graphs !!
Overall Graph, num_nodes: 232965, part_size, 4000, num_parts, 235356
grid: 9820, block: 128, shared_memory (KB): 73.632
Time (ms): 559.67
===================================
grid: 9809, block: 128, shared_memory (KB): 73.632
Time (ms): 563.15
===================================
grid: 9803, block: 128, shared_memory (KB): 73.632
Time (ms): 559.64
===================================
grid: 9792, block: 128, shared_memory (KB): 73.632
Time (ms): 574.38
===================================
grid: 9807, block: 128, shared_memory (KB): 73.632
Time (ms): 558.38
===================================
grid: 9811, block: 128, shared_memory (KB): 73.632
Time (ms): 528.68
===================================
Graph File: dataset/enwiki-2013.mtx
Complete loading graphs !!
Overall Graph, num_nodes: 4203323, part_size, 4000, num_parts, 4207174
grid: 175393, block: 128, shared_memory (KB): 65.600
Time (ms): 242.30
===================================
grid: 175260, block: 128, shared_memory (KB): 65.600
Time (ms): 238.25
===================================
grid: 175283, block: 128, shared_memory (KB): 65.600
Time (ms): 248.47
===================================
grid: 175260, block: 128, shared_memory (KB): 65.600
Time (ms): 217.18
===================================
grid: 175301, block: 128, shared_memory (KB): 65.600
Time (ms): 267.46
===================================
grid: 175298, block: 128, shared_memory (KB): 65.600
Time (ms): 234.12
===================================
Graph File: dataset/ogbn-products.mtx
Complete loading graphs !!
Overall Graph, num_nodes: 2449029, part_size, 4000, num_parts, 2400684
grid: 101099, block: 128, shared_memory (KB): 65.600
Time (ms): 260.06
===================================
grid: 99787, block: 128, shared_memory (KB): 65.600
Time (ms): 159.46
===================================
grid: 99838, block: 128, shared_memory (KB): 65.600
Time (ms): 170.12
===================================
grid: 99785, block: 128, shared_memory (KB): 65.600
Time (ms): 168.25
===================================
grid: 99838, block: 128, shared_memory (KB): 65.600
Time (ms): 192.21
===================================
grid: 99826, block: 128, shared_memory (KB): 65.600
Time (ms): 167.28
===================================
Graph File: dataset/ogbn-proteins.mtx
Complete loading graphs !!
Overall Graph, num_nodes: 132534, part_size, 4000, num_parts, 132713
grid: 5528, block: 128, shared_memory (KB): 64.128
Time (ms): 9.99
===================================
grid: 5526, block: 128, shared_memory (KB): 64.128
Time (ms): 7.99
===================================
grid: 5531, block: 128, shared_memory (KB): 64.128
Time (ms): 8.97
===================================
grid: 5530, block: 128, shared_memory (KB): 64.128
Time (ms): 11.33
===================================
grid: 5533, block: 128, shared_memory (KB): 64.128
Time (ms): 12.37
===================================
grid: 5533, block: 128, shared_memory (KB): 64.128
Time (ms): 11.99
===================================
Graph File: dataset/com-Orkut.mtx
Complete loading graphs !!
Overall Graph, num_nodes: 3072441, part_size, 4000, num_parts, 2988847
grid: 126326, block: 128, shared_memory (KB): 66.048
Time (ms): 140.87
===================================
grid: 124217, block: 128, shared_memory (KB): 66.048
Time (ms): 154.97
===================================
grid: 126916, block: 128, shared_memory (KB): 66.048
Time (ms): 162.68
===================================
grid: 125333, block: 128, shared_memory (KB): 66.048
Time (ms): 113.77
===================================
grid: 122583, block: 128, shared_memory (KB): 66.048
Time (ms): 100.41
===================================
grid: 121838, block: 128, shared_memory (KB): 66.048
Time (ms): 89.38
===================================
Graph File: dataset/web-Google.mtx
Complete loading graphs !!
Overall Graph, num_nodes: 916428, part_size, 4000, num_parts, 705925
grid: 29034, block: 128, shared_memory (KB): 66.048
Time (ms): 32.19
===================================
grid: 29111, block: 128, shared_memory (KB): 66.048
Time (ms): 44.01
===================================
grid: 29186, block: 128, shared_memory (KB): 66.048
Time (ms): 46.06
===================================
grid: 29315, block: 128, shared_memory (KB): 66.048
Time (ms): 46.54
===================================
grid: 29550, block: 128, shared_memory (KB): 66.048
Time (ms): 56.95
===================================
grid: 30288, block: 128, shared_memory (KB): 66.048
Time (ms): 44.65
===================================
Graph File: dataset/wiki-Talk.mtx
Complete loading graphs !!
Overall Graph, num_nodes: 2394385, part_size, 4000, num_parts, 1100131
grid: 55667, block: 128, shared_memory (KB): 66.048
Time (ms): 84.03
===================================
grid: 46196, block: 128, shared_memory (KB): 66.048
Time (ms): 2.57
===================================
grid: 44498, block: 128, shared_memory (KB): 66.048
Time (ms): 2.33
===================================
grid: 43499, block: 128, shared_memory (KB): 66.048
Time (ms): 2.47
===================================
grid: 42489, block: 128, shared_memory (KB): 66.048
Time (ms): 2.43
===================================
grid: 42687, block: 128, shared_memory (KB): 66.048
Time (ms): 2.43
===================================
